[ 2019-09-28T12:10:25+08:00 ] 127.0.0.1 /Category/index/id/1.html
INFO: [ app_init ] --START--
INFO: Run Behavior\BuildLiteBehavior [ RunTime:0.000005s ]
INFO: [ app_init ] --END-- [ RunTime:0.000688s ]
INFO: [ app_begin ] --START--
INFO: Run Behavior\ReadHtmlCacheBehavior [ RunTime:0.005440s ]
INFO: [ app_begin ] --END-- [ RunTime:0.005469s ]
SQL: SELECT * FROM `jx_category`  [ RunTime:0.0005s ]
NOTIC: [2] Declaration of Admin\Model\GoodsModel::_before_insert(&$data) should be compatible with Think\Model::_before_insert(&$data, $options) D:\phpStudy\PHPTutorial\WWW\jxshop\Application\Admin\Model\GoodsModel.class.php 第 400 行.
NOTIC: [2] Declaration of Admin\Model\GoodsModel::_after_insert($data) should be compatible with Think\Model::_after_insert($data, $options) D:\phpStudy\PHPTutorial\WWW\jxshop\Application\Admin\Model\GoodsModel.class.php 第 400 行.
SQL: SELECT * FROM `jx_category`  [ RunTime:0.0003s ]
SQL: SELECT max(shop_price) as max_price,min(shop_price) as min_price,count(id) as goods_count,group_concat(id) as goods_ids FROM `jx_goods` WHERE ( is_sale = 1 and cate_id in(2,11,12,9,10,1) ) LIMIT 1   [ RunTime:0.0136s ]
SQL: SHOW COLUMNS FROM `jx_goods_attr` [ RunTime:0.0060s ]
SQL: SELECT distinct a.attr_id,a.attr_values,b.attr_name FROM jx_goods_attr a left join jx_attribute b on a.attr_id=b.id  WHERE ( a.goods_id in (1,2,3,4,5,6) )  [ RunTime:0.0007s ]
SQL: SELECT COUNT(*) AS tp_count FROM `jx_goods` WHERE ( is_sale = 1 and cate_id in(2,11,12,9,10,1) ) LIMIT 1   [ RunTime:0.0002s ]
SQL: SELECT * FROM `jx_goods` WHERE ( is_sale = 1 and cate_id in(2,11,12,9,10,1) ) ORDER BY sale_number desc LIMIT 0,8   [ RunTime:0.0004s ]
INFO: [ view_parse ] --START--
INFO: [ template_filter ] --START--
INFO: Run Behavior\ContentReplaceBehavior [ RunTime:0.000080s ]
INFO: [ template_filter ] --END-- [ RunTime:0.000100s ]
NOTIC: [8] Array to string conversion D:\phpStudy\PHPTutorial\WWW\jxshop\Application\Common\Common\function.php 第 31 行.
NOTIC: [8] Undefined index: price D:\phpStudy\PHPTutorial\WWW\jxshop\Application\Runtime\Cache\Home\d47f7e8b5d40353c26583cfdcb9e3b02.php 第 390 行.
NOTIC: [8] Undefined index: price D:\phpStudy\PHPTutorial\WWW\jxshop\Application\Runtime\Cache\Home\d47f7e8b5d40353c26583cfdcb9e3b02.php 第 390 行.
NOTIC: [8] Undefined index: price D:\phpStudy\PHPTutorial\WWW\jxshop\Application\Runtime\Cache\Home\d47f7e8b5d40353c26583cfdcb9e3b02.php 第 390 行.
NOTIC: [8] Undefined index: price D:\phpStudy\PHPTutorial\WWW\jxshop\Application\Runtime\Cache\Home\d47f7e8b5d40353c26583cfdcb9e3b02.php 第 390 行.
NOTIC: [8] Undefined variable: sort D:\phpStudy\PHPTutorial\WWW\jxshop\Application\Common\Common\function.php 第 31 行.
NOTIC: [8] Undefined variable: price D:\phpStudy\PHPTutorial\WWW\jxshop\Application\Common\Common\function.php 第 31 行.
NOTIC: [8] Undefined variable: sort D:\phpStudy\PHPTutorial\WWW\jxshop\Application\Common\Common\function.php 第 31 行.
NOTIC: [8] Undefined variable: price D:\phpStudy\PHPTutorial\WWW\jxshop\Application\Common\Common\function.php 第 31 行.
NOTIC: [8] Undefined variable: sort D:\phpStudy\PHPTutorial\WWW\jxshop\Application\Common\Common\function.php 第 31 行.
NOTIC: [8] Undefined variable: price D:\phpStudy\PHPTutorial\WWW\jxshop\Application\Common\Common\function.php 第 31 行.
NOTIC: [8] Undefined variable: sort D:\phpStudy\PHPTutorial\WWW\jxshop\Application\Common\Common\function.php 第 31 行.
NOTIC: [8] Undefined variable: price D:\phpStudy\PHPTutorial\WWW\jxshop\Application\Common\Common\function.php 第 31 行.
NOTIC: [8] Undefined variable: sort D:\phpStudy\PHPTutorial\WWW\jxshop\Application\Common\Common\function.php 第 31 行.
NOTIC: [8] Undefined variable: price D:\phpStudy\PHPTutorial\WWW\jxshop\Application\Common\Common\function.php 第 31 行.
NOTIC: [8] Undefined variable: sort D:\phpStudy\PHPTutorial\WWW\jxshop\Application\Common\Common\function.php 第 31 行.
NOTIC: [8] Undefined variable: price D:\phpStudy\PHPTutorial\WWW\jxshop\Application\Common\Common\function.php 第 31 行.
NOTIC: [8] Undefined variable: sort D:\phpStudy\PHPTutorial\WWW\jxshop\Application\Common\Common\function.php 第 31 行.
NOTIC: [8] Undefined variable: price D:\phpStudy\PHPTutorial\WWW\jxshop\Application\Common\Common\function.php 第 31 行.
NOTIC: [8] Undefined variable: sort D:\phpStudy\PHPTutorial\WWW\jxshop\Application\Common\Common\function.php 第 31 行.
NOTIC: [8] Undefined variable: price D:\phpStudy\PHPTutorial\WWW\jxshop\Application\Common\Common\function.php 第 31 行.
NOTIC: [8] Undefined index: sort D:\phpStudy\PHPTutorial\WWW\jxshop\Application\Runtime\Cache\Home\d47f7e8b5d40353c26583cfdcb9e3b02.php 第 407 行.
NOTIC: [2] Use of undefined constant sale_number - assumed 'sale_number' (this will throw an Error in a future version of PHP) D:\phpStudy\PHPTutorial\WWW\jxshop\Application\Runtime\Cache\Home\d47f7e8b5d40353c26583cfdcb9e3b02.php 第 407 行.
NOTIC: [8] Undefined index: sort D:\phpStudy\PHPTutorial\WWW\jxshop\Application\Runtime\Cache\Home\d47f7e8b5d40353c26583cfdcb9e3b02.php 第 407 行.
NOTIC: [8] Undefined index: sort D:\phpStudy\PHPTutorial\WWW\jxshop\Application\Runtime\Cache\Home\d47f7e8b5d40353c26583cfdcb9e3b02.php 第 408 行.
NOTIC: [8] Undefined index: sort D:\phpStudy\PHPTutorial\WWW\jxshop\Application\Runtime\Cache\Home\d47f7e8b5d40353c26583cfdcb9e3b02.php 第 409 行.
NOTIC: [8] Undefined index: sort D:\phpStudy\PHPTutorial\WWW\jxshop\Application\Runtime\Cache\Home\d47f7e8b5d40353c26583cfdcb9e3b02.php 第 410 行.
INFO: Run Behavior\ParseTemplateBehavior [ RunTime:0.144751s ]
INFO: [ view_parse ] --END-- [ RunTime:0.144769s ]
INFO: [ view_filter ] --START--
INFO: Run Behavior\WriteHtmlCacheBehavior [ RunTime:0.000427s ]
INFO: [ view_filter ] --END-- [ RunTime:0.000444s ]
INFO: [ app_end ] --START--
INFO: Run Behavior\ShowPageTraceBehavior [ RunTime:0.000789s ]
INFO: [ app_end ] --END-- [ RunTime:0.000827s ]

[ 2019-09-28T12:10:25+08:00 ] 127.0.0.1 /favicon.ico
INFO: [ app_init ] --START--
INFO: Run Behavior\BuildLiteBehavior [ RunTime:0.000005s ]
INFO: [ app_init ] --END-- [ RunTime:0.000225s ]

[ 2019-09-28T12:10:27+08:00 ] 127.0.0.1 /Category/index.html?id=1&sort=&price=&attr=
INFO: [ app_init ] --START--
INFO: Run Behavior\BuildLiteBehavior [ RunTime:0.000008s ]
INFO: [ app_init ] --END-- [ RunTime:0.000283s ]
INFO: [ app_begin ] --START--
INFO: Run Behavior\ReadHtmlCacheBehavior [ RunTime:0.000454s ]
INFO: [ app_begin ] --END-- [ RunTime:0.000476s ]
SQL: SELECT * FROM `jx_category`  [ RunTime:0.0003s ]
NOTIC: [2] Declaration of Admin\Model\GoodsModel::_before_insert(&$data) should be compatible with Think\Model::_before_insert(&$data, $options) D:\phpStudy\PHPTutorial\WWW\jxshop\Application\Admin\Model\GoodsModel.class.php 第 400 行.
NOTIC: [2] Declaration of Admin\Model\GoodsModel::_after_insert($data) should be compatible with Think\Model::_after_insert($data, $options) D:\phpStudy\PHPTutorial\WWW\jxshop\Application\Admin\Model\GoodsModel.class.php 第 400 行.
SQL: SELECT * FROM `jx_category`  [ RunTime:0.0002s ]
SQL: SELECT max(shop_price) as max_price,min(shop_price) as min_price,count(id) as goods_count,group_concat(id) as goods_ids FROM `jx_goods` WHERE ( is_sale = 1 and cate_id in(2,11,12,9,10,1) ) LIMIT 1   [ RunTime:0.0003s ]
SQL: SHOW COLUMNS FROM `jx_goods_attr` [ RunTime:0.0106s ]
SQL: SELECT distinct a.attr_id,a.attr_values,b.attr_name FROM jx_goods_attr a left join jx_attribute b on a.attr_id=b.id  WHERE ( a.goods_id in (1,2,3,4,5,6) )  [ RunTime:0.0005s ]
SQL: SELECT COUNT(*) AS tp_count FROM `jx_goods` WHERE ( is_sale = 1 and cate_id in(2,11,12,9,10,1) ) LIMIT 1   [ RunTime:0.0003s ]
SQL: SELECT * FROM `jx_goods` WHERE ( is_sale = 1 and cate_id in(2,11,12,9,10,1) ) ORDER BY sale_number desc LIMIT 0,8   [ RunTime:0.0004s ]
INFO: [ view_parse ] --START--
INFO: [ template_filter ] --START--
INFO: Run Behavior\ContentReplaceBehavior [ RunTime:0.000075s ]
INFO: [ template_filter ] --END-- [ RunTime:0.000092s ]
NOTIC: [8] Array to string conversion D:\phpStudy\PHPTutorial\WWW\jxshop\Application\Common\Common\function.php 第 31 行.
NOTIC: [8] Undefined variable: sort D:\phpStudy\PHPTutorial\WWW\jxshop\Application\Common\Common\function.php 第 31 行.
NOTIC: [8] Undefined variable: price D:\phpStudy\PHPTutorial\WWW\jxshop\Application\Common\Common\function.php 第 31 行.
NOTIC: [8] Undefined variable: sort D:\phpStudy\PHPTutorial\WWW\jxshop\Application\Common\Common\function.php 第 31 行.
NOTIC: [8] Undefined variable: price D:\phpStudy\PHPTutorial\WWW\jxshop\Application\Common\Common\function.php 第 31 行.
NOTIC: [8] Undefined variable: sort D:\phpStudy\PHPTutorial\WWW\jxshop\Application\Common\Common\function.php 第 31 行.
NOTIC: [8] Undefined variable: price D:\phpStudy\PHPTutorial\WWW\jxshop\Application\Common\Common\function.php 第 31 行.
NOTIC: [8] Undefined variable: sort D:\phpStudy\PHPTutorial\WWW\jxshop\Application\Common\Common\function.php 第 31 行.
NOTIC: [8] Undefined variable: price D:\phpStudy\PHPTutorial\WWW\jxshop\Application\Common\Common\function.php 第 31 行.
NOTIC: [8] Undefined variable: sort D:\phpStudy\PHPTutorial\WWW\jxshop\Application\Common\Common\function.php 第 31 行.
NOTIC: [8] Undefined variable: price D:\phpStudy\PHPTutorial\WWW\jxshop\Application\Common\Common\function.php 第 31 行.
NOTIC: [8] Undefined variable: sort D:\phpStudy\PHPTutorial\WWW\jxshop\Application\Common\Common\function.php 第 31 行.
NOTIC: [8] Undefined variable: price D:\phpStudy\PHPTutorial\WWW\jxshop\Application\Common\Common\function.php 第 31 行.
NOTIC: [8] Undefined variable: sort D:\phpStudy\PHPTutorial\WWW\jxshop\Application\Common\Common\function.php 第 31 行.
NOTIC: [8] Undefined variable: price D:\phpStudy\PHPTutorial\WWW\jxshop\Application\Common\Common\function.php 第 31 行.
NOTIC: [8] Undefined variable: sort D:\phpStudy\PHPTutorial\WWW\jxshop\Application\Common\Common\function.php 第 31 行.
NOTIC: [8] Undefined variable: price D:\phpStudy\PHPTutorial\WWW\jxshop\Application\Common\Common\function.php 第 31 行.
NOTIC: [2] Use of undefined constant sale_number - assumed 'sale_number' (this will throw an Error in a future version of PHP) D:\phpStudy\PHPTutorial\WWW\jxshop\Application\Runtime\Cache\Home\d47f7e8b5d40353c26583cfdcb9e3b02.php 第 407 行.
INFO: Run Behavior\ParseTemplateBehavior [ RunTime:0.007784s ]
INFO: [ view_parse ] --END-- [ RunTime:0.007802s ]
INFO: [ view_filter ] --START--
INFO: Run Behavior\WriteHtmlCacheBehavior [ RunTime:0.000176s ]
INFO: [ view_filter ] --END-- [ RunTime:0.000191s ]
INFO: [ app_end ] --START--
INFO: Run Behavior\ShowPageTraceBehavior [ RunTime:0.000613s ]
INFO: [ app_end ] --END-- [ RunTime:0.000633s ]

[ 2019-09-28T12:10:28+08:00 ] 127.0.0.1 /Category/index.html?id=1&sort=&price=100-720&attr=
INFO: [ app_init ] --START--
INFO: Run Behavior\BuildLiteBehavior [ RunTime:0.000005s ]
INFO: [ app_init ] --END-- [ RunTime:0.000201s ]
INFO: [ app_begin ] --START--
INFO: Run Behavior\ReadHtmlCacheBehavior [ RunTime:0.000270s ]
INFO: [ app_begin ] --END-- [ RunTime:0.000288s ]
SQL: SELECT * FROM `jx_category`  [ RunTime:0.0002s ]
NOTIC: [2] Declaration of Admin\Model\GoodsModel::_before_insert(&$data) should be compatible with Think\Model::_before_insert(&$data, $options) D:\phpStudy\PHPTutorial\WWW\jxshop\Application\Admin\Model\GoodsModel.class.php 第 400 行.
NOTIC: [2] Declaration of Admin\Model\GoodsModel::_after_insert($data) should be compatible with Think\Model::_after_insert($data, $options) D:\phpStudy\PHPTutorial\WWW\jxshop\Application\Admin\Model\GoodsModel.class.php 第 400 行.
SQL: SELECT * FROM `jx_category`  [ RunTime:0.0002s ]
SQL: SELECT max(shop_price) as max_price,min(shop_price) as min_price,count(id) as goods_count,group_concat(id) as goods_ids FROM `jx_goods` WHERE ( is_sale = 1 and cate_id in(2,11,12,9,10,1) ) LIMIT 1   [ RunTime:0.0003s ]
SQL: SHOW COLUMNS FROM `jx_goods_attr` [ RunTime:0.0106s ]
SQL: SELECT distinct a.attr_id,a.attr_values,b.attr_name FROM jx_goods_attr a left join jx_attribute b on a.attr_id=b.id  WHERE ( a.goods_id in (1,2,3,4,5,6) )  [ RunTime:0.0005s ]
SQL: SELECT COUNT(*) AS tp_count FROM `jx_goods` WHERE ( is_sale = 1 and cate_id in(2,11,12,9,10,1) and shop_price>100 and shop_price<720 ) LIMIT 1   [ RunTime:0.0003s ]
SQL: SELECT * FROM `jx_goods` WHERE ( is_sale = 1 and cate_id in(2,11,12,9,10,1) and shop_price>100 and shop_price<720 ) ORDER BY sale_number desc LIMIT 0,8   [ RunTime:0.0004s ]
INFO: [ view_parse ] --START--
INFO: [ template_filter ] --START--
INFO: Run Behavior\ContentReplaceBehavior [ RunTime:0.000077s ]
INFO: [ template_filter ] --END-- [ RunTime:0.000097s ]
NOTIC: [8] Array to string conversion D:\phpStudy\PHPTutorial\WWW\jxshop\Application\Common\Common\function.php 第 31 行.
NOTIC: [8] Undefined variable: sort D:\phpStudy\PHPTutorial\WWW\jxshop\Application\Common\Common\function.php 第 31 行.
NOTIC: [8] Undefined variable: price D:\phpStudy\PHPTutorial\WWW\jxshop\Application\Common\Common\function.php 第 31 行.
NOTIC: [8] Undefined variable: sort D:\phpStudy\PHPTutorial\WWW\jxshop\Application\Common\Common\function.php 第 31 行.
NOTIC: [8] Undefined variable: price D:\phpStudy\PHPTutorial\WWW\jxshop\Application\Common\Common\function.php 第 31 行.
NOTIC: [8] Undefined variable: sort D:\phpStudy\PHPTutorial\WWW\jxshop\Application\Common\Common\function.php 第 31 行.
NOTIC: [8] Undefined variable: price D:\phpStudy\PHPTutorial\WWW\jxshop\Application\Common\Common\function.php 第 31 行.
NOTIC: [8] Undefined variable: sort D:\phpStudy\PHPTutorial\WWW\jxshop\Application\Common\Common\function.php 第 31 行.
NOTIC: [8] Undefined variable: price D:\phpStudy\PHPTutorial\WWW\jxshop\Application\Common\Common\function.php 第 31 行.
NOTIC: [8] Undefined variable: sort D:\phpStudy\PHPTutorial\WWW\jxshop\Application\Common\Common\function.php 第 31 行.
NOTIC: [8] Undefined variable: price D:\phpStudy\PHPTutorial\WWW\jxshop\Application\Common\Common\function.php 第 31 行.
NOTIC: [8] Undefined variable: sort D:\phpStudy\PHPTutorial\WWW\jxshop\Application\Common\Common\function.php 第 31 行.
NOTIC: [8] Undefined variable: price D:\phpStudy\PHPTutorial\WWW\jxshop\Application\Common\Common\function.php 第 31 行.
NOTIC: [8] Undefined variable: sort D:\phpStudy\PHPTutorial\WWW\jxshop\Application\Common\Common\function.php 第 31 行.
NOTIC: [8] Undefined variable: price D:\phpStudy\PHPTutorial\WWW\jxshop\Application\Common\Common\function.php 第 31 行.
NOTIC: [8] Undefined variable: sort D:\phpStudy\PHPTutorial\WWW\jxshop\Application\Common\Common\function.php 第 31 行.
NOTIC: [8] Undefined variable: price D:\phpStudy\PHPTutorial\WWW\jxshop\Application\Common\Common\function.php 第 31 行.
NOTIC: [2] Use of undefined constant sale_number - assumed 'sale_number' (this will throw an Error in a future version of PHP) D:\phpStudy\PHPTutorial\WWW\jxshop\Application\Runtime\Cache\Home\d47f7e8b5d40353c26583cfdcb9e3b02.php 第 407 行.
INFO: Run Behavior\ParseTemplateBehavior [ RunTime:0.007558s ]
INFO: [ view_parse ] --END-- [ RunTime:0.007574s ]
INFO: [ view_filter ] --START--
INFO: Run Behavior\WriteHtmlCacheBehavior [ RunTime:0.000176s ]
INFO: [ view_filter ] --END-- [ RunTime:0.000191s ]
INFO: [ app_end ] --START--
INFO: Run Behavior\ShowPageTraceBehavior [ RunTime:0.000359s ]
INFO: [ app_end ] --END-- [ RunTime:0.000379s ]

[ 2019-09-28T12:10:29+08:00 ] 127.0.0.1 /Category/index.html?id=1&sort=&price=&attr=
INFO: [ app_init ] --START--
INFO: Run Behavior\BuildLiteBehavior [ RunTime:0.000005s ]
INFO: [ app_init ] --END-- [ RunTime:0.000212s ]
INFO: [ app_begin ] --START--
INFO: Run Behavior\ReadHtmlCacheBehavior [ RunTime:0.000278s ]
INFO: [ app_begin ] --END-- [ RunTime:0.000295s ]
SQL: SELECT * FROM `jx_category`  [ RunTime:0.0002s ]
NOTIC: [2] Declaration of Admin\Model\GoodsModel::_before_insert(&$data) should be compatible with Think\Model::_before_insert(&$data, $options) D:\phpStudy\PHPTutorial\WWW\jxshop\Application\Admin\Model\GoodsModel.class.php 第 400 行.
NOTIC: [2] Declaration of Admin\Model\GoodsModel::_after_insert($data) should be compatible with Think\Model::_after_insert($data, $options) D:\phpStudy\PHPTutorial\WWW\jxshop\Application\Admin\Model\GoodsModel.class.php 第 400 行.
SQL: SELECT * FROM `jx_category`  [ RunTime:0.0004s ]
SQL: SELECT max(shop_price) as max_price,min(shop_price) as min_price,count(id) as goods_count,group_concat(id) as goods_ids FROM `jx_goods` WHERE ( is_sale = 1 and cate_id in(2,11,12,9,10,1) ) LIMIT 1   [ RunTime:0.0007s ]
SQL: SHOW COLUMNS FROM `jx_goods_attr` [ RunTime:0.0052s ]
SQL: SELECT distinct a.attr_id,a.attr_values,b.attr_name FROM jx_goods_attr a left join jx_attribute b on a.attr_id=b.id  WHERE ( a.goods_id in (1,2,3,4,5,6) )  [ RunTime:0.0005s ]
SQL: SELECT COUNT(*) AS tp_count FROM `jx_goods` WHERE ( is_sale = 1 and cate_id in(2,11,12,9,10,1) ) LIMIT 1   [ RunTime:0.0002s ]
SQL: SELECT * FROM `jx_goods` WHERE ( is_sale = 1 and cate_id in(2,11,12,9,10,1) ) ORDER BY sale_number desc LIMIT 0,8   [ RunTime:0.0004s ]
INFO: [ view_parse ] --START--
INFO: [ template_filter ] --START--
INFO: Run Behavior\ContentReplaceBehavior [ RunTime:0.000077s ]
INFO: [ template_filter ] --END-- [ RunTime:0.000122s ]
NOTIC: [8] Array to string conversion D:\phpStudy\PHPTutorial\WWW\jxshop\Application\Common\Common\function.php 第 31 行.
NOTIC: [8] Undefined variable: sort D:\phpStudy\PHPTutorial\WWW\jxshop\Application\Common\Common\function.php 第 31 行.
NOTIC: [8] Undefined variable: price D:\phpStudy\PHPTutorial\WWW\jxshop\Application\Common\Common\function.php 第 31 行.
NOTIC: [8] Undefined variable: sort D:\phpStudy\PHPTutorial\WWW\jxshop\Application\Common\Common\function.php 第 31 行.
NOTIC: [8] Undefined variable: price D:\phpStudy\PHPTutorial\WWW\jxshop\Application\Common\Common\function.php 第 31 行.
NOTIC: [8] Undefined variable: sort D:\phpStudy\PHPTutorial\WWW\jxshop\Application\Common\Common\function.php 第 31 行.
NOTIC: [8] Undefined variable: price D:\phpStudy\PHPTutorial\WWW\jxshop\Application\Common\Common\function.php 第 31 行.
NOTIC: [8] Undefined variable: sort D:\phpStudy\PHPTutorial\WWW\jxshop\Application\Common\Common\function.php 第 31 行.
NOTIC: [8] Undefined variable: price D:\phpStudy\PHPTutorial\WWW\jxshop\Application\Common\Common\function.php 第 31 行.
NOTIC: [8] Undefined variable: sort D:\phpStudy\PHPTutorial\WWW\jxshop\Application\Common\Common\function.php 第 31 行.
NOTIC: [8] Undefined variable: price D:\phpStudy\PHPTutorial\WWW\jxshop\Application\Common\Common\function.php 第 31 行.
NOTIC: [8] Undefined variable: sort D:\phpStudy\PHPTutorial\WWW\jxshop\Application\Common\Common\function.php 第 31 行.
NOTIC: [8] Undefined variable: price D:\phpStudy\PHPTutorial\WWW\jxshop\Application\Common\Common\function.php 第 31 行.
NOTIC: [8] Undefined variable: sort D:\phpStudy\PHPTutorial\WWW\jxshop\Application\Common\Common\function.php 第 31 行.
NOTIC: [8] Undefined variable: price D:\phpStudy\PHPTutorial\WWW\jxshop\Application\Common\Common\function.php 第 31 行.
NOTIC: [8] Undefined variable: sort D:\phpStudy\PHPTutorial\WWW\jxshop\Application\Common\Common\function.php 第 31 行.
NOTIC: [8] Undefined variable: price D:\phpStudy\PHPTutorial\WWW\jxshop\Application\Common\Common\function.php 第 31 行.
NOTIC: [2] Use of undefined constant sale_number - assumed 'sale_number' (this will throw an Error in a future version of PHP) D:\phpStudy\PHPTutorial\WWW\jxshop\Application\Runtime\Cache\Home\d47f7e8b5d40353c26583cfdcb9e3b02.php 第 407 行.
INFO: Run Behavior\ParseTemplateBehavior [ RunTime:0.007849s ]
INFO: [ view_parse ] --END-- [ RunTime:0.007868s ]
INFO: [ view_filter ] --START--
INFO: Run Behavior\WriteHtmlCacheBehavior [ RunTime:0.000309s ]
INFO: [ view_filter ] --END-- [ RunTime:0.000330s ]
INFO: [ app_end ] --START--
INFO: Run Behavior\ShowPageTraceBehavior [ RunTime:0.000586s ]
INFO: [ app_end ] --END-- [ RunTime:0.000652s ]

[ 2019-09-28T12:10:54+08:00 ] 127.0.0.1 /Category/index.html?id=1&sort=&price=&attr=
INFO: [ app_init ] --START--
INFO: Run Behavior\BuildLiteBehavior [ RunTime:0.000005s ]
INFO: [ app_init ] --END-- [ RunTime:0.000266s ]
INFO: [ app_begin ] --START--
INFO: Run Behavior\ReadHtmlCacheBehavior [ RunTime:0.000308s ]
INFO: [ app_begin ] --END-- [ RunTime:0.000326s ]
SQL: SELECT * FROM `jx_category`  [ RunTime:0.0002s ]
NOTIC: [2] Declaration of Admin\Model\GoodsModel::_before_insert(&$data) should be compatible with Think\Model::_before_insert(&$data, $options) D:\phpStudy\PHPTutorial\WWW\jxshop\Application\Admin\Model\GoodsModel.class.php 第 400 行.
NOTIC: [2] Declaration of Admin\Model\GoodsModel::_after_insert($data) should be compatible with Think\Model::_after_insert($data, $options) D:\phpStudy\PHPTutorial\WWW\jxshop\Application\Admin\Model\GoodsModel.class.php 第 400 行.
SQL: SELECT * FROM `jx_category`  [ RunTime:0.0002s ]
SQL: SELECT max(shop_price) as max_price,min(shop_price) as min_price,count(id) as goods_count,group_concat(id) as goods_ids FROM `jx_goods` WHERE ( is_sale = 1 and cate_id in(2,11,12,9,10,1) ) LIMIT 1   [ RunTime:0.0003s ]
SQL: SHOW COLUMNS FROM `jx_goods_attr` [ RunTime:0.0102s ]
SQL: SELECT distinct a.attr_id,a.attr_values,b.attr_name FROM jx_goods_attr a left join jx_attribute b on a.attr_id=b.id  WHERE ( a.goods_id in (1,2,3,4,5,6) )  [ RunTime:0.0007s ]
SQL: SELECT COUNT(*) AS tp_count FROM `jx_goods` WHERE ( is_sale = 1 and cate_id in(2,11,12,9,10,1) ) LIMIT 1   [ RunTime:0.0003s ]
SQL: SELECT * FROM `jx_goods` WHERE ( is_sale = 1 and cate_id in(2,11,12,9,10,1) ) ORDER BY sale_number desc LIMIT 0,8   [ RunTime:0.0006s ]
INFO: [ view_parse ] --START--
INFO: [ template_filter ] --START--
INFO: Run Behavior\ContentReplaceBehavior [ RunTime:0.000108s ]
INFO: [ template_filter ] --END-- [ RunTime:0.000140s ]
NOTIC: [8] Undefined variable: sort D:\phpStudy\PHPTutorial\WWW\jxshop\Application\Common\Common\function.php 第 31 行.
NOTIC: [8] Undefined variable: price D:\phpStudy\PHPTutorial\WWW\jxshop\Application\Common\Common\function.php 第 31 行.
NOTIC: [8] Undefined variable: sort D:\phpStudy\PHPTutorial\WWW\jxshop\Application\Common\Common\function.php 第 31 行.
NOTIC: [8] Undefined variable: price D:\phpStudy\PHPTutorial\WWW\jxshop\Application\Common\Common\function.php 第 31 行.
NOTIC: [8] Undefined variable: sort D:\phpStudy\PHPTutorial\WWW\jxshop\Application\Common\Common\function.php 第 31 行.
NOTIC: [8] Undefined variable: price D:\phpStudy\PHPTutorial\WWW\jxshop\Application\Common\Common\function.php 第 31 行.
NOTIC: [8] Undefined variable: sort D:\phpStudy\PHPTutorial\WWW\jxshop\Application\Common\Common\function.php 第 31 行.
NOTIC: [8] Undefined variable: price D:\phpStudy\PHPTutorial\WWW\jxshop\Application\Common\Common\function.php 第 31 行.
NOTIC: [8] Undefined variable: sort D:\phpStudy\PHPTutorial\WWW\jxshop\Application\Common\Common\function.php 第 31 行.
NOTIC: [8] Undefined variable: price D:\phpStudy\PHPTutorial\WWW\jxshop\Application\Common\Common\function.php 第 31 行.
NOTIC: [8] Undefined variable: sort D:\phpStudy\PHPTutorial\WWW\jxshop\Application\Common\Common\function.php 第 31 行.
NOTIC: [8] Undefined variable: price D:\phpStudy\PHPTutorial\WWW\jxshop\Application\Common\Common\function.php 第 31 行.
NOTIC: [8] Undefined variable: sort D:\phpStudy\PHPTutorial\WWW\jxshop\Application\Common\Common\function.php 第 31 行.
NOTIC: [8] Undefined variable: price D:\phpStudy\PHPTutorial\WWW\jxshop\Application\Common\Common\function.php 第 31 行.
NOTIC: [8] Undefined variable: sort D:\phpStudy\PHPTutorial\WWW\jxshop\Application\Common\Common\function.php 第 31 行.
NOTIC: [8] Undefined variable: price D:\phpStudy\PHPTutorial\WWW\jxshop\Application\Common\Common\function.php 第 31 行.
NOTIC: [2] Use of undefined constant sale_number - assumed 'sale_number' (this will throw an Error in a future version of PHP) D:\phpStudy\PHPTutorial\WWW\jxshop\Application\Runtime\Cache\Home\d47f7e8b5d40353c26583cfdcb9e3b02.php 第 407 行.
INFO: Run Behavior\ParseTemplateBehavior [ RunTime:0.010558s ]
INFO: [ view_parse ] --END-- [ RunTime:0.010583s ]
INFO: [ view_filter ] --START--
INFO: Run Behavior\WriteHtmlCacheBehavior [ RunTime:0.000285s ]
INFO: [ view_filter ] --END-- [ RunTime:0.000311s ]
INFO: [ app_end ] --START--
INFO: Run Behavior\ShowPageTraceBehavior [ RunTime:0.000587s ]
INFO: [ app_end ] --END-- [ RunTime:0.000623s ]

[ 2019-09-28T12:10:54+08:00 ] 127.0.0.1 /Category/index.html?id=1&sort=&price=&attr=
INFO: [ app_init ] --START--
INFO: Run Behavior\BuildLiteBehavior [ RunTime:0.000006s ]
INFO: [ app_init ] --END-- [ RunTime:0.000266s ]
INFO: [ app_begin ] --START--
INFO: Run Behavior\ReadHtmlCacheBehavior [ RunTime:0.000478s ]
INFO: [ app_begin ] --END-- [ RunTime:0.000513s ]
SQL: SELECT * FROM `jx_category`  [ RunTime:0.0005s ]
NOTIC: [2] Declaration of Admin\Model\GoodsModel::_before_insert(&$data) should be compatible with Think\Model::_before_insert(&$data, $options) D:\phpStudy\PHPTutorial\WWW\jxshop\Application\Admin\Model\GoodsModel.class.php 第 400 行.
NOTIC: [2] Declaration of Admin\Model\GoodsModel::_after_insert($data) should be compatible with Think\Model::_after_insert($data, $options) D:\phpStudy\PHPTutorial\WWW\jxshop\Application\Admin\Model\GoodsModel.class.php 第 400 行.
SQL: SELECT * FROM `jx_category`  [ RunTime:0.0002s ]
SQL: SELECT max(shop_price) as max_price,min(shop_price) as min_price,count(id) as goods_count,group_concat(id) as goods_ids FROM `jx_goods` WHERE ( is_sale = 1 and cate_id in(2,11,12,9,10,1) ) LIMIT 1   [ RunTime:0.0004s ]
SQL: SHOW COLUMNS FROM `jx_goods_attr` [ RunTime:0.0046s ]
SQL: SELECT distinct a.attr_id,a.attr_values,b.attr_name FROM jx_goods_attr a left join jx_attribute b on a.attr_id=b.id  WHERE ( a.goods_id in (1,2,3,4,5,6) )  [ RunTime:0.0004s ]
SQL: SELECT COUNT(*) AS tp_count FROM `jx_goods` WHERE ( is_sale = 1 and cate_id in(2,11,12,9,10,1) ) LIMIT 1   [ RunTime:0.0002s ]
SQL: SELECT * FROM `jx_goods` WHERE ( is_sale = 1 and cate_id in(2,11,12,9,10,1) ) ORDER BY sale_number desc LIMIT 0,8   [ RunTime:0.0003s ]
INFO: [ view_parse ] --START--
INFO: [ template_filter ] --START--
INFO: Run Behavior\ContentReplaceBehavior [ RunTime:0.000079s ]
INFO: [ template_filter ] --END-- [ RunTime:0.000101s ]
NOTIC: [8] Undefined variable: sort D:\phpStudy\PHPTutorial\WWW\jxshop\Application\Common\Common\function.php 第 31 行.
NOTIC: [8] Undefined variable: price D:\phpStudy\PHPTutorial\WWW\jxshop\Application\Common\Common\function.php 第 31 行.
NOTIC: [8] Undefined variable: sort D:\phpStudy\PHPTutorial\WWW\jxshop\Application\Common\Common\function.php 第 31 行.
NOTIC: [8] Undefined variable: price D:\phpStudy\PHPTutorial\WWW\jxshop\Application\Common\Common\function.php 第 31 行.
NOTIC: [8] Undefined variable: sort D:\phpStudy\PHPTutorial\WWW\jxshop\Application\Common\Common\function.php 第 31 行.
NOTIC: [8] Undefined variable: price D:\phpStudy\PHPTutorial\WWW\jxshop\Application\Common\Common\function.php 第 31 行.
NOTIC: [8] Undefined variable: sort D:\phpStudy\PHPTutorial\WWW\jxshop\Application\Common\Common\function.php 第 31 行.
NOTIC: [8] Undefined variable: price D:\phpStudy\PHPTutorial\WWW\jxshop\Application\Common\Common\function.php 第 31 行.
NOTIC: [8] Undefined variable: sort D:\phpStudy\PHPTutorial\WWW\jxshop\Application\Common\Common\function.php 第 31 行.
NOTIC: [8] Undefined variable: price D:\phpStudy\PHPTutorial\WWW\jxshop\Application\Common\Common\function.php 第 31 行.
NOTIC: [8] Undefined variable: sort D:\phpStudy\PHPTutorial\WWW\jxshop\Application\Common\Common\function.php 第 31 行.
NOTIC: [8] Undefined variable: price D:\phpStudy\PHPTutorial\WWW\jxshop\Application\Common\Common\function.php 第 31 行.
NOTIC: [8] Undefined variable: sort D:\phpStudy\PHPTutorial\WWW\jxshop\Application\Common\Common\function.php 第 31 行.
NOTIC: [8] Undefined variable: price D:\phpStudy\PHPTutorial\WWW\jxshop\Application\Common\Common\function.php 第 31 行.
NOTIC: [8] Undefined variable: sort D:\phpStudy\PHPTutorial\WWW\jxshop\Application\Common\Common\function.php 第 31 行.
NOTIC: [8] Undefined variable: price D:\phpStudy\PHPTutorial\WWW\jxshop\Application\Common\Common\function.php 第 31 行.
NOTIC: [2] Use of undefined constant sale_number - assumed 'sale_number' (this will throw an Error in a future version of PHP) D:\phpStudy\PHPTutorial\WWW\jxshop\Application\Runtime\Cache\Home\d47f7e8b5d40353c26583cfdcb9e3b02.php 第 407 行.
INFO: Run Behavior\ParseTemplateBehavior [ RunTime:0.009879s ]
INFO: [ view_parse ] --END-- [ RunTime:0.009899s ]
INFO: [ view_filter ] --START--
INFO: Run Behavior\WriteHtmlCacheBehavior [ RunTime:0.000242s ]
INFO: [ view_filter ] --END-- [ RunTime:0.000268s ]
INFO: [ app_end ] --START--
INFO: Run Behavior\ShowPageTraceBehavior [ RunTime:0.000649s ]
INFO: [ app_end ] --END-- [ RunTime:0.000681s ]

[ 2019-09-28T12:10:54+08:00 ] 127.0.0.1 /Category/index.html?id=1&sort=&price=&attr=
INFO: [ app_init ] --START--
INFO: Run Behavior\BuildLiteBehavior [ RunTime:0.000008s ]
INFO: [ app_init ] --END-- [ RunTime:0.000421s ]
INFO: [ app_begin ] --START--
INFO: Run Behavior\ReadHtmlCacheBehavior [ RunTime:0.000511s ]
INFO: [ app_begin ] --END-- [ RunTime:0.000574s ]
SQL: SELECT * FROM `jx_category`  [ RunTime:0.0002s ]
NOTIC: [2] Declaration of Admin\Model\GoodsModel::_before_insert(&$data) should be compatible with Think\Model::_before_insert(&$data, $options) D:\phpStudy\PHPTutorial\WWW\jxshop\Application\Admin\Model\GoodsModel.class.php 第 400 行.
NOTIC: [2] Declaration of Admin\Model\GoodsModel::_after_insert($data) should be compatible with Think\Model::_after_insert($data, $options) D:\phpStudy\PHPTutorial\WWW\jxshop\Application\Admin\Model\GoodsModel.class.php 第 400 行.
SQL: SELECT * FROM `jx_category`  [ RunTime:0.0002s ]
SQL: SELECT max(shop_price) as max_price,min(shop_price) as min_price,count(id) as goods_count,group_concat(id) as goods_ids FROM `jx_goods` WHERE ( is_sale = 1 and cate_id in(2,11,12,9,10,1) ) LIMIT 1   [ RunTime:0.0003s ]
SQL: SHOW COLUMNS FROM `jx_goods_attr` [ RunTime:0.0056s ]
SQL: SELECT distinct a.attr_id,a.attr_values,b.attr_name FROM jx_goods_attr a left join jx_attribute b on a.attr_id=b.id  WHERE ( a.goods_id in (1,2,3,4,5,6) )  [ RunTime:0.0005s ]
SQL: SELECT COUNT(*) AS tp_count FROM `jx_goods` WHERE ( is_sale = 1 and cate_id in(2,11,12,9,10,1) ) LIMIT 1   [ RunTime:0.0002s ]
SQL: SELECT * FROM `jx_goods` WHERE ( is_sale = 1 and cate_id in(2,11,12,9,10,1) ) ORDER BY sale_number desc LIMIT 0,8   [ RunTime:0.0004s ]
INFO: [ view_parse ] --START--
INFO: [ template_filter ] --START--
INFO: Run Behavior\ContentReplaceBehavior [ RunTime:0.000077s ]
INFO: [ template_filter ] --END-- [ RunTime:0.000107s ]
NOTIC: [8] Undefined variable: sort D:\phpStudy\PHPTutorial\WWW\jxshop\Application\Common\Common\function.php 第 31 行.
NOTIC: [8] Undefined variable: price D:\phpStudy\PHPTutorial\WWW\jxshop\Application\Common\Common\function.php 第 31 行.
NOTIC: [8] Undefined variable: sort D:\phpStudy\PHPTutorial\WWW\jxshop\Application\Common\Common\function.php 第 31 行.
NOTIC: [8] Undefined variable: price D:\phpStudy\PHPTutorial\WWW\jxshop\Application\Common\Common\function.php 第 31 行.
NOTIC: [8] Undefined variable: sort D:\phpStudy\PHPTutorial\WWW\jxshop\Application\Common\Common\function.php 第 31 行.
NOTIC: [8] Undefined variable: price D:\phpStudy\PHPTutorial\WWW\jxshop\Application\Common\Common\function.php 第 31 行.
NOTIC: [8] Undefined variable: sort D:\phpStudy\PHPTutorial\WWW\jxshop\Application\Common\Common\function.php 第 31 行.
NOTIC: [8] Undefined variable: price D:\phpStudy\PHPTutorial\WWW\jxshop\Application\Common\Common\function.php 第 31 行.
NOTIC: [8] Undefined variable: sort D:\phpStudy\PHPTutorial\WWW\jxshop\Application\Common\Common\function.php 第 31 行.
NOTIC: [8] Undefined variable: price D:\phpStudy\PHPTutorial\WWW\jxshop\Application\Common\Common\function.php 第 31 行.
NOTIC: [8] Undefined variable: sort D:\phpStudy\PHPTutorial\WWW\jxshop\Application\Common\Common\function.php 第 31 行.
NOTIC: [8] Undefined variable: price D:\phpStudy\PHPTutorial\WWW\jxshop\Application\Common\Common\function.php 第 31 行.
NOTIC: [8] Undefined variable: sort D:\phpStudy\PHPTutorial\WWW\jxshop\Application\Common\Common\function.php 第 31 行.
NOTIC: [8] Undefined variable: price D:\phpStudy\PHPTutorial\WWW\jxshop\Application\Common\Common\function.php 第 31 行.
NOTIC: [8] Undefined variable: sort D:\phpStudy\PHPTutorial\WWW\jxshop\Application\Common\Common\function.php 第 31 行.
NOTIC: [8] Undefined variable: price D:\phpStudy\PHPTutorial\WWW\jxshop\Application\Common\Common\function.php 第 31 行.
NOTIC: [2] Use of undefined constant sale_number - assumed 'sale_number' (this will throw an Error in a future version of PHP) D:\phpStudy\PHPTutorial\WWW\jxshop\Application\Runtime\Cache\Home\d47f7e8b5d40353c26583cfdcb9e3b02.php 第 407 行.
INFO: Run Behavior\ParseTemplateBehavior [ RunTime:0.008851s ]
INFO: [ view_parse ] --END-- [ RunTime:0.008887s ]
INFO: [ view_filter ] --START--
INFO: Run Behavior\WriteHtmlCacheBehavior [ RunTime:0.000251s ]
INFO: [ view_filter ] --END-- [ RunTime:0.000266s ]
INFO: [ app_end ] --START--
INFO: Run Behavior\ShowPageTraceBehavior [ RunTime:0.000427s ]
INFO: [ app_end ] --END-- [ RunTime:0.000452s ]

[ 2019-09-28T12:10:55+08:00 ] 127.0.0.1 /Category/index.html?id=1&sort=&price=&attr=
INFO: [ app_init ] --START--
INFO: Run Behavior\BuildLiteBehavior [ RunTime:0.000006s ]
INFO: [ app_init ] --END-- [ RunTime:0.000216s ]
INFO: [ app_begin ] --START--
INFO: Run Behavior\ReadHtmlCacheBehavior [ RunTime:0.000287s ]
INFO: [ app_begin ] --END-- [ RunTime:0.000329s ]
SQL: SELECT * FROM `jx_category`  [ RunTime:0.0002s ]
NOTIC: [2] Declaration of Admin\Model\GoodsModel::_before_insert(&$data) should be compatible with Think\Model::_before_insert(&$data, $options) D:\phpStudy\PHPTutorial\WWW\jxshop\Application\Admin\Model\GoodsModel.class.php 第 400 行.
NOTIC: [2] Declaration of Admin\Model\GoodsModel::_after_insert($data) should be compatible with Think\Model::_after_insert($data, $options) D:\phpStudy\PHPTutorial\WWW\jxshop\Application\Admin\Model\GoodsModel.class.php 第 400 行.
SQL: SELECT * FROM `jx_category`  [ RunTime:0.0002s ]
SQL: SELECT max(shop_price) as max_price,min(shop_price) as min_price,count(id) as goods_count,group_concat(id) as goods_ids FROM `jx_goods` WHERE ( is_sale = 1 and cate_id in(2,11,12,9,10,1) ) LIMIT 1   [ RunTime:0.0003s ]
SQL: SHOW COLUMNS FROM `jx_goods_attr` [ RunTime:0.0040s ]
SQL: SELECT distinct a.attr_id,a.attr_values,b.attr_name FROM jx_goods_attr a left join jx_attribute b on a.attr_id=b.id  WHERE ( a.goods_id in (1,2,3,4,5,6) )  [ RunTime:0.0004s ]
SQL: SELECT COUNT(*) AS tp_count FROM `jx_goods` WHERE ( is_sale = 1 and cate_id in(2,11,12,9,10,1) ) LIMIT 1   [ RunTime:0.0002s ]
SQL: SELECT * FROM `jx_goods` WHERE ( is_sale = 1 and cate_id in(2,11,12,9,10,1) ) ORDER BY sale_number desc LIMIT 0,8   [ RunTime:0.0004s ]
INFO: [ view_parse ] --START--
INFO: [ template_filter ] --START--
INFO: Run Behavior\ContentReplaceBehavior [ RunTime:0.000079s ]
INFO: [ template_filter ] --END-- [ RunTime:0.000102s ]
NOTIC: [8] Undefined variable: sort D:\phpStudy\PHPTutorial\WWW\jxshop\Application\Common\Common\function.php 第 31 行.
NOTIC: [8] Undefined variable: price D:\phpStudy\PHPTutorial\WWW\jxshop\Application\Common\Common\function.php 第 31 行.
NOTIC: [8] Undefined variable: sort D:\phpStudy\PHPTutorial\WWW\jxshop\Application\Common\Common\function.php 第 31 行.
NOTIC: [8] Undefined variable: price D:\phpStudy\PHPTutorial\WWW\jxshop\Application\Common\Common\function.php 第 31 行.
NOTIC: [8] Undefined variable: sort D:\phpStudy\PHPTutorial\WWW\jxshop\Application\Common\Common\function.php 第 31 行.
NOTIC: [8] Undefined variable: price D:\phpStudy\PHPTutorial\WWW\jxshop\Application\Common\Common\function.php 第 31 行.
NOTIC: [8] Undefined variable: sort D:\phpStudy\PHPTutorial\WWW\jxshop\Application\Common\Common\function.php 第 31 行.
NOTIC: [8] Undefined variable: price D:\phpStudy\PHPTutorial\WWW\jxshop\Application\Common\Common\function.php 第 31 行.
NOTIC: [8] Undefined variable: sort D:\phpStudy\PHPTutorial\WWW\jxshop\Application\Common\Common\function.php 第 31 行.
NOTIC: [8] Undefined variable: price D:\phpStudy\PHPTutorial\WWW\jxshop\Application\Common\Common\function.php 第 31 行.
NOTIC: [8] Undefined variable: sort D:\phpStudy\PHPTutorial\WWW\jxshop\Application\Common\Common\function.php 第 31 行.
NOTIC: [8] Undefined variable: price D:\phpStudy\PHPTutorial\WWW\jxshop\Application\Common\Common\function.php 第 31 行.
NOTIC: [8] Undefined variable: sort D:\phpStudy\PHPTutorial\WWW\jxshop\Application\Common\Common\function.php 第 31 行.
NOTIC: [8] Undefined variable: price D:\phpStudy\PHPTutorial\WWW\jxshop\Application\Common\Common\function.php 第 31 行.
NOTIC: [8] Undefined variable: sort D:\phpStudy\PHPTutorial\WWW\jxshop\Application\Common\Common\function.php 第 31 行.
NOTIC: [8] Undefined variable: price D:\phpStudy\PHPTutorial\WWW\jxshop\Application\Common\Common\function.php 第 31 行.
NOTIC: [2] Use of undefined constant sale_number - assumed 'sale_number' (this will throw an Error in a future version of PHP) D:\phpStudy\PHPTutorial\WWW\jxshop\Application\Runtime\Cache\Home\d47f7e8b5d40353c26583cfdcb9e3b02.php 第 407 行.
INFO: Run Behavior\ParseTemplateBehavior [ RunTime:0.008120s ]
INFO: [ view_parse ] --END-- [ RunTime:0.008138s ]
INFO: [ view_filter ] --START--
INFO: Run Behavior\WriteHtmlCacheBehavior [ RunTime:0.000178s ]
INFO: [ view_filter ] --END-- [ RunTime:0.000191s ]
INFO: [ app_end ] --START--
INFO: Run Behavior\ShowPageTraceBehavior [ RunTime:0.000434s ]
INFO: [ app_end ] --END-- [ RunTime:0.000454s ]

[ 2019-09-28T12:11:13+08:00 ] 127.0.0.1 /Category/index.html?id=1&sort=&price=&attr=
INFO: [ app_init ] --START--
INFO: Run Behavior\BuildLiteBehavior [ RunTime:0.000004s ]
INFO: [ app_init ] --END-- [ RunTime:0.000209s ]
INFO: [ app_begin ] --START--
INFO: Run Behavior\ReadHtmlCacheBehavior [ RunTime:0.000284s ]
INFO: [ app_begin ] --END-- [ RunTime:0.000302s ]
SQL: SELECT * FROM `jx_category`  [ RunTime:0.0004s ]
NOTIC: [2] Declaration of Admin\Model\GoodsModel::_before_insert(&$data) should be compatible with Think\Model::_before_insert(&$data, $options) D:\phpStudy\PHPTutorial\WWW\jxshop\Application\Admin\Model\GoodsModel.class.php 第 400 行.
NOTIC: [2] Declaration of Admin\Model\GoodsModel::_after_insert($data) should be compatible with Think\Model::_after_insert($data, $options) D:\phpStudy\PHPTutorial\WWW\jxshop\Application\Admin\Model\GoodsModel.class.php 第 400 行.
SQL: SELECT * FROM `jx_category`  [ RunTime:0.0005s ]
SQL: SELECT max(shop_price) as max_price,min(shop_price) as min_price,count(id) as goods_count,group_concat(id) as goods_ids FROM `jx_goods` WHERE ( is_sale = 1 and cate_id in(2,11,12,9,10,1) ) LIMIT 1   [ RunTime:0.0004s ]
SQL: SHOW COLUMNS FROM `jx_goods_attr` [ RunTime:0.0046s ]
SQL: SELECT distinct a.attr_id,a.attr_values,b.attr_name FROM jx_goods_attr a left join jx_attribute b on a.attr_id=b.id  WHERE ( a.goods_id in (1,2,3,4,5,6) )  [ RunTime:0.0005s ]
SQL: SELECT COUNT(*) AS tp_count FROM `jx_goods` WHERE ( is_sale = 1 and cate_id in(2,11,12,9,10,1) ) LIMIT 1   [ RunTime:0.0002s ]
SQL: SELECT * FROM `jx_goods` WHERE ( is_sale = 1 and cate_id in(2,11,12,9,10,1) ) ORDER BY sale_number desc LIMIT 0,8   [ RunTime:0.0003s ]
INFO: [ view_parse ] --START--
INFO: [ template_filter ] --START--
INFO: Run Behavior\ContentReplaceBehavior [ RunTime:0.000076s ]
INFO: [ template_filter ] --END-- [ RunTime:0.000095s ]
NOTIC: [8] Undefined variable: sort D:\phpStudy\PHPTutorial\WWW\jxshop\Application\Common\Common\function.php 第 31 行.
NOTIC: [8] Undefined variable: price D:\phpStudy\PHPTutorial\WWW\jxshop\Application\Common\Common\function.php 第 31 行.
NOTIC: [8] Undefined variable: sort D:\phpStudy\PHPTutorial\WWW\jxshop\Application\Common\Common\function.php 第 31 行.
NOTIC: [8] Undefined variable: price D:\phpStudy\PHPTutorial\WWW\jxshop\Application\Common\Common\function.php 第 31 行.
NOTIC: [8] Undefined variable: sort D:\phpStudy\PHPTutorial\WWW\jxshop\Application\Common\Common\function.php 第 31 行.
NOTIC: [8] Undefined variable: price D:\phpStudy\PHPTutorial\WWW\jxshop\Application\Common\Common\function.php 第 31 行.
NOTIC: [8] Undefined variable: sort D:\phpStudy\PHPTutorial\WWW\jxshop\Application\Common\Common\function.php 第 31 行.
NOTIC: [8] Undefined variable: price D:\phpStudy\PHPTutorial\WWW\jxshop\Application\Common\Common\function.php 第 31 行.
NOTIC: [8] Undefined variable: sort D:\phpStudy\PHPTutorial\WWW\jxshop\Application\Common\Common\function.php 第 31 行.
NOTIC: [8] Undefined variable: price D:\phpStudy\PHPTutorial\WWW\jxshop\Application\Common\Common\function.php 第 31 行.
NOTIC: [8] Undefined variable: sort D:\phpStudy\PHPTutorial\WWW\jxshop\Application\Common\Common\function.php 第 31 行.
NOTIC: [8] Undefined variable: price D:\phpStudy\PHPTutorial\WWW\jxshop\Application\Common\Common\function.php 第 31 行.
NOTIC: [8] Undefined variable: sort D:\phpStudy\PHPTutorial\WWW\jxshop\Application\Common\Common\function.php 第 31 行.
NOTIC: [8] Undefined variable: price D:\phpStudy\PHPTutorial\WWW\jxshop\Application\Common\Common\function.php 第 31 行.
NOTIC: [8] Undefined variable: sort D:\phpStudy\PHPTutorial\WWW\jxshop\Application\Common\Common\function.php 第 31 行.
NOTIC: [8] Undefined variable: price D:\phpStudy\PHPTutorial\WWW\jxshop\Application\Common\Common\function.php 第 31 行.
NOTIC: [2] Use of undefined constant sale_number - assumed 'sale_number' (this will throw an Error in a future version of PHP) D:\phpStudy\PHPTutorial\WWW\jxshop\Application\Runtime\Cache\Home\d47f7e8b5d40353c26583cfdcb9e3b02.php 第 407 行.
INFO: Run Behavior\ParseTemplateBehavior [ RunTime:0.007342s ]
INFO: [ view_parse ] --END-- [ RunTime:0.007358s ]
INFO: [ view_filter ] --START--
INFO: Run Behavior\WriteHtmlCacheBehavior [ RunTime:0.000174s ]
INFO: [ view_filter ] --END-- [ RunTime:0.000188s ]
INFO: [ app_end ] --START--
INFO: Run Behavior\ShowPageTraceBehavior [ RunTime:0.000378s ]
INFO: [ app_end ] --END-- [ RunTime:0.000398s ]

[ 2019-09-28T12:11:14+08:00 ] 127.0.0.1 /Category/index.html?id=1&sort=&price=100-720&attr=
INFO: [ app_init ] --START--
INFO: Run Behavior\BuildLiteBehavior [ RunTime:0.000005s ]
INFO: [ app_init ] --END-- [ RunTime:0.000340s ]
INFO: [ app_begin ] --START--
INFO: Run Behavior\ReadHtmlCacheBehavior [ RunTime:0.000384s ]
INFO: [ app_begin ] --END-- [ RunTime:0.000405s ]
SQL: SELECT * FROM `jx_category`  [ RunTime:0.0002s ]
NOTIC: [2] Declaration of Admin\Model\GoodsModel::_before_insert(&$data) should be compatible with Think\Model::_before_insert(&$data, $options) D:\phpStudy\PHPTutorial\WWW\jxshop\Application\Admin\Model\GoodsModel.class.php 第 400 行.
NOTIC: [2] Declaration of Admin\Model\GoodsModel::_after_insert($data) should be compatible with Think\Model::_after_insert($data, $options) D:\phpStudy\PHPTutorial\WWW\jxshop\Application\Admin\Model\GoodsModel.class.php 第 400 行.
SQL: SELECT * FROM `jx_category`  [ RunTime:0.0002s ]
SQL: SELECT max(shop_price) as max_price,min(shop_price) as min_price,count(id) as goods_count,group_concat(id) as goods_ids FROM `jx_goods` WHERE ( is_sale = 1 and cate_id in(2,11,12,9,10,1) ) LIMIT 1   [ RunTime:0.0003s ]
SQL: SHOW COLUMNS FROM `jx_goods_attr` [ RunTime:0.0122s ]
SQL: SELECT distinct a.attr_id,a.attr_values,b.attr_name FROM jx_goods_attr a left join jx_attribute b on a.attr_id=b.id  WHERE ( a.goods_id in (1,2,3,4,5,6) )  [ RunTime:0.0006s ]
SQL: SELECT COUNT(*) AS tp_count FROM `jx_goods` WHERE ( is_sale = 1 and cate_id in(2,11,12,9,10,1) and shop_price>100 and shop_price<720 ) LIMIT 1   [ RunTime:0.0002s ]
SQL: SELECT * FROM `jx_goods` WHERE ( is_sale = 1 and cate_id in(2,11,12,9,10,1) and shop_price>100 and shop_price<720 ) ORDER BY sale_number desc LIMIT 0,8   [ RunTime:0.0003s ]
INFO: [ view_parse ] --START--
INFO: [ template_filter ] --START--
INFO: Run Behavior\ContentReplaceBehavior [ RunTime:0.000077s ]
INFO: [ template_filter ] --END-- [ RunTime:0.000095s ]
NOTIC: [8] Undefined variable: sort D:\phpStudy\PHPTutorial\WWW\jxshop\Application\Common\Common\function.php 第 31 行.
NOTIC: [8] Undefined variable: price D:\phpStudy\PHPTutorial\WWW\jxshop\Application\Common\Common\function.php 第 31 行.
NOTIC: [8] Undefined variable: sort D:\phpStudy\PHPTutorial\WWW\jxshop\Application\Common\Common\function.php 第 31 行.
NOTIC: [8] Undefined variable: price D:\phpStudy\PHPTutorial\WWW\jxshop\Application\Common\Common\function.php 第 31 行.
NOTIC: [8] Undefined variable: sort D:\phpStudy\PHPTutorial\WWW\jxshop\Application\Common\Common\function.php 第 31 行.
NOTIC: [8] Undefined variable: price D:\phpStudy\PHPTutorial\WWW\jxshop\Application\Common\Common\function.php 第 31 行.
NOTIC: [8] Undefined variable: sort D:\phpStudy\PHPTutorial\WWW\jxshop\Application\Common\Common\function.php 第 31 行.
NOTIC: [8] Undefined variable: price D:\phpStudy\PHPTutorial\WWW\jxshop\Application\Common\Common\function.php 第 31 行.
NOTIC: [8] Undefined variable: sort D:\phpStudy\PHPTutorial\WWW\jxshop\Application\Common\Common\function.php 第 31 行.
NOTIC: [8] Undefined variable: price D:\phpStudy\PHPTutorial\WWW\jxshop\Application\Common\Common\function.php 第 31 行.
NOTIC: [8] Undefined variable: sort D:\phpStudy\PHPTutorial\WWW\jxshop\Application\Common\Common\function.php 第 31 行.
NOTIC: [8] Undefined variable: price D:\phpStudy\PHPTutorial\WWW\jxshop\Application\Common\Common\function.php 第 31 行.
NOTIC: [8] Undefined variable: sort D:\phpStudy\PHPTutorial\WWW\jxshop\Application\Common\Common\function.php 第 31 行.
NOTIC: [8] Undefined variable: price D:\phpStudy\PHPTutorial\WWW\jxshop\Application\Common\Common\function.php 第 31 行.
NOTIC: [8] Undefined variable: sort D:\phpStudy\PHPTutorial\WWW\jxshop\Application\Common\Common\function.php 第 31 行.
NOTIC: [8] Undefined variable: price D:\phpStudy\PHPTutorial\WWW\jxshop\Application\Common\Common\function.php 第 31 行.
NOTIC: [2] Use of undefined constant sale_number - assumed 'sale_number' (this will throw an Error in a future version of PHP) D:\phpStudy\PHPTutorial\WWW\jxshop\Application\Runtime\Cache\Home\d47f7e8b5d40353c26583cfdcb9e3b02.php 第 407 行.
INFO: Run Behavior\ParseTemplateBehavior [ RunTime:0.007401s ]
INFO: [ view_parse ] --END-- [ RunTime:0.007418s ]
INFO: [ view_filter ] --START--
INFO: Run Behavior\WriteHtmlCacheBehavior [ RunTime:0.000178s ]
INFO: [ view_filter ] --END-- [ RunTime:0.000192s ]
INFO: [ app_end ] --START--
INFO: Run Behavior\ShowPageTraceBehavior [ RunTime:0.000419s ]
INFO: [ app_end ] --END-- [ RunTime:0.000457s ]

[ 2019-09-28T12:11:20+08:00 ] 127.0.0.1 /Category/index.html?id=1&sort=&price=&attr=
INFO: [ app_init ] --START--
INFO: Run Behavior\BuildLiteBehavior [ RunTime:0.000009s ]
INFO: [ app_init ] --END-- [ RunTime:0.000269s ]
INFO: [ app_begin ] --START--
INFO: Run Behavior\ReadHtmlCacheBehavior [ RunTime:0.000478s ]
INFO: [ app_begin ] --END-- [ RunTime:0.000503s ]
SQL: SELECT * FROM `jx_category`  [ RunTime:0.0003s ]
NOTIC: [2] Declaration of Admin\Model\GoodsModel::_before_insert(&$data) should be compatible with Think\Model::_before_insert(&$data, $options) D:\phpStudy\PHPTutorial\WWW\jxshop\Application\Admin\Model\GoodsModel.class.php 第 400 行.
NOTIC: [2] Declaration of Admin\Model\GoodsModel::_after_insert($data) should be compatible with Think\Model::_after_insert($data, $options) D:\phpStudy\PHPTutorial\WWW\jxshop\Application\Admin\Model\GoodsModel.class.php 第 400 行.
SQL: SELECT * FROM `jx_category`  [ RunTime:0.0004s ]
SQL: SELECT max(shop_price) as max_price,min(shop_price) as min_price,count(id) as goods_count,group_concat(id) as goods_ids FROM `jx_goods` WHERE ( is_sale = 1 and cate_id in(2,11,12,9,10,1) ) LIMIT 1   [ RunTime:0.0004s ]
SQL: SHOW COLUMNS FROM `jx_goods_attr` [ RunTime:0.0040s ]
SQL: SELECT distinct a.attr_id,a.attr_values,b.attr_name FROM jx_goods_attr a left join jx_attribute b on a.attr_id=b.id  WHERE ( a.goods_id in (1,2,3,4,5,6) )  [ RunTime:0.0004s ]
SQL: SELECT COUNT(*) AS tp_count FROM `jx_goods` WHERE ( is_sale = 1 and cate_id in(2,11,12,9,10,1) ) LIMIT 1   [ RunTime:0.0002s ]
SQL: SELECT * FROM `jx_goods` WHERE ( is_sale = 1 and cate_id in(2,11,12,9,10,1) ) ORDER BY sale_number desc LIMIT 0,8   [ RunTime:0.0003s ]
INFO: [ view_parse ] --START--
INFO: [ template_filter ] --START--
INFO: Run Behavior\ContentReplaceBehavior [ RunTime:0.000078s ]
INFO: [ template_filter ] --END-- [ RunTime:0.000098s ]
NOTIC: [8] Undefined variable: sort D:\phpStudy\PHPTutorial\WWW\jxshop\Application\Common\Common\function.php 第 31 行.
NOTIC: [8] Undefined variable: price D:\phpStudy\PHPTutorial\WWW\jxshop\Application\Common\Common\function.php 第 31 行.
NOTIC: [8] Undefined variable: sort D:\phpStudy\PHPTutorial\WWW\jxshop\Application\Common\Common\function.php 第 31 行.
NOTIC: [8] Undefined variable: price D:\phpStudy\PHPTutorial\WWW\jxshop\Application\Common\Common\function.php 第 31 行.
NOTIC: [8] Undefined variable: sort D:\phpStudy\PHPTutorial\WWW\jxshop\Application\Common\Common\function.php 第 31 行.
NOTIC: [8] Undefined variable: price D:\phpStudy\PHPTutorial\WWW\jxshop\Application\Common\Common\function.php 第 31 行.
NOTIC: [8] Undefined variable: sort D:\phpStudy\PHPTutorial\WWW\jxshop\Application\Common\Common\function.php 第 31 行.
NOTIC: [8] Undefined variable: price D:\phpStudy\PHPTutorial\WWW\jxshop\Application\Common\Common\function.php 第 31 行.
NOTIC: [8] Undefined variable: sort D:\phpStudy\PHPTutorial\WWW\jxshop\Application\Common\Common\function.php 第 31 行.
NOTIC: [8] Undefined variable: price D:\phpStudy\PHPTutorial\WWW\jxshop\Application\Common\Common\function.php 第 31 行.
NOTIC: [8] Undefined variable: sort D:\phpStudy\PHPTutorial\WWW\jxshop\Application\Common\Common\function.php 第 31 行.
NOTIC: [8] Undefined variable: price D:\phpStudy\PHPTutorial\WWW\jxshop\Application\Common\Common\function.php 第 31 行.
NOTIC: [8] Undefined variable: sort D:\phpStudy\PHPTutorial\WWW\jxshop\Application\Common\Common\function.php 第 31 行.
NOTIC: [8] Undefined variable: price D:\phpStudy\PHPTutorial\WWW\jxshop\Application\Common\Common\function.php 第 31 行.
NOTIC: [8] Undefined variable: sort D:\phpStudy\PHPTutorial\WWW\jxshop\Application\Common\Common\function.php 第 31 行.
NOTIC: [8] Undefined variable: price D:\phpStudy\PHPTutorial\WWW\jxshop\Application\Common\Common\function.php 第 31 行.
NOTIC: [2] Use of undefined constant sale_number - assumed 'sale_number' (this will throw an Error in a future version of PHP) D:\phpStudy\PHPTutorial\WWW\jxshop\Application\Runtime\Cache\Home\d47f7e8b5d40353c26583cfdcb9e3b02.php 第 407 行.
INFO: Run Behavior\ParseTemplateBehavior [ RunTime:0.007874s ]
INFO: [ view_parse ] --END-- [ RunTime:0.007891s ]
INFO: [ view_filter ] --START--
INFO: Run Behavior\WriteHtmlCacheBehavior [ RunTime:0.000167s ]
INFO: [ view_filter ] --END-- [ RunTime:0.000180s ]
INFO: [ app_end ] --START--
INFO: Run Behavior\ShowPageTraceBehavior [ RunTime:0.000336s ]
INFO: [ app_end ] --END-- [ RunTime:0.000356s ]

[ 2019-09-28T12:11:56+08:00 ] 127.0.0.1 /Category/index.html?id=1&sort=&price=&attr=
INFO: [ app_init ] --START--
INFO: Run Behavior\BuildLiteBehavior [ RunTime:0.000006s ]
INFO: [ app_init ] --END-- [ RunTime:0.000276s ]
INFO: [ app_begin ] --START--
INFO: Run Behavior\ReadHtmlCacheBehavior [ RunTime:0.000444s ]
INFO: [ app_begin ] --END-- [ RunTime:0.000467s ]
SQL: SELECT * FROM `jx_category`  [ RunTime:0.0002s ]
NOTIC: [2] Declaration of Admin\Model\GoodsModel::_before_insert(&$data) should be compatible with Think\Model::_before_insert(&$data, $options) D:\phpStudy\PHPTutorial\WWW\jxshop\Application\Admin\Model\GoodsModel.class.php 第 400 行.
NOTIC: [2] Declaration of Admin\Model\GoodsModel::_after_insert($data) should be compatible with Think\Model::_after_insert($data, $options) D:\phpStudy\PHPTutorial\WWW\jxshop\Application\Admin\Model\GoodsModel.class.php 第 400 行.
SQL: SELECT * FROM `jx_category`  [ RunTime:0.0005s ]
SQL: SELECT max(shop_price) as max_price,min(shop_price) as min_price,count(id) as goods_count,group_concat(id) as goods_ids FROM `jx_goods` WHERE ( is_sale = 1 and cate_id in(2,11,12,9,10,1) ) LIMIT 1   [ RunTime:0.0004s ]
SQL: SHOW COLUMNS FROM `jx_goods_attr` [ RunTime:0.0100s ]
SQL: SELECT distinct a.attr_id,a.attr_values,b.attr_name FROM jx_goods_attr a left join jx_attribute b on a.attr_id=b.id  WHERE ( a.goods_id in (1,2,3,4,5,6) )  [ RunTime:0.0003s ]
SQL: SELECT COUNT(*) AS tp_count FROM `jx_goods` WHERE ( is_sale = 1 and cate_id in(2,11,12,9,10,1) ) LIMIT 1   [ RunTime:0.0002s ]
SQL: SELECT * FROM `jx_goods` WHERE ( is_sale = 1 and cate_id in(2,11,12,9,10,1) ) ORDER BY sale_number desc LIMIT 0,8   [ RunTime:0.0005s ]
INFO: [ view_parse ] --START--
INFO: [ template_filter ] --START--
INFO: Run Behavior\ContentReplaceBehavior [ RunTime:0.000078s ]
INFO: [ template_filter ] --END-- [ RunTime:0.000109s ]
NOTIC: [8] Undefined variable: sort D:\phpStudy\PHPTutorial\WWW\jxshop\Application\Common\Common\function.php 第 31 行.
NOTIC: [8] Undefined variable: price D:\phpStudy\PHPTutorial\WWW\jxshop\Application\Common\Common\function.php 第 31 行.
NOTIC: [8] Undefined variable: sort D:\phpStudy\PHPTutorial\WWW\jxshop\Application\Common\Common\function.php 第 31 行.
NOTIC: [8] Undefined variable: price D:\phpStudy\PHPTutorial\WWW\jxshop\Application\Common\Common\function.php 第 31 行.
NOTIC: [8] Undefined variable: sort D:\phpStudy\PHPTutorial\WWW\jxshop\Application\Common\Common\function.php 第 31 行.
NOTIC: [8] Undefined variable: price D:\phpStudy\PHPTutorial\WWW\jxshop\Application\Common\Common\function.php 第 31 行.
NOTIC: [8] Undefined variable: sort D:\phpStudy\PHPTutorial\WWW\jxshop\Application\Common\Common\function.php 第 31 行.
NOTIC: [8] Undefined variable: price D:\phpStudy\PHPTutorial\WWW\jxshop\Application\Common\Common\function.php 第 31 行.
NOTIC: [8] Undefined variable: sort D:\phpStudy\PHPTutorial\WWW\jxshop\Application\Common\Common\function.php 第 31 行.
NOTIC: [8] Undefined variable: price D:\phpStudy\PHPTutorial\WWW\jxshop\Application\Common\Common\function.php 第 31 行.
NOTIC: [8] Undefined variable: sort D:\phpStudy\PHPTutorial\WWW\jxshop\Application\Common\Common\function.php 第 31 行.
NOTIC: [8] Undefined variable: price D:\phpStudy\PHPTutorial\WWW\jxshop\Application\Common\Common\function.php 第 31 行.
NOTIC: [8] Undefined variable: sort D:\phpStudy\PHPTutorial\WWW\jxshop\Application\Common\Common\function.php 第 31 行.
NOTIC: [8] Undefined variable: price D:\phpStudy\PHPTutorial\WWW\jxshop\Application\Common\Common\function.php 第 31 行.
NOTIC: [8] Undefined variable: sort D:\phpStudy\PHPTutorial\WWW\jxshop\Application\Common\Common\function.php 第 31 行.
NOTIC: [8] Undefined variable: price D:\phpStudy\PHPTutorial\WWW\jxshop\Application\Common\Common\function.php 第 31 行.
NOTIC: [2] Use of undefined constant sale_number - assumed 'sale_number' (this will throw an Error in a future version of PHP) D:\phpStudy\PHPTutorial\WWW\jxshop\Application\Runtime\Cache\Home\d47f7e8b5d40353c26583cfdcb9e3b02.php 第 407 行.
INFO: Run Behavior\ParseTemplateBehavior [ RunTime:0.009018s ]
INFO: [ view_parse ] --END-- [ RunTime:0.009037s ]
INFO: [ view_filter ] --START--
INFO: Run Behavior\WriteHtmlCacheBehavior [ RunTime:0.000358s ]
INFO: [ view_filter ] --END-- [ RunTime:0.000372s ]
INFO: [ app_end ] --START--
INFO: Run Behavior\ShowPageTraceBehavior [ RunTime:0.000473s ]
INFO: [ app_end ] --END-- [ RunTime:0.000494s ]

[ 2019-09-28T12:12:01+08:00 ] 127.0.0.1 /Category/index.html?id=1&sort=&price=100-720&attr=
INFO: [ app_init ] --START--
INFO: Run Behavior\BuildLiteBehavior [ RunTime:0.000005s ]
INFO: [ app_init ] --END-- [ RunTime:0.000205s ]
INFO: [ app_begin ] --START--
INFO: Run Behavior\ReadHtmlCacheBehavior [ RunTime:0.000291s ]
INFO: [ app_begin ] --END-- [ RunTime:0.000338s ]
SQL: SELECT * FROM `jx_category`  [ RunTime:0.0003s ]
NOTIC: [2] Declaration of Admin\Model\GoodsModel::_before_insert(&$data) should be compatible with Think\Model::_before_insert(&$data, $options) D:\phpStudy\PHPTutorial\WWW\jxshop\Application\Admin\Model\GoodsModel.class.php 第 400 行.
NOTIC: [2] Declaration of Admin\Model\GoodsModel::_after_insert($data) should be compatible with Think\Model::_after_insert($data, $options) D:\phpStudy\PHPTutorial\WWW\jxshop\Application\Admin\Model\GoodsModel.class.php 第 400 行.
SQL: SELECT * FROM `jx_category`  [ RunTime:0.0003s ]
SQL: SELECT max(shop_price) as max_price,min(shop_price) as min_price,count(id) as goods_count,group_concat(id) as goods_ids FROM `jx_goods` WHERE ( is_sale = 1 and cate_id in(2,11,12,9,10,1) ) LIMIT 1   [ RunTime:0.0005s ]
SQL: SHOW COLUMNS FROM `jx_goods_attr` [ RunTime:0.0112s ]
SQL: SELECT distinct a.attr_id,a.attr_values,b.attr_name FROM jx_goods_attr a left join jx_attribute b on a.attr_id=b.id  WHERE ( a.goods_id in (1,2,3,4,5,6) )  [ RunTime:0.0005s ]
SQL: SELECT COUNT(*) AS tp_count FROM `jx_goods` WHERE ( is_sale = 1 and cate_id in(2,11,12,9,10,1) and shop_price>100 and shop_price<720 ) LIMIT 1   [ RunTime:0.0002s ]
SQL: SELECT * FROM `jx_goods` WHERE ( is_sale = 1 and cate_id in(2,11,12,9,10,1) and shop_price>100 and shop_price<720 ) ORDER BY sale_number desc LIMIT 0,8   [ RunTime:0.0006s ]
INFO: [ view_parse ] --START--
INFO: [ template_filter ] --START--
INFO: Run Behavior\ContentReplaceBehavior [ RunTime:0.000078s ]
INFO: [ template_filter ] --END-- [ RunTime:0.000099s ]
NOTIC: [8] Undefined variable: sort D:\phpStudy\PHPTutorial\WWW\jxshop\Application\Common\Common\function.php 第 31 行.
NOTIC: [8] Undefined variable: price D:\phpStudy\PHPTutorial\WWW\jxshop\Application\Common\Common\function.php 第 31 行.
NOTIC: [8] Undefined variable: sort D:\phpStudy\PHPTutorial\WWW\jxshop\Application\Common\Common\function.php 第 31 行.
NOTIC: [8] Undefined variable: price D:\phpStudy\PHPTutorial\WWW\jxshop\Application\Common\Common\function.php 第 31 行.
NOTIC: [8] Undefined variable: sort D:\phpStudy\PHPTutorial\WWW\jxshop\Application\Common\Common\function.php 第 31 行.
NOTIC: [8] Undefined variable: price D:\phpStudy\PHPTutorial\WWW\jxshop\Application\Common\Common\function.php 第 31 行.
NOTIC: [8] Undefined variable: sort D:\phpStudy\PHPTutorial\WWW\jxshop\Application\Common\Common\function.php 第 31 行.
NOTIC: [8] Undefined variable: price D:\phpStudy\PHPTutorial\WWW\jxshop\Application\Common\Common\function.php 第 31 行.
NOTIC: [8] Undefined variable: sort D:\phpStudy\PHPTutorial\WWW\jxshop\Application\Common\Common\function.php 第 31 行.
NOTIC: [8] Undefined variable: price D:\phpStudy\PHPTutorial\WWW\jxshop\Application\Common\Common\function.php 第 31 行.
NOTIC: [8] Undefined variable: sort D:\phpStudy\PHPTutorial\WWW\jxshop\Application\Common\Common\function.php 第 31 行.
NOTIC: [8] Undefined variable: price D:\phpStudy\PHPTutorial\WWW\jxshop\Application\Common\Common\function.php 第 31 行.
NOTIC: [8] Undefined variable: sort D:\phpStudy\PHPTutorial\WWW\jxshop\Application\Common\Common\function.php 第 31 行.
NOTIC: [8] Undefined variable: price D:\phpStudy\PHPTutorial\WWW\jxshop\Application\Common\Common\function.php 第 31 行.
NOTIC: [8] Undefined variable: sort D:\phpStudy\PHPTutorial\WWW\jxshop\Application\Common\Common\function.php 第 31 行.
NOTIC: [8] Undefined variable: price D:\phpStudy\PHPTutorial\WWW\jxshop\Application\Common\Common\function.php 第 31 行.
NOTIC: [2] Use of undefined constant sale_number - assumed 'sale_number' (this will throw an Error in a future version of PHP) D:\phpStudy\PHPTutorial\WWW\jxshop\Application\Runtime\Cache\Home\d47f7e8b5d40353c26583cfdcb9e3b02.php 第 407 行.
INFO: Run Behavior\ParseTemplateBehavior [ RunTime:0.009063s ]
INFO: [ view_parse ] --END-- [ RunTime:0.009086s ]
INFO: [ view_filter ] --START--
INFO: Run Behavior\WriteHtmlCacheBehavior [ RunTime:0.000230s ]
INFO: [ view_filter ] --END-- [ RunTime:0.000243s ]
INFO: [ app_end ] --START--
INFO: Run Behavior\ShowPageTraceBehavior [ RunTime:0.000742s ]
INFO: [ app_end ] --END-- [ RunTime:0.000772s ]

[ 2019-09-28T12:12:04+08:00 ] 127.0.0.1 /Category/index.html?id=1&sort=&price=&attr=
INFO: [ app_init ] --START--
INFO: Run Behavior\BuildLiteBehavior [ RunTime:0.000005s ]
INFO: [ app_init ] --END-- [ RunTime:0.000239s ]
INFO: [ app_begin ] --START--
INFO: Run Behavior\ReadHtmlCacheBehavior [ RunTime:0.000264s ]
INFO: [ app_begin ] --END-- [ RunTime:0.000280s ]
SQL: SELECT * FROM `jx_category`  [ RunTime:0.0002s ]
NOTIC: [2] Declaration of Admin\Model\GoodsModel::_before_insert(&$data) should be compatible with Think\Model::_before_insert(&$data, $options) D:\phpStudy\PHPTutorial\WWW\jxshop\Application\Admin\Model\GoodsModel.class.php 第 400 行.
NOTIC: [2] Declaration of Admin\Model\GoodsModel::_after_insert($data) should be compatible with Think\Model::_after_insert($data, $options) D:\phpStudy\PHPTutorial\WWW\jxshop\Application\Admin\Model\GoodsModel.class.php 第 400 行.
SQL: SELECT * FROM `jx_category`  [ RunTime:0.0002s ]
SQL: SELECT max(shop_price) as max_price,min(shop_price) as min_price,count(id) as goods_count,group_concat(id) as goods_ids FROM `jx_goods` WHERE ( is_sale = 1 and cate_id in(2,11,12,9,10,1) ) LIMIT 1   [ RunTime:0.0004s ]
SQL: SHOW COLUMNS FROM `jx_goods_attr` [ RunTime:0.0052s ]
SQL: SELECT distinct a.attr_id,a.attr_values,b.attr_name FROM jx_goods_attr a left join jx_attribute b on a.attr_id=b.id  WHERE ( a.goods_id in (1,2,3,4,5,6) )  [ RunTime:0.0005s ]
SQL: SELECT COUNT(*) AS tp_count FROM `jx_goods` WHERE ( is_sale = 1 and cate_id in(2,11,12,9,10,1) ) LIMIT 1   [ RunTime:0.0002s ]
SQL: SELECT * FROM `jx_goods` WHERE ( is_sale = 1 and cate_id in(2,11,12,9,10,1) ) ORDER BY sale_number desc LIMIT 0,8   [ RunTime:0.0003s ]
INFO: [ view_parse ] --START--
INFO: [ template_filter ] --START--
INFO: Run Behavior\ContentReplaceBehavior [ RunTime:0.000076s ]
INFO: [ template_filter ] --END-- [ RunTime:0.000096s ]
NOTIC: [8] Undefined variable: sort D:\phpStudy\PHPTutorial\WWW\jxshop\Application\Common\Common\function.php 第 31 行.
NOTIC: [8] Undefined variable: price D:\phpStudy\PHPTutorial\WWW\jxshop\Application\Common\Common\function.php 第 31 行.
NOTIC: [8] Undefined variable: sort D:\phpStudy\PHPTutorial\WWW\jxshop\Application\Common\Common\function.php 第 31 行.
NOTIC: [8] Undefined variable: price D:\phpStudy\PHPTutorial\WWW\jxshop\Application\Common\Common\function.php 第 31 行.
NOTIC: [8] Undefined variable: sort D:\phpStudy\PHPTutorial\WWW\jxshop\Application\Common\Common\function.php 第 31 行.
NOTIC: [8] Undefined variable: price D:\phpStudy\PHPTutorial\WWW\jxshop\Application\Common\Common\function.php 第 31 行.
NOTIC: [8] Undefined variable: sort D:\phpStudy\PHPTutorial\WWW\jxshop\Application\Common\Common\function.php 第 31 行.
NOTIC: [8] Undefined variable: price D:\phpStudy\PHPTutorial\WWW\jxshop\Application\Common\Common\function.php 第 31 行.
NOTIC: [8] Undefined variable: sort D:\phpStudy\PHPTutorial\WWW\jxshop\Application\Common\Common\function.php 第 31 行.
NOTIC: [8] Undefined variable: price D:\phpStudy\PHPTutorial\WWW\jxshop\Application\Common\Common\function.php 第 31 行.
NOTIC: [8] Undefined variable: sort D:\phpStudy\PHPTutorial\WWW\jxshop\Application\Common\Common\function.php 第 31 行.
NOTIC: [8] Undefined variable: price D:\phpStudy\PHPTutorial\WWW\jxshop\Application\Common\Common\function.php 第 31 行.
NOTIC: [8] Undefined variable: sort D:\phpStudy\PHPTutorial\WWW\jxshop\Application\Common\Common\function.php 第 31 行.
NOTIC: [8] Undefined variable: price D:\phpStudy\PHPTutorial\WWW\jxshop\Application\Common\Common\function.php 第 31 行.
NOTIC: [8] Undefined variable: sort D:\phpStudy\PHPTutorial\WWW\jxshop\Application\Common\Common\function.php 第 31 行.
NOTIC: [8] Undefined variable: price D:\phpStudy\PHPTutorial\WWW\jxshop\Application\Common\Common\function.php 第 31 行.
NOTIC: [2] Use of undefined constant sale_number - assumed 'sale_number' (this will throw an Error in a future version of PHP) D:\phpStudy\PHPTutorial\WWW\jxshop\Application\Runtime\Cache\Home\d47f7e8b5d40353c26583cfdcb9e3b02.php 第 407 行.
INFO: Run Behavior\ParseTemplateBehavior [ RunTime:0.007530s ]
INFO: [ view_parse ] --END-- [ RunTime:0.007563s ]
INFO: [ view_filter ] --START--
INFO: Run Behavior\WriteHtmlCacheBehavior [ RunTime:0.000338s ]
INFO: [ view_filter ] --END-- [ RunTime:0.000379s ]
INFO: [ app_end ] --START--
INFO: Run Behavior\ShowPageTraceBehavior [ RunTime:0.000624s ]
INFO: [ app_end ] --END-- [ RunTime:0.000653s ]

