[ 2019-09-24T10:32:04+08:00 ] 127.0.0.1 /?id=1%20or%201=1
INFO: [ app_init ] --START--
INFO: Run Behavior\BuildLiteBehavior [ RunTime:0.000007s ]
INFO: [ app_init ] --END-- [ RunTime:0.000422s ]
INFO: [ app_begin ] --START--
INFO: Run Behavior\ReadHtmlCacheBehavior [ RunTime:0.000406s ]
INFO: [ app_begin ] --END-- [ RunTime:0.000429s ]
SQL: SELECT * FROM `jx_category`  [ RunTime:0.0084s ]
NOTIC: [2] Declaration of Admin\Model\GoodsModel::_before_insert(&$data) should be compatible with Think\Model::_before_insert(&$data, $options) D:\phpStudy\PHPTutorial\WWW\jxshop\Application\Admin\Model\GoodsModel.class.php 第 400 行.
NOTIC: [2] Declaration of Admin\Model\GoodsModel::_after_insert($data) should be compatible with Think\Model::_after_insert($data, $options) D:\phpStudy\PHPTutorial\WWW\jxshop\Application\Admin\Model\GoodsModel.class.php 第 400 行.
SQL: SELECT * FROM `jx_goods` WHERE ( is_sale = 1 and is_hot = 1 ) LIMIT 5   [ RunTime:0.0045s ]
SQL: SELECT * FROM `jx_goods` WHERE ( is_sale = 1 and is_rec = 1 ) LIMIT 5   [ RunTime:0.0003s ]
SQL: SELECT * FROM `jx_goods` WHERE ( is_sale = 1 and is_new = 1 ) LIMIT 5   [ RunTime:0.0003s ]
SQL: SELECT * FROM `jx_goods` WHERE ( is_sale=1 and cx_price>0 and start<1569292324 and end>1569292324 ) LIMIT 5   [ RunTime:0.0003s ]
SQL: SELECT * FROM `jx_category` WHERE ( parent_id = 0 )  [ RunTime:0.0002s ]
SQL: SELECT * FROM `jx_category` WHERE ( parent_id =1 )  [ RunTime:0.0002s ]
SQL: SELECT * FROM `jx_category` WHERE ( isrec=1 and parent_id =1 )  [ RunTime:0.0002s ]
SQL: SELECT * FROM `jx_category`  [ RunTime:0.0001s ]
SQL: SHOW COLUMNS FROM `jx_goods` [ RunTime:0.0048s ]
SQL: SELECT * FROM `jx_goods` WHERE ( is_sale=1 and cate_id in (11,12,2) ) LIMIT 8   [ RunTime:0.0004s ]
SQL: SELECT * FROM `jx_category` WHERE ( parent_id =3 )  [ RunTime:0.0002s ]
SQL: SELECT * FROM `jx_category` WHERE ( isrec=1 and parent_id =3 )  [ RunTime:0.0002s ]
SQL: SELECT * FROM `jx_category`  [ RunTime:0.0002s ]
NOTIC: [8] Undefined variable: tree D:\phpStudy\PHPTutorial\WWW\jxshop\Application\Admin\Model\CategoryModel.class.php 第 20 行.
SQL: SELECT * FROM `jx_goods` WHERE ( is_sale=1 and cate_id in (4) ) LIMIT 8   [ RunTime:0.0002s ]
SQL: SELECT * FROM `jx_category`  [ RunTime:0.0002s ]
NOTIC: [8] Undefined variable: tree D:\phpStudy\PHPTutorial\WWW\jxshop\Application\Admin\Model\CategoryModel.class.php 第 20 行.
SQL: SELECT * FROM `jx_goods` WHERE ( is_sale=1 and cate_id in (5) ) LIMIT 8   [ RunTime:0.0002s ]
SQL: SELECT * FROM `jx_category` WHERE ( parent_id =6 )  [ RunTime:0.0001s ]
SQL: SELECT * FROM `jx_category` WHERE ( isrec=1 and parent_id =6 )  [ RunTime:0.0002s ]
INFO: [ view_parse ] --START--
INFO: [ template_filter ] --START--
INFO: Run Behavior\ContentReplaceBehavior [ RunTime:0.000140s ]
INFO: [ template_filter ] --END-- [ RunTime:0.000186s ]
INFO: Run Behavior\ParseTemplateBehavior [ RunTime:0.012419s ]
INFO: [ view_parse ] --END-- [ RunTime:0.012443s ]
INFO: [ view_filter ] --START--
INFO: Run Behavior\WriteHtmlCacheBehavior [ RunTime:0.000356s ]
INFO: [ view_filter ] --END-- [ RunTime:0.000373s ]
INFO: [ app_end ] --START--
INFO: Run Behavior\ShowPageTraceBehavior [ RunTime:0.000501s ]
INFO: [ app_end ] --END-- [ RunTime:0.000523s ]

[ 2019-09-24T10:32:06+08:00 ] 127.0.0.1 /User/login.html
INFO: [ app_init ] --START--
INFO: Run Behavior\BuildLiteBehavior [ RunTime:0.000011s ]
INFO: [ app_init ] --END-- [ RunTime:0.000345s ]
INFO: [ app_begin ] --START--
INFO: Run Behavior\ReadHtmlCacheBehavior [ RunTime:0.000346s ]
INFO: [ app_begin ] --END-- [ RunTime:0.000368s ]
SQL: SELECT * FROM `jx_category`  [ RunTime:0.0004s ]
INFO: [ view_parse ] --START--
INFO: [ template_filter ] --START--
INFO: Run Behavior\ContentReplaceBehavior [ RunTime:0.000047s ]
INFO: [ template_filter ] --END-- [ RunTime:0.000083s ]
INFO: Run Behavior\ParseTemplateBehavior [ RunTime:0.021446s ]
INFO: [ view_parse ] --END-- [ RunTime:0.021477s ]
INFO: [ view_filter ] --START--
INFO: Run Behavior\WriteHtmlCacheBehavior [ RunTime:0.000193s ]
INFO: [ view_filter ] --END-- [ RunTime:0.000216s ]
INFO: [ app_end ] --START--
INFO: Run Behavior\ShowPageTraceBehavior [ RunTime:0.000338s ]
INFO: [ app_end ] --END-- [ RunTime:0.000357s ]

[ 2019-09-24T10:32:06+08:00 ] 127.0.0.1 /User/code.html
INFO: [ app_init ] --START--
INFO: Run Behavior\BuildLiteBehavior [ RunTime:0.000005s ]
INFO: [ app_init ] --END-- [ RunTime:0.000213s ]
INFO: [ app_begin ] --START--
INFO: Run Behavior\ReadHtmlCacheBehavior [ RunTime:0.000309s ]
INFO: [ app_begin ] --END-- [ RunTime:0.000331s ]
SQL: SELECT * FROM `jx_category`  [ RunTime:0.0004s ]
INFO: [ app_end ] --START--
INFO: Run Behavior\ShowPageTraceBehavior [ RunTime:0.001200s ]
INFO: [ app_end ] --END-- [ RunTime:0.001299s ]

[ 2019-09-24T10:32:14+08:00 ] 127.0.0.1 /User/login.html
INFO: [ app_init ] --START--
INFO: Run Behavior\BuildLiteBehavior [ RunTime:0.000004s ]
INFO: [ app_init ] --END-- [ RunTime:0.000203s ]
INFO: [ app_begin ] --START--
INFO: Run Behavior\ReadHtmlCacheBehavior [ RunTime:0.000513s ]
INFO: [ app_begin ] --END-- [ RunTime:0.000545s ]
SQL: SELECT * FROM `jx_category`  [ RunTime:0.0002s ]
ERR: 1064:You have an error in your SQL syntax; check the manual that corresponds to your MySQL server version for the right syntax to use near '' at line 1
 [ SQL语句 ] : SELECT * FROM `jx_user` WHERE ( username = 'user'#' ) LIMIT 1  
ERR: 1064:You have an error in your SQL syntax; check the manual that corresponds to your MySQL server version for the right syntax to use near '' at line 1
 [ SQL语句 ] : SELECT * FROM `jx_user` WHERE ( username = 'user'#' ) LIMIT 1  

[ 2019-09-24T10:32:15+08:00 ] 127.0.0.1 /User/login.html
INFO: [ app_init ] --START--
INFO: Run Behavior\BuildLiteBehavior [ RunTime:0.000006s ]
INFO: [ app_init ] --END-- [ RunTime:0.000219s ]
INFO: [ app_begin ] --START--
INFO: Run Behavior\ReadHtmlCacheBehavior [ RunTime:0.000339s ]
INFO: [ app_begin ] --END-- [ RunTime:0.000356s ]
SQL: SELECT * FROM `jx_category`  [ RunTime:0.0003s ]

[ 2019-09-24T10:32:17+08:00 ] 127.0.0.1 /User/code.html?date=1569292337327
INFO: [ app_init ] --START--
INFO: Run Behavior\BuildLiteBehavior [ RunTime:0.000005s ]
INFO: [ app_init ] --END-- [ RunTime:0.000249s ]
INFO: [ app_begin ] --START--
INFO: Run Behavior\ReadHtmlCacheBehavior [ RunTime:0.000308s ]
INFO: [ app_begin ] --END-- [ RunTime:0.000328s ]
SQL: SELECT * FROM `jx_category`  [ RunTime:0.0002s ]
INFO: [ app_end ] --START--
INFO: Run Behavior\ShowPageTraceBehavior [ RunTime:0.000462s ]
INFO: [ app_end ] --END-- [ RunTime:0.000489s ]

[ 2019-09-24T10:32:21+08:00 ] 127.0.0.1 /User/login.html
INFO: [ app_init ] --START--
INFO: Run Behavior\BuildLiteBehavior [ RunTime:0.000006s ]
INFO: [ app_init ] --END-- [ RunTime:0.000245s ]
INFO: [ app_begin ] --START--
INFO: Run Behavior\ReadHtmlCacheBehavior [ RunTime:0.000287s ]
INFO: [ app_begin ] --END-- [ RunTime:0.000306s ]
SQL: SELECT * FROM `jx_category`  [ RunTime:0.0002s ]
ERR: 1064:You have an error in your SQL syntax; check the manual that corresponds to your MySQL server version for the right syntax to use near '' at line 1
 [ SQL语句 ] : SELECT * FROM `jx_user` WHERE ( username = 'user'#' ) LIMIT 1  
ERR: 1064:You have an error in your SQL syntax; check the manual that corresponds to your MySQL server version for the right syntax to use near '' at line 1
 [ SQL语句 ] : SELECT * FROM `jx_user` WHERE ( username = 'user'#' ) LIMIT 1  

[ 2019-09-24T10:32:23+08:00 ] 127.0.0.1 /User/login.html
INFO: [ app_init ] --START--
INFO: Run Behavior\BuildLiteBehavior [ RunTime:0.000005s ]
INFO: [ app_init ] --END-- [ RunTime:0.000228s ]
INFO: [ app_begin ] --START--
INFO: Run Behavior\ReadHtmlCacheBehavior [ RunTime:0.000287s ]
INFO: [ app_begin ] --END-- [ RunTime:0.000303s ]
SQL: SELECT * FROM `jx_category`  [ RunTime:0.0002s ]

[ 2019-09-24T10:32:25+08:00 ] 127.0.0.1 /User/code.html?date=1569292345063
INFO: [ app_init ] --START--
INFO: Run Behavior\BuildLiteBehavior [ RunTime:0.000009s ]
INFO: [ app_init ] --END-- [ RunTime:0.000405s ]
INFO: [ app_begin ] --START--
INFO: Run Behavior\ReadHtmlCacheBehavior [ RunTime:0.000426s ]
INFO: [ app_begin ] --END-- [ RunTime:0.000454s ]
SQL: SELECT * FROM `jx_category`  [ RunTime:0.0003s ]
INFO: [ app_end ] --START--
INFO: Run Behavior\ShowPageTraceBehavior [ RunTime:0.000574s ]
INFO: [ app_end ] --END-- [ RunTime:0.000607s ]

[ 2019-09-24T10:32:32+08:00 ] 127.0.0.1 /User/login.html
INFO: [ app_init ] --START--
INFO: Run Behavior\BuildLiteBehavior [ RunTime:0.000005s ]
INFO: [ app_init ] --END-- [ RunTime:0.000212s ]
INFO: [ app_begin ] --START--
INFO: Run Behavior\ReadHtmlCacheBehavior [ RunTime:0.000319s ]
INFO: [ app_begin ] --END-- [ RunTime:0.000335s ]
SQL: SELECT * FROM `jx_category`  [ RunTime:0.0003s ]

[ 2019-09-24T10:32:34+08:00 ] 127.0.0.1 /User/code.html?date=1569292354327
INFO: [ app_init ] --START--
INFO: Run Behavior\BuildLiteBehavior [ RunTime:0.000004s ]
INFO: [ app_init ] --END-- [ RunTime:0.000259s ]
INFO: [ app_begin ] --START--
INFO: Run Behavior\ReadHtmlCacheBehavior [ RunTime:0.000305s ]
INFO: [ app_begin ] --END-- [ RunTime:0.000324s ]
SQL: SELECT * FROM `jx_category`  [ RunTime:0.0002s ]
INFO: [ app_end ] --START--
INFO: Run Behavior\ShowPageTraceBehavior [ RunTime:0.000457s ]
INFO: [ app_end ] --END-- [ RunTime:0.000484s ]

[ 2019-09-24T10:32:36+08:00 ] 127.0.0.1 /User/code.html?date=1569292356399
INFO: [ app_init ] --START--
INFO: Run Behavior\BuildLiteBehavior [ RunTime:0.000021s ]
INFO: [ app_init ] --END-- [ RunTime:0.000347s ]
INFO: [ app_begin ] --START--
INFO: Run Behavior\ReadHtmlCacheBehavior [ RunTime:0.000288s ]
INFO: [ app_begin ] --END-- [ RunTime:0.000305s ]
SQL: SELECT * FROM `jx_category`  [ RunTime:0.0003s ]
INFO: [ app_end ] --START--
INFO: Run Behavior\ShowPageTraceBehavior [ RunTime:0.000319s ]
INFO: [ app_end ] --END-- [ RunTime:0.000341s ]

[ 2019-09-24T10:32:42+08:00 ] 127.0.0.1 /User/login.html
INFO: [ app_init ] --START--
INFO: Run Behavior\BuildLiteBehavior [ RunTime:0.000006s ]
INFO: [ app_init ] --END-- [ RunTime:0.000288s ]
INFO: [ app_begin ] --START--
INFO: Run Behavior\ReadHtmlCacheBehavior [ RunTime:0.000296s ]
INFO: [ app_begin ] --END-- [ RunTime:0.000312s ]
SQL: SELECT * FROM `jx_category`  [ RunTime:0.0003s ]
ERR: 1064:You have an error in your SQL syntax; check the manual that corresponds to your MySQL server version for the right syntax to use near '' at line 1
 [ SQL语句 ] : SELECT * FROM `jx_user` WHERE ( username = 'user'#' ) LIMIT 1  
ERR: 1064:You have an error in your SQL syntax; check the manual that corresponds to your MySQL server version for the right syntax to use near '' at line 1
 [ SQL语句 ] : SELECT * FROM `jx_user` WHERE ( username = 'user'#' ) LIMIT 1  

[ 2019-09-24T10:49:13+08:00 ] 127.0.0.1 /Category/index/id/2.html
INFO: [ app_init ] --START--
INFO: Run Behavior\BuildLiteBehavior [ RunTime:0.000005s ]
INFO: [ app_init ] --END-- [ RunTime:0.000354s ]
INFO: [ app_begin ] --START--
INFO: Run Behavior\ReadHtmlCacheBehavior [ RunTime:0.000630s ]
INFO: [ app_begin ] --END-- [ RunTime:0.000652s ]
SQL: SELECT * FROM `jx_category`  [ RunTime:0.0003s ]
NOTIC: [2] Declaration of Admin\Model\GoodsModel::_before_insert(&$data) should be compatible with Think\Model::_before_insert(&$data, $options) D:\phpStudy\PHPTutorial\WWW\jxshop\Application\Admin\Model\GoodsModel.class.php 第 400 行.
NOTIC: [2] Declaration of Admin\Model\GoodsModel::_after_insert($data) should be compatible with Think\Model::_after_insert($data, $options) D:\phpStudy\PHPTutorial\WWW\jxshop\Application\Admin\Model\GoodsModel.class.php 第 400 行.
SQL: SELECT * FROM `jx_category`  [ RunTime:0.0004s ]
SQL: SELECT max(shop_price) as max_price,min(shop_price) as min_price,count(id) as goods_count,group_concat(id) as goods_ids FROM `jx_goods` WHERE ( is_sale = 1 and cate_id in(11,12,2) ) LIMIT 1   [ RunTime:0.0242s ]
SQL: SHOW COLUMNS FROM `jx_goods_attr` [ RunTime:0.0051s ]
SQL: SELECT distinct a.attr_id,a.attr_values,b.attr_name FROM jx_goods_attr a left join jx_attribute b on a.attr_id=b.id  WHERE ( a.goods_id in (2,3) )  [ RunTime:0.0010s ]
SQL: SELECT COUNT(*) AS tp_count FROM `jx_goods` WHERE ( is_sale = 1 and cate_id in(11,12,2) ) LIMIT 1   [ RunTime:0.0003s ]
SQL: SELECT * FROM `jx_goods` WHERE ( is_sale = 1 and cate_id in(11,12,2) ) ORDER BY sale_number desc LIMIT 0,8   [ RunTime:0.0004s ]
INFO: [ view_parse ] --START--
INFO: [ template_filter ] --START--
INFO: Run Behavior\ContentReplaceBehavior [ RunTime:0.000085s ]
INFO: [ template_filter ] --END-- [ RunTime:0.000108s ]
NOTIC: [8] Array to string conversion D:\phpStudy\PHPTutorial\WWW\jxshop\Application\Common\Common\function.php 第 31 行.
NOTIC: [8] Undefined index: price D:\phpStudy\PHPTutorial\WWW\jxshop\Application\Runtime\Cache\Home\d47f7e8b5d40353c26583cfdcb9e3b02.php 第 390 行.
NOTIC: [8] Undefined index: price D:\phpStudy\PHPTutorial\WWW\jxshop\Application\Runtime\Cache\Home\d47f7e8b5d40353c26583cfdcb9e3b02.php 第 390 行.
NOTIC: [8] Undefined index: price D:\phpStudy\PHPTutorial\WWW\jxshop\Application\Runtime\Cache\Home\d47f7e8b5d40353c26583cfdcb9e3b02.php 第 390 行.
NOTIC: [8] Undefined index: price D:\phpStudy\PHPTutorial\WWW\jxshop\Application\Runtime\Cache\Home\d47f7e8b5d40353c26583cfdcb9e3b02.php 第 390 行.
NOTIC: [8] Undefined variable: sort D:\phpStudy\PHPTutorial\WWW\jxshop\Application\Common\Common\function.php 第 31 行.
NOTIC: [8] Undefined variable: price D:\phpStudy\PHPTutorial\WWW\jxshop\Application\Common\Common\function.php 第 31 行.
NOTIC: [8] Undefined variable: sort D:\phpStudy\PHPTutorial\WWW\jxshop\Application\Common\Common\function.php 第 31 行.
NOTIC: [8] Undefined variable: price D:\phpStudy\PHPTutorial\WWW\jxshop\Application\Common\Common\function.php 第 31 行.
NOTIC: [8] Undefined index: sort D:\phpStudy\PHPTutorial\WWW\jxshop\Application\Runtime\Cache\Home\d47f7e8b5d40353c26583cfdcb9e3b02.php 第 407 行.
NOTIC: [2] Use of undefined constant sale_number - assumed 'sale_number' (this will throw an Error in a future version of PHP) D:\phpStudy\PHPTutorial\WWW\jxshop\Application\Runtime\Cache\Home\d47f7e8b5d40353c26583cfdcb9e3b02.php 第 407 行.
NOTIC: [8] Undefined index: sort D:\phpStudy\PHPTutorial\WWW\jxshop\Application\Runtime\Cache\Home\d47f7e8b5d40353c26583cfdcb9e3b02.php 第 407 行.
NOTIC: [8] Undefined index: sort D:\phpStudy\PHPTutorial\WWW\jxshop\Application\Runtime\Cache\Home\d47f7e8b5d40353c26583cfdcb9e3b02.php 第 408 行.
NOTIC: [8] Undefined index: sort D:\phpStudy\PHPTutorial\WWW\jxshop\Application\Runtime\Cache\Home\d47f7e8b5d40353c26583cfdcb9e3b02.php 第 409 行.
NOTIC: [8] Undefined index: sort D:\phpStudy\PHPTutorial\WWW\jxshop\Application\Runtime\Cache\Home\d47f7e8b5d40353c26583cfdcb9e3b02.php 第 410 行.
INFO: Run Behavior\ParseTemplateBehavior [ RunTime:0.025532s ]
INFO: [ view_parse ] --END-- [ RunTime:0.025553s ]
INFO: [ view_filter ] --START--
INFO: Run Behavior\WriteHtmlCacheBehavior [ RunTime:0.000335s ]
INFO: [ view_filter ] --END-- [ RunTime:0.000353s ]
INFO: [ app_end ] --START--
INFO: Run Behavior\ShowPageTraceBehavior [ RunTime:0.000703s ]
INFO: [ app_end ] --END-- [ RunTime:0.000729s ]

[ 2019-09-24T10:49:18+08:00 ] 127.0.0.1 /Category/index/id/11.html
INFO: [ app_init ] --START--
INFO: Run Behavior\BuildLiteBehavior [ RunTime:0.000005s ]
INFO: [ app_init ] --END-- [ RunTime:0.000280s ]
INFO: [ app_begin ] --START--
INFO: Run Behavior\ReadHtmlCacheBehavior [ RunTime:0.000322s ]
INFO: [ app_begin ] --END-- [ RunTime:0.000339s ]
SQL: SELECT * FROM `jx_category`  [ RunTime:0.0003s ]
NOTIC: [2] Declaration of Admin\Model\GoodsModel::_before_insert(&$data) should be compatible with Think\Model::_before_insert(&$data, $options) D:\phpStudy\PHPTutorial\WWW\jxshop\Application\Admin\Model\GoodsModel.class.php 第 400 行.
NOTIC: [2] Declaration of Admin\Model\GoodsModel::_after_insert($data) should be compatible with Think\Model::_after_insert($data, $options) D:\phpStudy\PHPTutorial\WWW\jxshop\Application\Admin\Model\GoodsModel.class.php 第 400 行.
SQL: SELECT * FROM `jx_category`  [ RunTime:0.0003s ]
NOTIC: [8] Undefined variable: tree D:\phpStudy\PHPTutorial\WWW\jxshop\Application\Admin\Model\CategoryModel.class.php 第 20 行.
SQL: SELECT max(shop_price) as max_price,min(shop_price) as min_price,count(id) as goods_count,group_concat(id) as goods_ids FROM `jx_goods` WHERE ( is_sale = 1 and cate_id in(11) ) LIMIT 1   [ RunTime:0.0003s ]
SQL: SHOW COLUMNS FROM `jx_goods_attr` [ RunTime:0.0064s ]
SQL: SELECT distinct a.attr_id,a.attr_values,b.attr_name FROM jx_goods_attr a left join jx_attribute b on a.attr_id=b.id  WHERE ( a.goods_id in (3) )  [ RunTime:0.0004s ]
SQL: SELECT COUNT(*) AS tp_count FROM `jx_goods` WHERE ( is_sale = 1 and cate_id in(11) ) LIMIT 1   [ RunTime:0.0002s ]
SQL: SELECT * FROM `jx_goods` WHERE ( is_sale = 1 and cate_id in(11) ) ORDER BY sale_number desc LIMIT 0,8   [ RunTime:0.0003s ]
NOTIC: [8] Undefined variable: price D:\phpStudy\PHPTutorial\WWW\jxshop\Application\Admin\Model\GoodsModel.class.php 第 398 行.
NOTIC: [8] Undefined variable: attrwhere D:\phpStudy\PHPTutorial\WWW\jxshop\Application\Admin\Model\GoodsModel.class.php 第 398 行.
INFO: [ view_parse ] --START--
INFO: [ template_filter ] --START--
INFO: Run Behavior\ContentReplaceBehavior [ RunTime:0.000090s ]
INFO: [ template_filter ] --END-- [ RunTime:0.000115s ]
NOTIC: [8] Array to string conversion D:\phpStudy\PHPTutorial\WWW\jxshop\Application\Common\Common\function.php 第 31 行.
NOTIC: [8] Undefined index: sort D:\phpStudy\PHPTutorial\WWW\jxshop\Application\Runtime\Cache\Home\d47f7e8b5d40353c26583cfdcb9e3b02.php 第 407 行.
NOTIC: [2] Use of undefined constant sale_number - assumed 'sale_number' (this will throw an Error in a future version of PHP) D:\phpStudy\PHPTutorial\WWW\jxshop\Application\Runtime\Cache\Home\d47f7e8b5d40353c26583cfdcb9e3b02.php 第 407 行.
NOTIC: [8] Undefined index: sort D:\phpStudy\PHPTutorial\WWW\jxshop\Application\Runtime\Cache\Home\d47f7e8b5d40353c26583cfdcb9e3b02.php 第 407 行.
NOTIC: [8] Undefined index: sort D:\phpStudy\PHPTutorial\WWW\jxshop\Application\Runtime\Cache\Home\d47f7e8b5d40353c26583cfdcb9e3b02.php 第 408 行.
NOTIC: [8] Undefined index: sort D:\phpStudy\PHPTutorial\WWW\jxshop\Application\Runtime\Cache\Home\d47f7e8b5d40353c26583cfdcb9e3b02.php 第 409 行.
NOTIC: [8] Undefined index: sort D:\phpStudy\PHPTutorial\WWW\jxshop\Application\Runtime\Cache\Home\d47f7e8b5d40353c26583cfdcb9e3b02.php 第 410 行.
INFO: Run Behavior\ParseTemplateBehavior [ RunTime:0.008875s ]
INFO: [ view_parse ] --END-- [ RunTime:0.008897s ]
INFO: [ view_filter ] --START--
INFO: Run Behavior\WriteHtmlCacheBehavior [ RunTime:0.000173s ]
INFO: [ view_filter ] --END-- [ RunTime:0.000187s ]
INFO: [ app_end ] --START--
INFO: Run Behavior\ShowPageTraceBehavior [ RunTime:0.000479s ]
INFO: [ app_end ] --END-- [ RunTime:0.000500s ]

[ 2019-09-24T10:49:27+08:00 ] 127.0.0.1 /Goods/index/goods_id/3.html
INFO: [ app_init ] --START--
INFO: Run Behavior\BuildLiteBehavior [ RunTime:0.000015s ]
INFO: [ app_init ] --END-- [ RunTime:0.000275s ]
INFO: [ app_begin ] --START--
INFO: Run Behavior\ReadHtmlCacheBehavior [ RunTime:0.000292s ]
INFO: [ app_begin ] --END-- [ RunTime:0.000312s ]
SQL: SELECT * FROM `jx_category`  [ RunTime:0.0002s ]
NOTIC: [2] Declaration of Admin\Model\GoodsModel::_before_insert(&$data) should be compatible with Think\Model::_before_insert(&$data, $options) D:\phpStudy\PHPTutorial\WWW\jxshop\Application\Admin\Model\GoodsModel.class.php 第 400 行.
NOTIC: [2] Declaration of Admin\Model\GoodsModel::_after_insert($data) should be compatible with Think\Model::_after_insert($data, $options) D:\phpStudy\PHPTutorial\WWW\jxshop\Application\Admin\Model\GoodsModel.class.php 第 400 行.
SQL: SELECT * FROM `jx_goods` WHERE ( is_sale = 1 and id = 3 ) LIMIT 1   [ RunTime:0.0002s ]
SQL: SHOW COLUMNS FROM `jx_goods_img` [ RunTime:0.0118s ]
SQL: SELECT * FROM `jx_goods_img` WHERE ( goods_id = 3 )  [ RunTime:0.0006s ]
SQL: SHOW COLUMNS FROM `jx_goods_attr` [ RunTime:0.0053s ]
SQL: SELECT a.*,b.attr_name,b.attr_type FROM jx_goods_attr a left join jx_attribute as b on a.attr_id = b.id  WHERE ( a.goods_id = 3 )  [ RunTime:0.0002s ]
NOTIC: [8] Undefined variable: uniqid D:\phpStudy\PHPTutorial\WWW\jxshop\Application\Home\Controller\GoodsController.class.php 第 42 行.
NOTIC: [8] Undefined variable: sigle D:\phpStudy\PHPTutorial\WWW\jxshop\Application\Home\Controller\GoodsController.class.php 第 43 行.
NOTIC: [2] Declaration of Home\Model\CommentModel::_before_insert(&$data) should be compatible with Think\Model::_before_insert(&$data, $options) D:\phpStudy\PHPTutorial\WWW\jxshop\Application\Home\Model\CommentModel.class.php 第 62 行.
NOTIC: [2] Declaration of Home\Model\CommentModel::_after_insert($data) should be compatible with Think\Model::_after_insert($data, $options) D:\phpStudy\PHPTutorial\WWW\jxshop\Application\Home\Model\CommentModel.class.php 第 62 行.
SQL: SELECT COUNT(*) AS tp_count FROM `jx_comment` WHERE ( goods_id = 3 ) LIMIT 1   [ RunTime:0.0616s ]
SQL: SELECT a.*,b.username FROM jx_comment a left join jx_user as b on a.user_id = b.id  WHERE ( a.goods_id=3 ) LIMIT 0,3   [ RunTime:0.0004s ]
SQL: SHOW COLUMNS FROM `jx_impression` [ RunTime:0.0318s ]
SQL: SELECT * FROM `jx_impression` WHERE ( goods_id =3 ) LIMIT 8   [ RunTime:0.0003s ]
INFO: [ view_parse ] --START--
INFO: [ template_filter ] --START--
INFO: Run Behavior\ContentReplaceBehavior [ RunTime:0.000140s ]
INFO: [ template_filter ] --END-- [ RunTime:0.000163s ]
NOTIC: [8] Undefined variable: goods_addtime D:\phpStudy\PHPTutorial\WWW\jxshop\Application\Runtime\Cache\Home\7b3635392bd764ae088d371efaef15dc.php 第 358 行.
INFO: Run Behavior\ParseTemplateBehavior [ RunTime:0.008945s ]
INFO: [ view_parse ] --END-- [ RunTime:0.008964s ]
INFO: [ view_filter ] --START--
INFO: Run Behavior\WriteHtmlCacheBehavior [ RunTime:0.000260s ]
INFO: [ view_filter ] --END-- [ RunTime:0.000274s ]
INFO: [ app_end ] --START--
INFO: Run Behavior\ShowPageTraceBehavior [ RunTime:0.000491s ]
INFO: [ app_end ] --END-- [ RunTime:0.000535s ]

[ 2019-09-24T10:49:27+08:00 ] 127.0.0.1 /Public/Home/images/zoomloader.gif
INFO: [ app_init ] --START--
INFO: Run Behavior\BuildLiteBehavior [ RunTime:0.000012s ]
INFO: [ app_init ] --END-- [ RunTime:0.000521s ]

[ 2019-09-24T10:50:11+08:00 ] 127.0.0.1 /Goods/index/goods_id/3.html
INFO: [ app_init ] --START--
INFO: Run Behavior\BuildLiteBehavior [ RunTime:0.000007s ]
INFO: [ app_init ] --END-- [ RunTime:0.000265s ]
INFO: [ app_begin ] --START--
INFO: Run Behavior\ReadHtmlCacheBehavior [ RunTime:0.000466s ]
INFO: [ app_begin ] --END-- [ RunTime:0.000552s ]
SQL: SELECT * FROM `jx_category`  [ RunTime:0.0003s ]
NOTIC: [2] Declaration of Admin\Model\GoodsModel::_before_insert(&$data) should be compatible with Think\Model::_before_insert(&$data, $options) D:\phpStudy\PHPTutorial\WWW\jxshop\Application\Admin\Model\GoodsModel.class.php 第 400 行.
NOTIC: [2] Declaration of Admin\Model\GoodsModel::_after_insert($data) should be compatible with Think\Model::_after_insert($data, $options) D:\phpStudy\PHPTutorial\WWW\jxshop\Application\Admin\Model\GoodsModel.class.php 第 400 行.
SQL: SELECT * FROM `jx_goods` WHERE ( is_sale = 1 and id = 3 ) LIMIT 1   [ RunTime:0.0003s ]
SQL: SHOW COLUMNS FROM `jx_goods_img` [ RunTime:0.0111s ]
SQL: SELECT * FROM `jx_goods_img` WHERE ( goods_id = 3 )  [ RunTime:0.0003s ]
SQL: SHOW COLUMNS FROM `jx_goods_attr` [ RunTime:0.0049s ]
SQL: SELECT a.*,b.attr_name,b.attr_type FROM jx_goods_attr a left join jx_attribute as b on a.attr_id = b.id  WHERE ( a.goods_id = 3 )  [ RunTime:0.0002s ]
NOTIC: [8] Undefined variable: uniqid D:\phpStudy\PHPTutorial\WWW\jxshop\Application\Home\Controller\GoodsController.class.php 第 42 行.
NOTIC: [8] Undefined variable: sigle D:\phpStudy\PHPTutorial\WWW\jxshop\Application\Home\Controller\GoodsController.class.php 第 43 行.
NOTIC: [2] Declaration of Home\Model\CommentModel::_before_insert(&$data) should be compatible with Think\Model::_before_insert(&$data, $options) D:\phpStudy\PHPTutorial\WWW\jxshop\Application\Home\Model\CommentModel.class.php 第 62 行.
NOTIC: [2] Declaration of Home\Model\CommentModel::_after_insert($data) should be compatible with Think\Model::_after_insert($data, $options) D:\phpStudy\PHPTutorial\WWW\jxshop\Application\Home\Model\CommentModel.class.php 第 62 行.
SQL: SELECT COUNT(*) AS tp_count FROM `jx_comment` WHERE ( goods_id = 3 ) LIMIT 1   [ RunTime:0.0002s ]
SQL: SELECT a.*,b.username FROM jx_comment a left join jx_user as b on a.user_id = b.id  WHERE ( a.goods_id=3 ) LIMIT 0,3   [ RunTime:0.0002s ]
SQL: SHOW COLUMNS FROM `jx_impression` [ RunTime:0.0053s ]
SQL: SELECT * FROM `jx_impression` WHERE ( goods_id =3 ) LIMIT 8   [ RunTime:0.0002s ]
INFO: [ view_parse ] --START--
INFO: [ template_filter ] --START--
INFO: Run Behavior\ContentReplaceBehavior [ RunTime:0.000100s ]
INFO: [ template_filter ] --END-- [ RunTime:0.000122s ]
NOTIC: [8] Undefined variable: goods_addtime D:\phpStudy\PHPTutorial\WWW\jxshop\Application\Runtime\Cache\Home\7b3635392bd764ae088d371efaef15dc.php 第 358 行.
INFO: Run Behavior\ParseTemplateBehavior [ RunTime:0.008737s ]
INFO: [ view_parse ] --END-- [ RunTime:0.008759s ]
INFO: [ view_filter ] --START--
INFO: Run Behavior\WriteHtmlCacheBehavior [ RunTime:0.000262s ]
INFO: [ view_filter ] --END-- [ RunTime:0.000279s ]
INFO: [ app_end ] --START--
INFO: Run Behavior\ShowPageTraceBehavior [ RunTime:0.000508s ]
INFO: [ app_end ] --END-- [ RunTime:0.000530s ]

[ 2019-09-24T10:50:11+08:00 ] 127.0.0.1 /Public/Home/images/zoomloader.gif
INFO: [ app_init ] --START--
INFO: Run Behavior\BuildLiteBehavior [ RunTime:0.000009s ]
INFO: [ app_init ] --END-- [ RunTime:0.000499s ]

[ 2019-09-24T10:50:15+08:00 ] 127.0.0.1 /Goods/index/goods_id/3.html
INFO: [ app_init ] --START--
INFO: Run Behavior\BuildLiteBehavior [ RunTime:0.000005s ]
INFO: [ app_init ] --END-- [ RunTime:0.000210s ]
INFO: [ app_begin ] --START--
INFO: Run Behavior\ReadHtmlCacheBehavior [ RunTime:0.000276s ]
INFO: [ app_begin ] --END-- [ RunTime:0.000332s ]
SQL: SELECT * FROM `jx_category`  [ RunTime:0.0003s ]
NOTIC: [2] Declaration of Admin\Model\GoodsModel::_before_insert(&$data) should be compatible with Think\Model::_before_insert(&$data, $options) D:\phpStudy\PHPTutorial\WWW\jxshop\Application\Admin\Model\GoodsModel.class.php 第 400 行.
NOTIC: [2] Declaration of Admin\Model\GoodsModel::_after_insert($data) should be compatible with Think\Model::_after_insert($data, $options) D:\phpStudy\PHPTutorial\WWW\jxshop\Application\Admin\Model\GoodsModel.class.php 第 400 行.
SQL: SELECT * FROM `jx_goods` WHERE ( is_sale = 1 and id = 3 ) LIMIT 1   [ RunTime:0.0004s ]
SQL: SHOW COLUMNS FROM `jx_goods_img` [ RunTime:0.0112s ]
SQL: SELECT * FROM `jx_goods_img` WHERE ( goods_id = 3 )  [ RunTime:0.0002s ]
SQL: SHOW COLUMNS FROM `jx_goods_attr` [ RunTime:0.0044s ]
SQL: SELECT a.*,b.attr_name,b.attr_type FROM jx_goods_attr a left join jx_attribute as b on a.attr_id = b.id  WHERE ( a.goods_id = 3 )  [ RunTime:0.0003s ]
NOTIC: [8] Undefined variable: uniqid D:\phpStudy\PHPTutorial\WWW\jxshop\Application\Home\Controller\GoodsController.class.php 第 42 行.
NOTIC: [8] Undefined variable: sigle D:\phpStudy\PHPTutorial\WWW\jxshop\Application\Home\Controller\GoodsController.class.php 第 43 行.
NOTIC: [2] Declaration of Home\Model\CommentModel::_before_insert(&$data) should be compatible with Think\Model::_before_insert(&$data, $options) D:\phpStudy\PHPTutorial\WWW\jxshop\Application\Home\Model\CommentModel.class.php 第 62 行.
NOTIC: [2] Declaration of Home\Model\CommentModel::_after_insert($data) should be compatible with Think\Model::_after_insert($data, $options) D:\phpStudy\PHPTutorial\WWW\jxshop\Application\Home\Model\CommentModel.class.php 第 62 行.
SQL: SELECT COUNT(*) AS tp_count FROM `jx_comment` WHERE ( goods_id = 3 ) LIMIT 1   [ RunTime:0.0002s ]
SQL: SELECT a.*,b.username FROM jx_comment a left join jx_user as b on a.user_id = b.id  WHERE ( a.goods_id=3 ) LIMIT 0,3   [ RunTime:0.0003s ]
SQL: SHOW COLUMNS FROM `jx_impression` [ RunTime:0.0047s ]
SQL: SELECT * FROM `jx_impression` WHERE ( goods_id =3 ) LIMIT 8   [ RunTime:0.0003s ]
INFO: [ view_parse ] --START--
INFO: [ template_filter ] --START--
INFO: Run Behavior\ContentReplaceBehavior [ RunTime:0.000099s ]
INFO: [ template_filter ] --END-- [ RunTime:0.000122s ]
NOTIC: [8] Undefined variable: goods_addtime D:\phpStudy\PHPTutorial\WWW\jxshop\Application\Runtime\Cache\Home\7b3635392bd764ae088d371efaef15dc.php 第 358 行.
INFO: Run Behavior\ParseTemplateBehavior [ RunTime:0.009086s ]
INFO: [ view_parse ] --END-- [ RunTime:0.009104s ]
INFO: [ view_filter ] --START--
INFO: Run Behavior\WriteHtmlCacheBehavior [ RunTime:0.000188s ]
INFO: [ view_filter ] --END-- [ RunTime:0.000202s ]
INFO: [ app_end ] --START--
INFO: Run Behavior\ShowPageTraceBehavior [ RunTime:0.000498s ]
INFO: [ app_end ] --END-- [ RunTime:0.000522s ]

