[ 2019-09-23T09:09:49+08:00 ] 127.0.0.1 /Goods/index/goods_id/1.html
INFO: [ app_init ] --START--
INFO: Run Behavior\BuildLiteBehavior [ RunTime:0.000007s ]
INFO: [ app_init ] --END-- [ RunTime:0.000544s ]
INFO: [ app_begin ] --START--
INFO: Run Behavior\ReadHtmlCacheBehavior [ RunTime:0.000569s ]
INFO: [ app_begin ] --END-- [ RunTime:0.000610s ]
SQL: SELECT * FROM `jx_category`  [ RunTime:0.0131s ]
NOTIC: [2] Declaration of Admin\Model\GoodsModel::_before_insert(&$data) should be compatible with Think\Model::_before_insert(&$data, $options) D:\phpStudy\PHPTutorial\WWW\jxshop\Application\Admin\Model\GoodsModel.class.php 第 400 行.
NOTIC: [2] Declaration of Admin\Model\GoodsModel::_after_insert($data) should be compatible with Think\Model::_after_insert($data, $options) D:\phpStudy\PHPTutorial\WWW\jxshop\Application\Admin\Model\GoodsModel.class.php 第 400 行.
SQL: SELECT * FROM `jx_goods` WHERE ( is_sale = 1 and id = 1 ) LIMIT 1   [ RunTime:0.0005s ]
SQL: SHOW COLUMNS FROM `jx_goods_img` [ RunTime:0.0057s ]
SQL: SELECT * FROM `jx_goods_img` WHERE ( goods_id = 1 )  [ RunTime:0.0002s ]
SQL: SHOW COLUMNS FROM `jx_goods_attr` [ RunTime:0.0045s ]
SQL: SELECT a.*,b.attr_name,b.attr_type FROM jx_goods_attr a left join jx_attribute as b on a.attr_id = b.id  WHERE ( a.goods_id = 1 )  [ RunTime:0.0130s ]
NOTIC: [2] Declaration of Home\Model\CommentModel::_before_insert(&$data) should be compatible with Think\Model::_before_insert(&$data, $options) D:\phpStudy\PHPTutorial\WWW\jxshop\Application\Home\Model\CommentModel.class.php 第 62 行.
NOTIC: [2] Declaration of Home\Model\CommentModel::_after_insert($data) should be compatible with Think\Model::_after_insert($data, $options) D:\phpStudy\PHPTutorial\WWW\jxshop\Application\Home\Model\CommentModel.class.php 第 62 行.
SQL: SELECT COUNT(*) AS tp_count FROM `jx_comment` WHERE ( goods_id = 1 ) LIMIT 1   [ RunTime:0.0307s ]
SQL: SELECT a.*,b.username FROM jx_comment a left join jx_user as b on a.user_id = b.id  WHERE ( a.goods_id=1 ) LIMIT 0,3   [ RunTime:0.0005s ]
SQL: SHOW COLUMNS FROM `jx_impression` [ RunTime:0.0171s ]
SQL: SELECT * FROM `jx_impression` WHERE ( goods_id =1 ) LIMIT 8   [ RunTime:0.0004s ]
INFO: [ view_parse ] --START--
INFO: [ template_filter ] --START--
INFO: Run Behavior\ContentReplaceBehavior [ RunTime:0.017814s ]
INFO: [ template_filter ] --END-- [ RunTime:0.017843s ]
NOTIC: [8] Undefined variable: goods_addtime D:\phpStudy\PHPTutorial\WWW\jxshop\Application\Runtime\Cache\Home\7b3635392bd764ae088d371efaef15dc.php 第 358 行.
INFO: Run Behavior\ParseTemplateBehavior [ RunTime:0.046200s ]
INFO: [ view_parse ] --END-- [ RunTime:0.046218s ]
INFO: [ view_filter ] --START--
INFO: Run Behavior\WriteHtmlCacheBehavior [ RunTime:0.000280s ]
INFO: [ view_filter ] --END-- [ RunTime:0.000294s ]
INFO: [ app_end ] --START--
INFO: Run Behavior\ShowPageTraceBehavior [ RunTime:0.000594s ]
INFO: [ app_end ] --END-- [ RunTime:0.000614s ]

[ 2019-09-23T09:09:49+08:00 ] 127.0.0.1 /Public/Home/images/zoomloader.gif
INFO: [ app_init ] --START--
INFO: Run Behavior\BuildLiteBehavior [ RunTime:0.000006s ]
INFO: [ app_init ] --END-- [ RunTime:0.000294s ]

[ 2019-09-23T09:09:55+08:00 ] 127.0.0.1 /Goods/index/goods_id/1/p/2.html
INFO: [ app_init ] --START--
INFO: Run Behavior\BuildLiteBehavior [ RunTime:0.000008s ]
INFO: [ app_init ] --END-- [ RunTime:0.000342s ]
INFO: [ app_begin ] --START--
INFO: Run Behavior\ReadHtmlCacheBehavior [ RunTime:0.000477s ]
INFO: [ app_begin ] --END-- [ RunTime:0.000503s ]
SQL: SELECT * FROM `jx_category`  [ RunTime:0.0002s ]
NOTIC: [2] Declaration of Admin\Model\GoodsModel::_before_insert(&$data) should be compatible with Think\Model::_before_insert(&$data, $options) D:\phpStudy\PHPTutorial\WWW\jxshop\Application\Admin\Model\GoodsModel.class.php 第 400 行.
NOTIC: [2] Declaration of Admin\Model\GoodsModel::_after_insert($data) should be compatible with Think\Model::_after_insert($data, $options) D:\phpStudy\PHPTutorial\WWW\jxshop\Application\Admin\Model\GoodsModel.class.php 第 400 行.
SQL: SELECT * FROM `jx_goods` WHERE ( is_sale = 1 and id = 1 ) LIMIT 1   [ RunTime:0.0003s ]
SQL: SHOW COLUMNS FROM `jx_goods_img` [ RunTime:0.0037s ]
SQL: SELECT * FROM `jx_goods_img` WHERE ( goods_id = 1 )  [ RunTime:0.0002s ]
SQL: SHOW COLUMNS FROM `jx_goods_attr` [ RunTime:0.0043s ]
SQL: SELECT a.*,b.attr_name,b.attr_type FROM jx_goods_attr a left join jx_attribute as b on a.attr_id = b.id  WHERE ( a.goods_id = 1 )  [ RunTime:0.0003s ]
NOTIC: [2] Declaration of Home\Model\CommentModel::_before_insert(&$data) should be compatible with Think\Model::_before_insert(&$data, $options) D:\phpStudy\PHPTutorial\WWW\jxshop\Application\Home\Model\CommentModel.class.php 第 62 行.
NOTIC: [2] Declaration of Home\Model\CommentModel::_after_insert($data) should be compatible with Think\Model::_after_insert($data, $options) D:\phpStudy\PHPTutorial\WWW\jxshop\Application\Home\Model\CommentModel.class.php 第 62 行.
SQL: SELECT COUNT(*) AS tp_count FROM `jx_comment` WHERE ( goods_id = 1 ) LIMIT 1   [ RunTime:0.0002s ]
SQL: SELECT a.*,b.username FROM jx_comment a left join jx_user as b on a.user_id = b.id  WHERE ( a.goods_id=1 ) LIMIT 3,3   [ RunTime:0.0004s ]
SQL: SHOW COLUMNS FROM `jx_impression` [ RunTime:0.0037s ]
SQL: SELECT * FROM `jx_impression` WHERE ( goods_id =1 ) LIMIT 8   [ RunTime:0.0002s ]
INFO: [ view_parse ] --START--
INFO: [ template_filter ] --START--
INFO: Run Behavior\ContentReplaceBehavior [ RunTime:0.000116s ]
INFO: [ template_filter ] --END-- [ RunTime:0.000159s ]
NOTIC: [8] Undefined variable: goods_addtime D:\phpStudy\PHPTutorial\WWW\jxshop\Application\Runtime\Cache\Home\7b3635392bd764ae088d371efaef15dc.php 第 358 行.
INFO: Run Behavior\ParseTemplateBehavior [ RunTime:0.008403s ]
INFO: [ view_parse ] --END-- [ RunTime:0.008422s ]
INFO: [ view_filter ] --START--
INFO: Run Behavior\WriteHtmlCacheBehavior [ RunTime:0.000273s ]
INFO: [ view_filter ] --END-- [ RunTime:0.000291s ]
INFO: [ app_end ] --START--
INFO: Run Behavior\ShowPageTraceBehavior [ RunTime:0.000546s ]
INFO: [ app_end ] --END-- [ RunTime:0.000571s ]

[ 2019-09-23T09:10:04+08:00 ] 127.0.0.1 /Goods/index/goods_id/1.html
INFO: [ app_init ] --START--
INFO: Run Behavior\BuildLiteBehavior [ RunTime:0.000007s ]
INFO: [ app_init ] --END-- [ RunTime:0.000265s ]
INFO: [ app_begin ] --START--
INFO: Run Behavior\ReadHtmlCacheBehavior [ RunTime:0.000262s ]
INFO: [ app_begin ] --END-- [ RunTime:0.000279s ]
SQL: SELECT * FROM `jx_category`  [ RunTime:0.0004s ]
NOTIC: [2] Declaration of Admin\Model\GoodsModel::_before_insert(&$data) should be compatible with Think\Model::_before_insert(&$data, $options) D:\phpStudy\PHPTutorial\WWW\jxshop\Application\Admin\Model\GoodsModel.class.php 第 400 行.
NOTIC: [2] Declaration of Admin\Model\GoodsModel::_after_insert($data) should be compatible with Think\Model::_after_insert($data, $options) D:\phpStudy\PHPTutorial\WWW\jxshop\Application\Admin\Model\GoodsModel.class.php 第 400 行.
SQL: SELECT * FROM `jx_goods` WHERE ( is_sale = 1 and id = 1 ) LIMIT 1   [ RunTime:0.0004s ]
SQL: SHOW COLUMNS FROM `jx_goods_img` [ RunTime:0.0103s ]
SQL: SELECT * FROM `jx_goods_img` WHERE ( goods_id = 1 )  [ RunTime:0.0002s ]
SQL: SHOW COLUMNS FROM `jx_goods_attr` [ RunTime:0.0047s ]
SQL: SELECT a.*,b.attr_name,b.attr_type FROM jx_goods_attr a left join jx_attribute as b on a.attr_id = b.id  WHERE ( a.goods_id = 1 )  [ RunTime:0.0003s ]
NOTIC: [2] Declaration of Home\Model\CommentModel::_before_insert(&$data) should be compatible with Think\Model::_before_insert(&$data, $options) D:\phpStudy\PHPTutorial\WWW\jxshop\Application\Home\Model\CommentModel.class.php 第 62 行.
NOTIC: [2] Declaration of Home\Model\CommentModel::_after_insert($data) should be compatible with Think\Model::_after_insert($data, $options) D:\phpStudy\PHPTutorial\WWW\jxshop\Application\Home\Model\CommentModel.class.php 第 62 行.
SQL: SELECT COUNT(*) AS tp_count FROM `jx_comment` WHERE ( goods_id = 1 ) LIMIT 1   [ RunTime:0.0002s ]
SQL: SELECT a.*,b.username FROM jx_comment a left join jx_user as b on a.user_id = b.id  WHERE ( a.goods_id=1 ) LIMIT 0,3   [ RunTime:0.0004s ]
SQL: SHOW COLUMNS FROM `jx_impression` [ RunTime:0.0036s ]
SQL: SELECT * FROM `jx_impression` WHERE ( goods_id =1 ) LIMIT 8   [ RunTime:0.0002s ]
INFO: [ view_parse ] --START--
INFO: [ template_filter ] --START--
INFO: Run Behavior\ContentReplaceBehavior [ RunTime:0.000120s ]
INFO: [ template_filter ] --END-- [ RunTime:0.000178s ]
NOTIC: [8] Undefined variable: goods_addtime D:\phpStudy\PHPTutorial\WWW\jxshop\Application\Runtime\Cache\Home\7b3635392bd764ae088d371efaef15dc.php 第 358 行.
INFO: Run Behavior\ParseTemplateBehavior [ RunTime:0.009047s ]
INFO: [ view_parse ] --END-- [ RunTime:0.009065s ]
INFO: [ view_filter ] --START--
INFO: Run Behavior\WriteHtmlCacheBehavior [ RunTime:0.000200s ]
INFO: [ view_filter ] --END-- [ RunTime:0.000213s ]
INFO: [ app_end ] --START--
INFO: Run Behavior\ShowPageTraceBehavior [ RunTime:0.000366s ]
INFO: [ app_end ] --END-- [ RunTime:0.000387s ]

[ 2019-09-23T09:10:06+08:00 ] 127.0.0.1 /Goods/index/goods_id/1.html
INFO: [ app_init ] --START--
INFO: Run Behavior\BuildLiteBehavior [ RunTime:0.000005s ]
INFO: [ app_init ] --END-- [ RunTime:0.000199s ]
INFO: [ app_begin ] --START--
INFO: Run Behavior\ReadHtmlCacheBehavior [ RunTime:0.000256s ]
INFO: [ app_begin ] --END-- [ RunTime:0.000273s ]
SQL: SELECT * FROM `jx_category`  [ RunTime:0.0003s ]
NOTIC: [2] Declaration of Admin\Model\GoodsModel::_before_insert(&$data) should be compatible with Think\Model::_before_insert(&$data, $options) D:\phpStudy\PHPTutorial\WWW\jxshop\Application\Admin\Model\GoodsModel.class.php 第 400 行.
NOTIC: [2] Declaration of Admin\Model\GoodsModel::_after_insert($data) should be compatible with Think\Model::_after_insert($data, $options) D:\phpStudy\PHPTutorial\WWW\jxshop\Application\Admin\Model\GoodsModel.class.php 第 400 行.
SQL: SELECT * FROM `jx_goods` WHERE ( is_sale = 1 and id = 1 ) LIMIT 1   [ RunTime:0.0004s ]
SQL: SHOW COLUMNS FROM `jx_goods_img` [ RunTime:0.0057s ]
SQL: SELECT * FROM `jx_goods_img` WHERE ( goods_id = 1 )  [ RunTime:0.0004s ]
SQL: SHOW COLUMNS FROM `jx_goods_attr` [ RunTime:0.0047s ]
SQL: SELECT a.*,b.attr_name,b.attr_type FROM jx_goods_attr a left join jx_attribute as b on a.attr_id = b.id  WHERE ( a.goods_id = 1 )  [ RunTime:0.0003s ]
NOTIC: [2] Declaration of Home\Model\CommentModel::_before_insert(&$data) should be compatible with Think\Model::_before_insert(&$data, $options) D:\phpStudy\PHPTutorial\WWW\jxshop\Application\Home\Model\CommentModel.class.php 第 62 行.
NOTIC: [2] Declaration of Home\Model\CommentModel::_after_insert($data) should be compatible with Think\Model::_after_insert($data, $options) D:\phpStudy\PHPTutorial\WWW\jxshop\Application\Home\Model\CommentModel.class.php 第 62 行.
SQL: SELECT COUNT(*) AS tp_count FROM `jx_comment` WHERE ( goods_id = 1 ) LIMIT 1   [ RunTime:0.0002s ]
SQL: SELECT a.*,b.username FROM jx_comment a left join jx_user as b on a.user_id = b.id  WHERE ( a.goods_id=1 ) LIMIT 0,3   [ RunTime:0.0004s ]
SQL: SHOW COLUMNS FROM `jx_impression` [ RunTime:0.0043s ]
SQL: SELECT * FROM `jx_impression` WHERE ( goods_id =1 ) LIMIT 8   [ RunTime:0.0002s ]
INFO: [ view_parse ] --START--
INFO: [ template_filter ] --START--
INFO: Run Behavior\ContentReplaceBehavior [ RunTime:0.000099s ]
INFO: [ template_filter ] --END-- [ RunTime:0.000120s ]
NOTIC: [8] Undefined variable: goods_addtime D:\phpStudy\PHPTutorial\WWW\jxshop\Application\Runtime\Cache\Home\7b3635392bd764ae088d371efaef15dc.php 第 358 行.
INFO: Run Behavior\ParseTemplateBehavior [ RunTime:0.008776s ]
INFO: [ view_parse ] --END-- [ RunTime:0.008794s ]
INFO: [ view_filter ] --START--
INFO: Run Behavior\WriteHtmlCacheBehavior [ RunTime:0.000181s ]
INFO: [ view_filter ] --END-- [ RunTime:0.000195s ]
INFO: [ app_end ] --START--
INFO: Run Behavior\ShowPageTraceBehavior [ RunTime:0.000489s ]
INFO: [ app_end ] --END-- [ RunTime:0.000511s ]

