[ 2019-09-22T19:21:51+08:00 ] 127.0.0.1 /
INFO: [ app_init ] --START--
INFO: Run Behavior\BuildLiteBehavior [ RunTime:0.000019s ]
INFO: [ app_init ] --END-- [ RunTime:0.001812s ]
INFO: [ app_begin ] --START--
INFO: Run Behavior\ReadHtmlCacheBehavior [ RunTime:0.016575s ]
INFO: [ app_begin ] --END-- [ RunTime:0.016692s ]
SQL: SELECT * FROM `jx_category`  [ RunTime:0.0341s ]
NOTIC: [2] Declaration of Admin\Model\GoodsModel::_before_insert(&$data) should be compatible with Think\Model::_before_insert(&$data, $options) D:\phpStudy\PHPTutorial\WWW\jxshop\Application\Admin\Model\GoodsModel.class.php 第 400 行.
NOTIC: [2] Declaration of Admin\Model\GoodsModel::_after_insert($data) should be compatible with Think\Model::_after_insert($data, $options) D:\phpStudy\PHPTutorial\WWW\jxshop\Application\Admin\Model\GoodsModel.class.php 第 400 行.
SQL: SELECT * FROM `jx_goods` WHERE ( is_sale = 1 and is_hot = 1 ) LIMIT 5   [ RunTime:0.0110s ]
SQL: SELECT * FROM `jx_goods` WHERE ( is_sale = 1 and is_rec = 1 ) LIMIT 5   [ RunTime:0.0007s ]
SQL: SELECT * FROM `jx_goods` WHERE ( is_sale = 1 and is_new = 1 ) LIMIT 5   [ RunTime:0.0007s ]
SQL: SELECT * FROM `jx_goods` WHERE ( is_sale=1 and cx_price>0 and start<1569151311 and end>1569151311 ) LIMIT 5   [ RunTime:0.0008s ]
SQL: SELECT * FROM `jx_category` WHERE ( parent_id = 0 )  [ RunTime:0.0005s ]
SQL: SELECT * FROM `jx_category` WHERE ( parent_id =1 )  [ RunTime:0.0006s ]
SQL: SELECT * FROM `jx_category` WHERE ( isrec=1 and parent_id =1 )  [ RunTime:0.0006s ]
SQL: SELECT * FROM `jx_category`  [ RunTime:0.0005s ]
SQL: SHOW COLUMNS FROM `jx_goods` [ RunTime:0.0133s ]
SQL: SELECT * FROM `jx_goods` WHERE ( is_sale=1 and cate_id in (11,12,2) ) LIMIT 8   [ RunTime:0.0008s ]
SQL: SELECT * FROM `jx_category` WHERE ( parent_id =3 )  [ RunTime:0.0005s ]
SQL: SELECT * FROM `jx_category` WHERE ( isrec=1 and parent_id =3 )  [ RunTime:0.0005s ]
SQL: SELECT * FROM `jx_category`  [ RunTime:0.0005s ]
NOTIC: [8] Undefined variable: tree D:\phpStudy\PHPTutorial\WWW\jxshop\Application\Admin\Model\CategoryModel.class.php 第 20 行.
SQL: SELECT * FROM `jx_goods` WHERE ( is_sale=1 and cate_id in (4) ) LIMIT 8   [ RunTime:0.0006s ]
SQL: SELECT * FROM `jx_category`  [ RunTime:0.0005s ]
NOTIC: [8] Undefined variable: tree D:\phpStudy\PHPTutorial\WWW\jxshop\Application\Admin\Model\CategoryModel.class.php 第 20 行.
SQL: SELECT * FROM `jx_goods` WHERE ( is_sale=1 and cate_id in (5) ) LIMIT 8   [ RunTime:0.0007s ]
SQL: SELECT * FROM `jx_category` WHERE ( parent_id =6 )  [ RunTime:0.0005s ]
SQL: SELECT * FROM `jx_category` WHERE ( isrec=1 and parent_id =6 )  [ RunTime:0.0006s ]
INFO: [ view_parse ] --START--
INFO: [ template_filter ] --START--
INFO: Run Behavior\ContentReplaceBehavior [ RunTime:0.000396s ]
INFO: [ template_filter ] --END-- [ RunTime:0.000466s ]
INFO: Run Behavior\ParseTemplateBehavior [ RunTime:0.138228s ]
INFO: [ view_parse ] --END-- [ RunTime:0.138300s ]
INFO: [ view_filter ] --START--
INFO: Run Behavior\WriteHtmlCacheBehavior [ RunTime:0.001333s ]
INFO: [ view_filter ] --END-- [ RunTime:0.001397s ]
INFO: [ app_end ] --START--
INFO: Run Behavior\ShowPageTraceBehavior [ RunTime:0.001845s ]
INFO: [ app_end ] --END-- [ RunTime:0.001927s ]

[ 2019-09-22T19:21:52+08:00 ] 127.0.0.1 /favicon.ico
INFO: [ app_init ] --START--
INFO: Run Behavior\BuildLiteBehavior [ RunTime:0.000017s ]
INFO: [ app_init ] --END-- [ RunTime:0.000816s ]

[ 2019-09-22T20:29:43+08:00 ] 127.0.0.1 /index.php?m=Home&c=Index&a=index
INFO: [ app_init ] --START--
INFO: Run Behavior\BuildLiteBehavior [ RunTime:0.000007s ]
INFO: [ app_init ] --END-- [ RunTime:0.000327s ]
INFO: [ app_begin ] --START--
INFO: Run Behavior\ReadHtmlCacheBehavior [ RunTime:0.000611s ]
INFO: [ app_begin ] --END-- [ RunTime:0.000655s ]
SQL: SELECT * FROM `jx_category`  [ RunTime:0.0011s ]
NOTIC: [2] Declaration of Admin\Model\GoodsModel::_before_insert(&$data) should be compatible with Think\Model::_before_insert(&$data, $options) D:\phpStudy\PHPTutorial\WWW\jxshop\Application\Admin\Model\GoodsModel.class.php 第 400 行.
NOTIC: [2] Declaration of Admin\Model\GoodsModel::_after_insert($data) should be compatible with Think\Model::_after_insert($data, $options) D:\phpStudy\PHPTutorial\WWW\jxshop\Application\Admin\Model\GoodsModel.class.php 第 400 行.
SQL: SELECT * FROM `jx_goods` WHERE ( is_sale = 1 and is_hot = 1 ) LIMIT 5   [ RunTime:0.0009s ]
SQL: SELECT * FROM `jx_goods` WHERE ( is_sale = 1 and is_rec = 1 ) LIMIT 5   [ RunTime:0.0004s ]
SQL: SELECT * FROM `jx_goods` WHERE ( is_sale = 1 and is_new = 1 ) LIMIT 5   [ RunTime:0.0004s ]
SQL: SELECT * FROM `jx_goods` WHERE ( is_sale=1 and cx_price>0 and start<1569155383 and end>1569155383 ) LIMIT 5   [ RunTime:0.0004s ]
SQL: SELECT * FROM `jx_category` WHERE ( parent_id = 0 )  [ RunTime:0.0003s ]
SQL: SELECT * FROM `jx_category` WHERE ( parent_id =1 )  [ RunTime:0.0003s ]
SQL: SELECT * FROM `jx_category` WHERE ( isrec=1 and parent_id =1 )  [ RunTime:0.0004s ]
SQL: SELECT * FROM `jx_category`  [ RunTime:0.0003s ]
SQL: SHOW COLUMNS FROM `jx_goods` [ RunTime:0.0077s ]
SQL: SELECT * FROM `jx_goods` WHERE ( is_sale=1 and cate_id in (11,12,2) ) LIMIT 8   [ RunTime:0.0005s ]
SQL: SELECT * FROM `jx_category` WHERE ( parent_id =3 )  [ RunTime:0.0003s ]
SQL: SELECT * FROM `jx_category` WHERE ( isrec=1 and parent_id =3 )  [ RunTime:0.0003s ]
SQL: SELECT * FROM `jx_category`  [ RunTime:0.0003s ]
NOTIC: [8] Undefined variable: tree D:\phpStudy\PHPTutorial\WWW\jxshop\Application\Admin\Model\CategoryModel.class.php 第 20 行.
SQL: SELECT * FROM `jx_goods` WHERE ( is_sale=1 and cate_id in (4) ) LIMIT 8   [ RunTime:0.0003s ]
SQL: SELECT * FROM `jx_category`  [ RunTime:0.0003s ]
NOTIC: [8] Undefined variable: tree D:\phpStudy\PHPTutorial\WWW\jxshop\Application\Admin\Model\CategoryModel.class.php 第 20 行.
SQL: SELECT * FROM `jx_goods` WHERE ( is_sale=1 and cate_id in (5) ) LIMIT 8   [ RunTime:0.0003s ]
SQL: SELECT * FROM `jx_category` WHERE ( parent_id =6 )  [ RunTime:0.0003s ]
SQL: SELECT * FROM `jx_category` WHERE ( isrec=1 and parent_id =6 )  [ RunTime:0.0003s ]
INFO: [ view_parse ] --START--
INFO: [ template_filter ] --START--
INFO: Run Behavior\ContentReplaceBehavior [ RunTime:0.000260s ]
INFO: [ template_filter ] --END-- [ RunTime:0.000306s ]
INFO: Run Behavior\ParseTemplateBehavior [ RunTime:0.019480s ]
INFO: [ view_parse ] --END-- [ RunTime:0.019522s ]
INFO: [ view_filter ] --START--
INFO: Run Behavior\WriteHtmlCacheBehavior [ RunTime:0.000416s ]
INFO: [ view_filter ] --END-- [ RunTime:0.000447s ]
INFO: [ app_end ] --START--
INFO: Run Behavior\ShowPageTraceBehavior [ RunTime:0.000685s ]
INFO: [ app_end ] --END-- [ RunTime:0.000728s ]

[ 2019-09-22T20:29:49+08:00 ] 127.0.0.1 /index.php
INFO: [ app_init ] --START--
INFO: Run Behavior\BuildLiteBehavior [ RunTime:0.000007s ]
INFO: [ app_init ] --END-- [ RunTime:0.000417s ]
INFO: [ app_begin ] --START--
INFO: Run Behavior\ReadHtmlCacheBehavior [ RunTime:0.000455s ]
INFO: [ app_begin ] --END-- [ RunTime:0.000496s ]
SQL: SELECT * FROM `jx_category`  [ RunTime:0.0004s ]
NOTIC: [2] Declaration of Admin\Model\GoodsModel::_before_insert(&$data) should be compatible with Think\Model::_before_insert(&$data, $options) D:\phpStudy\PHPTutorial\WWW\jxshop\Application\Admin\Model\GoodsModel.class.php 第 400 行.
NOTIC: [2] Declaration of Admin\Model\GoodsModel::_after_insert($data) should be compatible with Think\Model::_after_insert($data, $options) D:\phpStudy\PHPTutorial\WWW\jxshop\Application\Admin\Model\GoodsModel.class.php 第 400 行.
SQL: SELECT * FROM `jx_goods` WHERE ( is_sale = 1 and is_hot = 1 ) LIMIT 5   [ RunTime:0.0004s ]
SQL: SELECT * FROM `jx_goods` WHERE ( is_sale = 1 and is_rec = 1 ) LIMIT 5   [ RunTime:0.0004s ]
SQL: SELECT * FROM `jx_goods` WHERE ( is_sale = 1 and is_new = 1 ) LIMIT 5   [ RunTime:0.0005s ]
SQL: SELECT * FROM `jx_goods` WHERE ( is_sale=1 and cx_price>0 and start<1569155389 and end>1569155389 ) LIMIT 5   [ RunTime:0.0007s ]
SQL: SELECT * FROM `jx_category` WHERE ( parent_id = 0 )  [ RunTime:0.0005s ]
SQL: SELECT * FROM `jx_category` WHERE ( parent_id =1 )  [ RunTime:0.0003s ]
SQL: SELECT * FROM `jx_category` WHERE ( isrec=1 and parent_id =1 )  [ RunTime:0.0003s ]
SQL: SELECT * FROM `jx_category`  [ RunTime:0.0003s ]
SQL: SHOW COLUMNS FROM `jx_goods` [ RunTime:0.0100s ]
SQL: SELECT * FROM `jx_goods` WHERE ( is_sale=1 and cate_id in (11,12,2) ) LIMIT 8   [ RunTime:0.0009s ]
SQL: SELECT * FROM `jx_category` WHERE ( parent_id =3 )  [ RunTime:0.0007s ]
SQL: SELECT * FROM `jx_category` WHERE ( isrec=1 and parent_id =3 )  [ RunTime:0.0005s ]
SQL: SELECT * FROM `jx_category`  [ RunTime:0.0004s ]
NOTIC: [8] Undefined variable: tree D:\phpStudy\PHPTutorial\WWW\jxshop\Application\Admin\Model\CategoryModel.class.php 第 20 行.
SQL: SELECT * FROM `jx_goods` WHERE ( is_sale=1 and cate_id in (4) ) LIMIT 8   [ RunTime:0.0005s ]
SQL: SELECT * FROM `jx_category`  [ RunTime:0.0006s ]
NOTIC: [8] Undefined variable: tree D:\phpStudy\PHPTutorial\WWW\jxshop\Application\Admin\Model\CategoryModel.class.php 第 20 行.
SQL: SELECT * FROM `jx_goods` WHERE ( is_sale=1 and cate_id in (5) ) LIMIT 8   [ RunTime:0.0006s ]
SQL: SELECT * FROM `jx_category` WHERE ( parent_id =6 )  [ RunTime:0.0004s ]
SQL: SELECT * FROM `jx_category` WHERE ( isrec=1 and parent_id =6 )  [ RunTime:0.0005s ]
INFO: [ view_parse ] --START--
INFO: [ template_filter ] --START--
INFO: Run Behavior\ContentReplaceBehavior [ RunTime:0.000580s ]
INFO: [ template_filter ] --END-- [ RunTime:0.000721s ]
INFO: Run Behavior\ParseTemplateBehavior [ RunTime:0.041192s ]
INFO: [ view_parse ] --END-- [ RunTime:0.041277s ]
INFO: [ view_filter ] --START--
INFO: Run Behavior\WriteHtmlCacheBehavior [ RunTime:0.001626s ]
INFO: [ view_filter ] --END-- [ RunTime:0.001770s ]
INFO: [ app_end ] --START--
INFO: Run Behavior\ShowPageTraceBehavior [ RunTime:0.002057s ]
INFO: [ app_end ] --END-- [ RunTime:0.002227s ]

[ 2019-09-22T23:20:46+08:00 ] ::1 /jxshop/wwwroot/
INFO: [ app_init ] --START--
INFO: Run Behavior\BuildLiteBehavior [ RunTime:0.000009s ]
INFO: [ app_init ] --END-- [ RunTime:0.000505s ]
INFO: [ app_begin ] --START--
INFO: Run Behavior\ReadHtmlCacheBehavior [ RunTime:0.000825s ]
INFO: [ app_begin ] --END-- [ RunTime:0.000896s ]
SQL: SELECT * FROM `jx_category`  [ RunTime:0.0007s ]
NOTIC: [2] Declaration of Admin\Model\GoodsModel::_before_insert(&$data) should be compatible with Think\Model::_before_insert(&$data, $options) D:\phpStudy\PHPTutorial\WWW\jxshop\Application\Admin\Model\GoodsModel.class.php 第 400 行.
NOTIC: [2] Declaration of Admin\Model\GoodsModel::_after_insert($data) should be compatible with Think\Model::_after_insert($data, $options) D:\phpStudy\PHPTutorial\WWW\jxshop\Application\Admin\Model\GoodsModel.class.php 第 400 行.
SQL: SELECT * FROM `jx_goods` WHERE ( is_sale = 1 and is_hot = 1 ) LIMIT 5   [ RunTime:0.0012s ]
SQL: SELECT * FROM `jx_goods` WHERE ( is_sale = 1 and is_rec = 1 ) LIMIT 5   [ RunTime:0.0005s ]
SQL: SELECT * FROM `jx_goods` WHERE ( is_sale = 1 and is_new = 1 ) LIMIT 5   [ RunTime:0.0005s ]
SQL: SELECT * FROM `jx_goods` WHERE ( is_sale=1 and cx_price>0 and start<1569165646 and end>1569165646 ) LIMIT 5   [ RunTime:0.0003s ]
SQL: SELECT * FROM `jx_category` WHERE ( parent_id = 0 )  [ RunTime:0.0002s ]
SQL: SELECT * FROM `jx_category` WHERE ( parent_id =1 )  [ RunTime:0.0002s ]
SQL: SELECT * FROM `jx_category` WHERE ( isrec=1 and parent_id =1 )  [ RunTime:0.0002s ]
SQL: SELECT * FROM `jx_category`  [ RunTime:0.0002s ]
SQL: SHOW COLUMNS FROM `jx_goods` [ RunTime:0.0112s ]
SQL: SELECT * FROM `jx_goods` WHERE ( is_sale=1 and cate_id in (11,12,2) ) LIMIT 8   [ RunTime:0.0003s ]
SQL: SELECT * FROM `jx_category` WHERE ( parent_id =3 )  [ RunTime:0.0002s ]
SQL: SELECT * FROM `jx_category` WHERE ( isrec=1 and parent_id =3 )  [ RunTime:0.0002s ]
SQL: SELECT * FROM `jx_category`  [ RunTime:0.0002s ]
NOTIC: [8] Undefined variable: tree D:\phpStudy\PHPTutorial\WWW\jxshop\Application\Admin\Model\CategoryModel.class.php 第 20 行.
SQL: SELECT * FROM `jx_goods` WHERE ( is_sale=1 and cate_id in (4) ) LIMIT 8   [ RunTime:0.0003s ]
SQL: SELECT * FROM `jx_category`  [ RunTime:0.0003s ]
NOTIC: [8] Undefined variable: tree D:\phpStudy\PHPTutorial\WWW\jxshop\Application\Admin\Model\CategoryModel.class.php 第 20 行.
SQL: SELECT * FROM `jx_goods` WHERE ( is_sale=1 and cate_id in (5) ) LIMIT 8   [ RunTime:0.0004s ]
SQL: SELECT * FROM `jx_category` WHERE ( parent_id =6 )  [ RunTime:0.0003s ]
SQL: SELECT * FROM `jx_category` WHERE ( isrec=1 and parent_id =6 )  [ RunTime:0.0003s ]
INFO: [ view_parse ] --START--
INFO: [ template_filter ] --START--
INFO: Run Behavior\ContentReplaceBehavior [ RunTime:0.000212s ]
INFO: [ template_filter ] --END-- [ RunTime:0.000254s ]
INFO: Run Behavior\ParseTemplateBehavior [ RunTime:0.020111s ]
INFO: [ view_parse ] --END-- [ RunTime:0.020152s ]
INFO: [ view_filter ] --START--
INFO: Run Behavior\WriteHtmlCacheBehavior [ RunTime:0.000548s ]
INFO: [ view_filter ] --END-- [ RunTime:0.000575s ]
INFO: [ app_end ] --START--
INFO: Run Behavior\ShowPageTraceBehavior [ RunTime:0.000759s ]
INFO: [ app_end ] --END-- [ RunTime:0.000800s ]

[ 2019-09-22T23:21:05+08:00 ] 127.0.0.1 /favicon.ico
INFO: [ app_init ] --START--
INFO: Run Behavior\BuildLiteBehavior [ RunTime:0.000010s ]
INFO: [ app_init ] --END-- [ RunTime:0.000638s ]

[ 2019-09-22T23:26:46+08:00 ] 127.0.0.1 /
INFO: [ app_init ] --START--
INFO: Run Behavior\BuildLiteBehavior [ RunTime:0.000026s ]
INFO: [ app_init ] --END-- [ RunTime:0.001491s ]
INFO: [ app_begin ] --START--
INFO: Run Behavior\ReadHtmlCacheBehavior [ RunTime:0.001580s ]
INFO: [ app_begin ] --END-- [ RunTime:0.001668s ]
SQL: SELECT * FROM `jx_category`  [ RunTime:0.0004s ]
NOTIC: [2] Declaration of Admin\Model\GoodsModel::_before_insert(&$data) should be compatible with Think\Model::_before_insert(&$data, $options) D:\phpStudy\PHPTutorial\WWW\jxshop\Application\Admin\Model\GoodsModel.class.php 第 400 行.
NOTIC: [2] Declaration of Admin\Model\GoodsModel::_after_insert($data) should be compatible with Think\Model::_after_insert($data, $options) D:\phpStudy\PHPTutorial\WWW\jxshop\Application\Admin\Model\GoodsModel.class.php 第 400 行.
SQL: SELECT * FROM `jx_goods` WHERE ( is_sale = 1 and is_hot = 1 ) LIMIT 5   [ RunTime:0.0005s ]
SQL: SELECT * FROM `jx_goods` WHERE ( is_sale = 1 and is_rec = 1 ) LIMIT 5   [ RunTime:0.0003s ]
SQL: SELECT * FROM `jx_goods` WHERE ( is_sale = 1 and is_new = 1 ) LIMIT 5   [ RunTime:0.0004s ]
SQL: SELECT * FROM `jx_goods` WHERE ( is_sale=1 and cx_price>0 and start<1569166006 and end>1569166006 ) LIMIT 5   [ RunTime:0.0004s ]
SQL: SELECT * FROM `jx_category` WHERE ( parent_id = 0 )  [ RunTime:0.0002s ]
SQL: SELECT * FROM `jx_category` WHERE ( parent_id =1 )  [ RunTime:0.0002s ]
SQL: SELECT * FROM `jx_category` WHERE ( isrec=1 and parent_id =1 )  [ RunTime:0.0002s ]
SQL: SELECT * FROM `jx_category`  [ RunTime:0.0002s ]
SQL: SHOW COLUMNS FROM `jx_goods` [ RunTime:0.0077s ]
SQL: SELECT * FROM `jx_goods` WHERE ( is_sale=1 and cate_id in (11,12,2) ) LIMIT 8   [ RunTime:0.0005s ]
SQL: SELECT * FROM `jx_category` WHERE ( parent_id =3 )  [ RunTime:0.0003s ]
SQL: SELECT * FROM `jx_category` WHERE ( isrec=1 and parent_id =3 )  [ RunTime:0.0002s ]
SQL: SELECT * FROM `jx_category`  [ RunTime:0.0002s ]
NOTIC: [8] Undefined variable: tree D:\phpStudy\PHPTutorial\WWW\jxshop\Application\Admin\Model\CategoryModel.class.php 第 20 行.
SQL: SELECT * FROM `jx_goods` WHERE ( is_sale=1 and cate_id in (4) ) LIMIT 8   [ RunTime:0.0003s ]
SQL: SELECT * FROM `jx_category`  [ RunTime:0.0002s ]
NOTIC: [8] Undefined variable: tree D:\phpStudy\PHPTutorial\WWW\jxshop\Application\Admin\Model\CategoryModel.class.php 第 20 行.
SQL: SELECT * FROM `jx_goods` WHERE ( is_sale=1 and cate_id in (5) ) LIMIT 8   [ RunTime:0.0005s ]
SQL: SELECT * FROM `jx_category` WHERE ( parent_id =6 )  [ RunTime:0.0004s ]
SQL: SELECT * FROM `jx_category` WHERE ( isrec=1 and parent_id =6 )  [ RunTime:0.0005s ]
INFO: [ view_parse ] --START--
INFO: [ template_filter ] --START--
INFO: Run Behavior\ContentReplaceBehavior [ RunTime:0.000267s ]
INFO: [ template_filter ] --END-- [ RunTime:0.000358s ]
INFO: Run Behavior\ParseTemplateBehavior [ RunTime:0.027151s ]
INFO: [ view_parse ] --END-- [ RunTime:0.027198s ]
INFO: [ view_filter ] --START--
INFO: Run Behavior\WriteHtmlCacheBehavior [ RunTime:0.000613s ]
INFO: [ view_filter ] --END-- [ RunTime:0.000643s ]
INFO: [ app_end ] --START--
INFO: Run Behavior\ShowPageTraceBehavior [ RunTime:0.001510s ]
INFO: [ app_end ] --END-- [ RunTime:0.001596s ]

[ 2019-09-22T23:33:41+08:00 ] 127.0.0.1 /
INFO: [ app_init ] --START--
INFO: Run Behavior\BuildLiteBehavior [ RunTime:0.000008s ]
INFO: [ app_init ] --END-- [ RunTime:0.000455s ]
INFO: [ app_begin ] --START--
INFO: Run Behavior\ReadHtmlCacheBehavior [ RunTime:0.000615s ]
INFO: [ app_begin ] --END-- [ RunTime:0.000655s ]
SQL: SELECT * FROM `jx_category`  [ RunTime:0.0004s ]
NOTIC: [2] Declaration of Admin\Model\GoodsModel::_before_insert(&$data) should be compatible with Think\Model::_before_insert(&$data, $options) D:\phpStudy\PHPTutorial\WWW\jxshop\Application\Admin\Model\GoodsModel.class.php 第 400 行.
NOTIC: [2] Declaration of Admin\Model\GoodsModel::_after_insert($data) should be compatible with Think\Model::_after_insert($data, $options) D:\phpStudy\PHPTutorial\WWW\jxshop\Application\Admin\Model\GoodsModel.class.php 第 400 行.
SQL: SELECT * FROM `jx_goods` WHERE ( is_sale = 1 and is_hot = 1 ) LIMIT 5   [ RunTime:0.0005s ]
SQL: SELECT * FROM `jx_goods` WHERE ( is_sale = 1 and is_rec = 1 ) LIMIT 5   [ RunTime:0.0004s ]
SQL: SELECT * FROM `jx_goods` WHERE ( is_sale = 1 and is_new = 1 ) LIMIT 5   [ RunTime:0.0003s ]
SQL: SELECT * FROM `jx_goods` WHERE ( is_sale=1 and cx_price>0 and start<1569166421 and end>1569166421 ) LIMIT 5   [ RunTime:0.0004s ]
SQL: SELECT * FROM `jx_category` WHERE ( parent_id = 0 )  [ RunTime:0.0004s ]
SQL: SELECT * FROM `jx_category` WHERE ( parent_id =1 )  [ RunTime:0.0003s ]
SQL: SELECT * FROM `jx_category` WHERE ( isrec=1 and parent_id =1 )  [ RunTime:0.0004s ]
SQL: SELECT * FROM `jx_category`  [ RunTime:0.0003s ]
SQL: SHOW COLUMNS FROM `jx_goods` [ RunTime:0.0125s ]
SQL: SELECT * FROM `jx_goods` WHERE ( is_sale=1 and cate_id in (11,12,2) ) LIMIT 8   [ RunTime:0.0004s ]
SQL: SELECT * FROM `jx_category` WHERE ( parent_id =3 )  [ RunTime:0.0003s ]
SQL: SELECT * FROM `jx_category` WHERE ( isrec=1 and parent_id =3 )  [ RunTime:0.0002s ]
SQL: SELECT * FROM `jx_category`  [ RunTime:0.0003s ]
NOTIC: [8] Undefined variable: tree D:\phpStudy\PHPTutorial\WWW\jxshop\Application\Admin\Model\CategoryModel.class.php 第 20 行.
SQL: SELECT * FROM `jx_goods` WHERE ( is_sale=1 and cate_id in (4) ) LIMIT 8   [ RunTime:0.0003s ]
SQL: SELECT * FROM `jx_category`  [ RunTime:0.0003s ]
NOTIC: [8] Undefined variable: tree D:\phpStudy\PHPTutorial\WWW\jxshop\Application\Admin\Model\CategoryModel.class.php 第 20 行.
SQL: SELECT * FROM `jx_goods` WHERE ( is_sale=1 and cate_id in (5) ) LIMIT 8   [ RunTime:0.0004s ]
SQL: SELECT * FROM `jx_category` WHERE ( parent_id =6 )  [ RunTime:0.0002s ]
SQL: SELECT * FROM `jx_category` WHERE ( isrec=1 and parent_id =6 )  [ RunTime:0.0002s ]
INFO: [ view_parse ] --START--
INFO: [ template_filter ] --START--
INFO: Run Behavior\ContentReplaceBehavior [ RunTime:0.000229s ]
INFO: [ template_filter ] --END-- [ RunTime:0.000279s ]
INFO: Run Behavior\ParseTemplateBehavior [ RunTime:0.018795s ]
INFO: [ view_parse ] --END-- [ RunTime:0.018830s ]
INFO: [ view_filter ] --START--
INFO: Run Behavior\WriteHtmlCacheBehavior [ RunTime:0.000395s ]
INFO: [ view_filter ] --END-- [ RunTime:0.000418s ]
INFO: [ app_end ] --START--
INFO: Run Behavior\ShowPageTraceBehavior [ RunTime:0.000690s ]
INFO: [ app_end ] --END-- [ RunTime:0.000725s ]

