[ 2019-09-11T09:08:45+08:00 ] 127.0.0.1 /Admin/Goods/delImg.html
INFO: [ app_begin ] --START--
INFO: Run Behavior\ReadHtmlCacheBehavior [ RunTime:0.000393s ]
INFO: [ app_begin ] --END-- [ RunTime:0.000649s ]

[ 2019-09-11T09:08:45+08:00 ] 127.0.0.1 /Admin/Goods/delImg.html
INFO: [ app_begin ] --START--
INFO: Run Behavior\ReadHtmlCacheBehavior [ RunTime:0.000358s ]
INFO: [ app_begin ] --END-- [ RunTime:0.000728s ]

[ 2019-09-11T09:08:47+08:00 ] 127.0.0.1 /Admin/Goods/delImg.html
INFO: [ app_begin ] --START--
INFO: Run Behavior\ReadHtmlCacheBehavior [ RunTime:0.000342s ]
INFO: [ app_begin ] --END-- [ RunTime:0.000610s ]

[ 2019-09-11T09:08:48+08:00 ] 127.0.0.1 /Admin/Goods/delImg.html
INFO: [ app_begin ] --START--
INFO: Run Behavior\ReadHtmlCacheBehavior [ RunTime:0.000445s ]
INFO: [ app_begin ] --END-- [ RunTime:0.000860s ]

[ 2019-09-11T09:25:50+08:00 ] 127.0.0.1 /Admin/Goods/setNumber/goods_id/2
ERR: 1064:You have an error in your SQL syntax; check the manual that corresponds to your MySQL server version for the right syntax to use near ')' at line 1
 [ SQL语句 ] : UPDATE `jx_goods` SET `goods_number`='100' WHERE ( id =  )

[ 2019-09-11T09:26:27+08:00 ] 127.0.0.1 /Admin/Goods/setNumber/goods_id/2
ERR: 1064:You have an error in your SQL syntax; check the manual that corresponds to your MySQL server version for the right syntax to use near ')' at line 1
 [ SQL语句 ] : UPDATE `jx_goods` SET `goods_number`='100' WHERE ( id =  )

[ 2019-09-11T09:26:29+08:00 ] 127.0.0.1 /Admin/Goods/setNumber/goods_id/2
ERR: 1064:You have an error in your SQL syntax; check the manual that corresponds to your MySQL server version for the right syntax to use near ')' at line 1
 [ SQL语句 ] : UPDATE `jx_goods` SET `goods_number`='100' WHERE ( id =  )

[ 2019-09-11T10:02:38+08:00 ] 127.0.0.1 /Admin/Goods/delImg.html
INFO: [ app_begin ] --START--
INFO: Run Behavior\ReadHtmlCacheBehavior [ RunTime:0.000336s ]
INFO: [ app_begin ] --END-- [ RunTime:0.000602s ]

[ 2019-09-11T10:02:58+08:00 ] 127.0.0.1 /Admin/Goods/delImg.html
INFO: [ app_begin ] --START--
INFO: Run Behavior\ReadHtmlCacheBehavior [ RunTime:0.000471s ]
INFO: [ app_begin ] --END-- [ RunTime:0.000739s ]

[ 2019-09-11T10:03:56+08:00 ] 127.0.0.1 /Admin/Goods/delImg.html
INFO: [ app_begin ] --START--
INFO: Run Behavior\ReadHtmlCacheBehavior [ RunTime:0.000330s ]
INFO: [ app_begin ] --END-- [ RunTime:0.000591s ]

[ 2019-09-11T10:04:32+08:00 ] 127.0.0.1 /Admin/Goods/delImg.html
INFO: [ app_begin ] --START--
INFO: Run Behavior\ReadHtmlCacheBehavior [ RunTime:0.000417s ]
INFO: [ app_begin ] --END-- [ RunTime:0.000686s ]

[ 2019-09-11T10:04:50+08:00 ] 127.0.0.1 /Admin/Goods/delImg.html
INFO: [ app_begin ] --START--
INFO: Run Behavior\ReadHtmlCacheBehavior [ RunTime:0.000818s ]
INFO: [ app_begin ] --END-- [ RunTime:0.001337s ]

[ 2019-09-11T10:05:20+08:00 ] 127.0.0.1 /Admin/Goods/delImg.html
INFO: [ app_begin ] --START--
INFO: Run Behavior\ReadHtmlCacheBehavior [ RunTime:0.000368s ]
INFO: [ app_begin ] --END-- [ RunTime:0.000634s ]
SQL: SHOW COLUMNS FROM `jx_goods_img` [ RunTime:0.0100s ]
SQL: SELECT * FROM `jx_goods_img` WHERE ( id = 2 ) LIMIT 1   [ RunTime:0.0003s ]
SQL: DELETE FROM `jx_goods_img` WHERE ( id = 2 ) [ RunTime:0.0661s ]

[ 2019-09-11T10:06:09+08:00 ] 127.0.0.1 /Admin/Goods/delImg.html
INFO: [ app_begin ] --START--
INFO: Run Behavior\ReadHtmlCacheBehavior [ RunTime:0.000597s ]
INFO: [ app_begin ] --END-- [ RunTime:0.000888s ]
SQL: SHOW COLUMNS FROM `jx_goods_img` [ RunTime:0.0109s ]
SQL: SELECT * FROM `jx_goods_img` WHERE ( id = 3 ) LIMIT 1   [ RunTime:0.0002s ]
SQL: DELETE FROM `jx_goods_img` WHERE ( id = 3 ) [ RunTime:0.0587s ]

[ 2019-09-11T10:08:38+08:00 ] 127.0.0.1 /Admin/Goods/delImg.html
INFO: [ app_begin ] --START--
INFO: Run Behavior\ReadHtmlCacheBehavior [ RunTime:0.000295s ]
INFO: [ app_begin ] --END-- [ RunTime:0.000556s ]
SQL: SHOW COLUMNS FROM `jx_goods_img` [ RunTime:0.0049s ]
SQL: SELECT * FROM `jx_goods_img` WHERE ( id = 4 ) LIMIT 1   [ RunTime:0.0003s ]

[ 2019-09-11T10:08:39+08:00 ] 127.0.0.1 /Admin/Goods/delImg.html
INFO: [ app_begin ] --START--
INFO: Run Behavior\ReadHtmlCacheBehavior [ RunTime:0.000287s ]
INFO: [ app_begin ] --END-- [ RunTime:0.000550s ]
SQL: SHOW COLUMNS FROM `jx_goods_img` [ RunTime:0.0106s ]
SQL: SELECT * FROM `jx_goods_img` WHERE ( id = 4 ) LIMIT 1   [ RunTime:0.0004s ]

[ 2019-09-11T10:08:40+08:00 ] 127.0.0.1 /Admin/Goods/delImg.html
INFO: [ app_begin ] --START--
INFO: Run Behavior\ReadHtmlCacheBehavior [ RunTime:0.000298s ]
INFO: [ app_begin ] --END-- [ RunTime:0.000574s ]
SQL: SHOW COLUMNS FROM `jx_goods_img` [ RunTime:0.0103s ]
SQL: SELECT * FROM `jx_goods_img` WHERE ( id = 4 ) LIMIT 1   [ RunTime:0.0005s ]

[ 2019-09-11T10:08:40+08:00 ] 127.0.0.1 /Admin/Goods/delImg.html
INFO: [ app_begin ] --START--
INFO: Run Behavior\ReadHtmlCacheBehavior [ RunTime:0.000299s ]
INFO: [ app_begin ] --END-- [ RunTime:0.000576s ]
SQL: SHOW COLUMNS FROM `jx_goods_img` [ RunTime:0.0056s ]
SQL: SELECT * FROM `jx_goods_img` WHERE ( id = 4 ) LIMIT 1   [ RunTime:0.0004s ]

[ 2019-09-11T11:35:07+08:00 ] 127.0.0.1 /Admin/Home/index
ERR: 无法加载控制器:Home

[ 2019-09-11T11:50:39+08:00 ] 127.0.0.1 /Admin/Home/index
ERR: 无法加载控制器:Home

