[ 2019-10-08T15:14:13+08:00 ] 127.0.0.1 /Admin/Index/index.html
INFO: [ app_init ] --START--
INFO: Run Behavior\BuildLiteBehavior [ RunTime:0.000028s ]
INFO: [ app_init ] --END-- [ RunTime:0.000379s ]
INFO: [ app_begin ] --START--
INFO: Run Behavior\ReadHtmlCacheBehavior [ RunTime:0.000545s ]
INFO: [ app_begin ] --END-- [ RunTime:0.000570s ]
INFO: [ view_parse ] --START--
INFO: [ template_filter ] --START--
INFO: Run Behavior\ContentReplaceBehavior [ RunTime:0.000019s ]
INFO: [ template_filter ] --END-- [ RunTime:0.000043s ]
INFO: Run Behavior\ParseTemplateBehavior [ RunTime:0.033842s ]
INFO: [ view_parse ] --END-- [ RunTime:0.033872s ]
INFO: [ view_filter ] --START--
INFO: Run Behavior\WriteHtmlCacheBehavior [ RunTime:0.000238s ]
INFO: [ view_filter ] --END-- [ RunTime:0.000252s ]
INFO: [ app_end ] --START--
INFO: Run Behavior\ShowPageTraceBehavior [ RunTime:0.000492s ]
INFO: [ app_end ] --END-- [ RunTime:0.000515s ]

[ 2019-10-08T15:14:13+08:00 ] 127.0.0.1 /Admin/Index/top.html
INFO: [ app_init ] --START--
INFO: Run Behavior\BuildLiteBehavior [ RunTime:0.000004s ]
INFO: [ app_init ] --END-- [ RunTime:0.000221s ]
INFO: [ app_begin ] --START--
INFO: Run Behavior\ReadHtmlCacheBehavior [ RunTime:0.000283s ]
INFO: [ app_begin ] --END-- [ RunTime:0.000300s ]
INFO: [ view_parse ] --START--
INFO: [ template_filter ] --START--
INFO: Run Behavior\ContentReplaceBehavior [ RunTime:0.000023s ]
INFO: [ template_filter ] --END-- [ RunTime:0.000093s ]
INFO: Run Behavior\ParseTemplateBehavior [ RunTime:0.013172s ]
INFO: [ view_parse ] --END-- [ RunTime:0.013250s ]
INFO: [ view_filter ] --START--
INFO: Run Behavior\WriteHtmlCacheBehavior [ RunTime:0.000629s ]
INFO: [ view_filter ] --END-- [ RunTime:0.000656s ]
INFO: [ app_end ] --START--
INFO: Run Behavior\ShowPageTraceBehavior [ RunTime:0.000367s ]
INFO: [ app_end ] --END-- [ RunTime:0.000418s ]

[ 2019-10-08T15:14:13+08:00 ] 127.0.0.1 /Admin/Index/menu.html
INFO: [ app_init ] --START--
INFO: Run Behavior\BuildLiteBehavior [ RunTime:0.000007s ]
INFO: [ app_init ] --END-- [ RunTime:0.000339s ]
INFO: [ app_begin ] --START--
INFO: Run Behavior\ReadHtmlCacheBehavior [ RunTime:0.000580s ]
INFO: [ app_begin ] --END-- [ RunTime:0.000620s ]
INFO: [ view_parse ] --START--
INFO: [ template_filter ] --START--
INFO: Run Behavior\ContentReplaceBehavior [ RunTime:0.000042s ]
INFO: [ template_filter ] --END-- [ RunTime:0.000065s ]
NOTIC: [2] Use of undefined constant module_name - assumed 'module_name' (this will throw an Error in a future version of PHP) D:\phpStudy\PHPTutorial\WWW\jxshop\Application\Runtime\Cache\Admin\4711116eb0e4f69de5996d5f852d801e.php 第 129 行.
NOTIC: [2] Use of undefined constant controller_name - assumed 'controller_name' (this will throw an Error in a future version of PHP) D:\phpStudy\PHPTutorial\WWW\jxshop\Application\Runtime\Cache\Admin\4711116eb0e4f69de5996d5f852d801e.php 第 129 行.
NOTIC: [2] Use of undefined constant action_name - assumed 'action_name' (this will throw an Error in a future version of PHP) D:\phpStudy\PHPTutorial\WWW\jxshop\Application\Runtime\Cache\Admin\4711116eb0e4f69de5996d5f852d801e.php 第 129 行.
NOTIC: [2] Use of undefined constant module_name - assumed 'module_name' (this will throw an Error in a future version of PHP) D:\phpStudy\PHPTutorial\WWW\jxshop\Application\Runtime\Cache\Admin\4711116eb0e4f69de5996d5f852d801e.php 第 129 行.
NOTIC: [2] Use of undefined constant controller_name - assumed 'controller_name' (this will throw an Error in a future version of PHP) D:\phpStudy\PHPTutorial\WWW\jxshop\Application\Runtime\Cache\Admin\4711116eb0e4f69de5996d5f852d801e.php 第 129 行.
NOTIC: [2] Use of undefined constant action_name - assumed 'action_name' (this will throw an Error in a future version of PHP) D:\phpStudy\PHPTutorial\WWW\jxshop\Application\Runtime\Cache\Admin\4711116eb0e4f69de5996d5f852d801e.php 第 129 行.
NOTIC: [2] Use of undefined constant module_name - assumed 'module_name' (this will throw an Error in a future version of PHP) D:\phpStudy\PHPTutorial\WWW\jxshop\Application\Runtime\Cache\Admin\4711116eb0e4f69de5996d5f852d801e.php 第 129 行.
NOTIC: [2] Use of undefined constant controller_name - assumed 'controller_name' (this will throw an Error in a future version of PHP) D:\phpStudy\PHPTutorial\WWW\jxshop\Application\Runtime\Cache\Admin\4711116eb0e4f69de5996d5f852d801e.php 第 129 行.
NOTIC: [2] Use of undefined constant action_name - assumed 'action_name' (this will throw an Error in a future version of PHP) D:\phpStudy\PHPTutorial\WWW\jxshop\Application\Runtime\Cache\Admin\4711116eb0e4f69de5996d5f852d801e.php 第 129 行.
INFO: Run Behavior\ParseTemplateBehavior [ RunTime:0.019104s ]
INFO: [ view_parse ] --END-- [ RunTime:0.019125s ]
INFO: [ view_filter ] --START--
INFO: Run Behavior\WriteHtmlCacheBehavior [ RunTime:0.000266s ]
INFO: [ view_filter ] --END-- [ RunTime:0.000280s ]
INFO: [ app_end ] --START--
INFO: Run Behavior\ShowPageTraceBehavior [ RunTime:0.000645s ]
INFO: [ app_end ] --END-- [ RunTime:0.000695s ]

[ 2019-10-08T15:14:14+08:00 ] 127.0.0.1 /Admin/Index/main.html
INFO: [ app_init ] --START--
INFO: Run Behavior\BuildLiteBehavior [ RunTime:0.000005s ]
INFO: [ app_init ] --END-- [ RunTime:0.000222s ]
INFO: [ app_begin ] --START--
INFO: Run Behavior\ReadHtmlCacheBehavior [ RunTime:0.000273s ]
INFO: [ app_begin ] --END-- [ RunTime:0.000290s ]
INFO: [ view_parse ] --START--
INFO: [ template_filter ] --START--
INFO: Run Behavior\ContentReplaceBehavior [ RunTime:0.000023s ]
INFO: [ template_filter ] --END-- [ RunTime:0.000044s ]
INFO: Run Behavior\ParseTemplateBehavior [ RunTime:0.020417s ]
INFO: [ view_parse ] --END-- [ RunTime:0.020490s ]
INFO: [ view_filter ] --START--
INFO: Run Behavior\WriteHtmlCacheBehavior [ RunTime:0.000425s ]
INFO: [ view_filter ] --END-- [ RunTime:0.000457s ]
INFO: [ app_end ] --START--
INFO: Run Behavior\ShowPageTraceBehavior [ RunTime:0.000772s ]
INFO: [ app_end ] --END-- [ RunTime:0.000789s ]

[ 2019-10-08T15:14:15+08:00 ] 127.0.0.1 /admin/goods/index.html
INFO: [ app_init ] --START--
INFO: Run Behavior\BuildLiteBehavior [ RunTime:0.000005s ]
INFO: [ app_init ] --END-- [ RunTime:0.000259s ]
INFO: [ app_begin ] --START--
INFO: Run Behavior\ReadHtmlCacheBehavior [ RunTime:0.000335s ]
INFO: [ app_begin ] --END-- [ RunTime:0.000365s ]
SQL: SELECT * FROM `jx_category`  [ RunTime:0.0002s ]
NOTIC: [2] Declaration of Admin\Model\GoodsModel::_before_insert(&$data) should be compatible with Think\Model::_before_insert(&$data, $options) D:\phpStudy\PHPTutorial\WWW\jxshop\Application\Admin\Model\GoodsModel.class.php 第 400 行.
NOTIC: [2] Declaration of Admin\Model\GoodsModel::_after_insert($data) should be compatible with Think\Model::_after_insert($data, $options) D:\phpStudy\PHPTutorial\WWW\jxshop\Application\Admin\Model\GoodsModel.class.php 第 400 行.
SQL: SELECT COUNT(*) AS tp_count FROM `jx_goods` WHERE ( isdel=1 ) LIMIT 1   [ RunTime:0.0002s ]
SQL: SELECT * FROM `jx_goods` WHERE ( isdel=1 ) LIMIT 0,5   [ RunTime:0.0003s ]
INFO: [ view_parse ] --START--
INFO: [ template_filter ] --START--
INFO: Run Behavior\ContentReplaceBehavior [ RunTime:0.000058s ]
INFO: [ template_filter ] --END-- [ RunTime:0.000101s ]
NOTIC: [8] Undefined index: cate_id D:\phpStudy\PHPTutorial\WWW\jxshop\Application\Runtime\Cache\Admin\9ce8eac8d2713f300aacb86a396bc850.php 第 28 行.
NOTIC: [8] Undefined index: cate_id D:\phpStudy\PHPTutorial\WWW\jxshop\Application\Runtime\Cache\Admin\9ce8eac8d2713f300aacb86a396bc850.php 第 28 行.
NOTIC: [8] Undefined index: cate_id D:\phpStudy\PHPTutorial\WWW\jxshop\Application\Runtime\Cache\Admin\9ce8eac8d2713f300aacb86a396bc850.php 第 28 行.
NOTIC: [8] Undefined index: cate_id D:\phpStudy\PHPTutorial\WWW\jxshop\Application\Runtime\Cache\Admin\9ce8eac8d2713f300aacb86a396bc850.php 第 28 行.
NOTIC: [8] Undefined index: cate_id D:\phpStudy\PHPTutorial\WWW\jxshop\Application\Runtime\Cache\Admin\9ce8eac8d2713f300aacb86a396bc850.php 第 28 行.
NOTIC: [8] Undefined index: cate_id D:\phpStudy\PHPTutorial\WWW\jxshop\Application\Runtime\Cache\Admin\9ce8eac8d2713f300aacb86a396bc850.php 第 28 行.
NOTIC: [8] Undefined index: cate_id D:\phpStudy\PHPTutorial\WWW\jxshop\Application\Runtime\Cache\Admin\9ce8eac8d2713f300aacb86a396bc850.php 第 28 行.
NOTIC: [8] Undefined index: cate_id D:\phpStudy\PHPTutorial\WWW\jxshop\Application\Runtime\Cache\Admin\9ce8eac8d2713f300aacb86a396bc850.php 第 28 行.
NOTIC: [8] Undefined index: cate_id D:\phpStudy\PHPTutorial\WWW\jxshop\Application\Runtime\Cache\Admin\9ce8eac8d2713f300aacb86a396bc850.php 第 28 行.
NOTIC: [8] Undefined index: cate_id D:\phpStudy\PHPTutorial\WWW\jxshop\Application\Runtime\Cache\Admin\9ce8eac8d2713f300aacb86a396bc850.php 第 28 行.
NOTIC: [8] Undefined index: cate_id D:\phpStudy\PHPTutorial\WWW\jxshop\Application\Runtime\Cache\Admin\9ce8eac8d2713f300aacb86a396bc850.php 第 28 行.
NOTIC: [8] Undefined index: cate_id D:\phpStudy\PHPTutorial\WWW\jxshop\Application\Runtime\Cache\Admin\9ce8eac8d2713f300aacb86a396bc850.php 第 28 行.
NOTIC: [8] Undefined index: intro_type D:\phpStudy\PHPTutorial\WWW\jxshop\Application\Runtime\Cache\Admin\9ce8eac8d2713f300aacb86a396bc850.php 第 34 行.
NOTIC: [2] Use of undefined constant is_rec - assumed 'is_rec' (this will throw an Error in a future version of PHP) D:\phpStudy\PHPTutorial\WWW\jxshop\Application\Runtime\Cache\Admin\9ce8eac8d2713f300aacb86a396bc850.php 第 34 行.
NOTIC: [8] Undefined index: intro_type D:\phpStudy\PHPTutorial\WWW\jxshop\Application\Runtime\Cache\Admin\9ce8eac8d2713f300aacb86a396bc850.php 第 35 行.
NOTIC: [2] Use of undefined constant is_new - assumed 'is_new' (this will throw an Error in a future version of PHP) D:\phpStudy\PHPTutorial\WWW\jxshop\Application\Runtime\Cache\Admin\9ce8eac8d2713f300aacb86a396bc850.php 第 35 行.
NOTIC: [8] Undefined index: intro_type D:\phpStudy\PHPTutorial\WWW\jxshop\Application\Runtime\Cache\Admin\9ce8eac8d2713f300aacb86a396bc850.php 第 36 行.
NOTIC: [2] Use of undefined constant is_hot - assumed 'is_hot' (this will throw an Error in a future version of PHP) D:\phpStudy\PHPTutorial\WWW\jxshop\Application\Runtime\Cache\Admin\9ce8eac8d2713f300aacb86a396bc850.php 第 36 行.
NOTIC: [8] Undefined index: is_sale D:\phpStudy\PHPTutorial\WWW\jxshop\Application\Runtime\Cache\Admin\9ce8eac8d2713f300aacb86a396bc850.php 第 41 行.
NOTIC: [8] Undefined index: is_sale D:\phpStudy\PHPTutorial\WWW\jxshop\Application\Runtime\Cache\Admin\9ce8eac8d2713f300aacb86a396bc850.php 第 42 行.
NOTIC: [8] Undefined index: keyword D:\phpStudy\PHPTutorial\WWW\jxshop\Application\Runtime\Cache\Admin\9ce8eac8d2713f300aacb86a396bc850.php 第 45 行.
INFO: Run Behavior\ParseTemplateBehavior [ RunTime:0.081944s ]
INFO: [ view_parse ] --END-- [ RunTime:0.081962s ]
INFO: [ view_filter ] --START--
INFO: Run Behavior\WriteHtmlCacheBehavior [ RunTime:0.000169s ]
INFO: [ view_filter ] --END-- [ RunTime:0.000181s ]
INFO: [ app_end ] --START--
INFO: Run Behavior\ShowPageTraceBehavior [ RunTime:0.000393s ]
INFO: [ app_end ] --END-- [ RunTime:0.000410s ]

[ 2019-10-08T15:14:20+08:00 ] 127.0.0.1 /admin/goods/add.html
INFO: [ app_init ] --START--
INFO: Run Behavior\BuildLiteBehavior [ RunTime:0.000005s ]
INFO: [ app_init ] --END-- [ RunTime:0.000210s ]
INFO: [ app_begin ] --START--
INFO: Run Behavior\ReadHtmlCacheBehavior [ RunTime:0.000271s ]
INFO: [ app_begin ] --END-- [ RunTime:0.000289s ]
SQL: SELECT * FROM `jx_type`  [ RunTime:0.0004s ]
SQL: SELECT * FROM `jx_category`  [ RunTime:0.0002s ]
INFO: [ view_parse ] --START--
INFO: [ template_filter ] --START--
INFO: Run Behavior\ContentReplaceBehavior [ RunTime:0.000046s ]
INFO: [ template_filter ] --END-- [ RunTime:0.000066s ]
INFO: Run Behavior\ParseTemplateBehavior [ RunTime:0.029844s ]
INFO: [ view_parse ] --END-- [ RunTime:0.029866s ]
INFO: [ view_filter ] --START--
INFO: Run Behavior\WriteHtmlCacheBehavior [ RunTime:0.000179s ]
INFO: [ view_filter ] --END-- [ RunTime:0.000193s ]

[ 2019-10-08T15:14:21+08:00 ] 127.0.0.1 /admin/goods/index.html
INFO: [ app_init ] --START--
INFO: Run Behavior\BuildLiteBehavior [ RunTime:0.000005s ]
INFO: [ app_init ] --END-- [ RunTime:0.000330s ]
INFO: [ app_begin ] --START--
INFO: Run Behavior\ReadHtmlCacheBehavior [ RunTime:0.000260s ]
INFO: [ app_begin ] --END-- [ RunTime:0.000277s ]
SQL: SELECT * FROM `jx_category`  [ RunTime:0.0002s ]
NOTIC: [2] Declaration of Admin\Model\GoodsModel::_before_insert(&$data) should be compatible with Think\Model::_before_insert(&$data, $options) D:\phpStudy\PHPTutorial\WWW\jxshop\Application\Admin\Model\GoodsModel.class.php 第 400 行.
NOTIC: [2] Declaration of Admin\Model\GoodsModel::_after_insert($data) should be compatible with Think\Model::_after_insert($data, $options) D:\phpStudy\PHPTutorial\WWW\jxshop\Application\Admin\Model\GoodsModel.class.php 第 400 行.
SQL: SELECT COUNT(*) AS tp_count FROM `jx_goods` WHERE ( isdel=1 ) LIMIT 1   [ RunTime:0.0002s ]
SQL: SELECT * FROM `jx_goods` WHERE ( isdel=1 ) LIMIT 0,5   [ RunTime:0.0003s ]
INFO: [ view_parse ] --START--
INFO: [ template_filter ] --START--
INFO: Run Behavior\ContentReplaceBehavior [ RunTime:0.000035s ]
INFO: [ template_filter ] --END-- [ RunTime:0.000051s ]
NOTIC: [8] Undefined index: cate_id D:\phpStudy\PHPTutorial\WWW\jxshop\Application\Runtime\Cache\Admin\9ce8eac8d2713f300aacb86a396bc850.php 第 28 行.
NOTIC: [8] Undefined index: cate_id D:\phpStudy\PHPTutorial\WWW\jxshop\Application\Runtime\Cache\Admin\9ce8eac8d2713f300aacb86a396bc850.php 第 28 行.
NOTIC: [8] Undefined index: cate_id D:\phpStudy\PHPTutorial\WWW\jxshop\Application\Runtime\Cache\Admin\9ce8eac8d2713f300aacb86a396bc850.php 第 28 行.
NOTIC: [8] Undefined index: cate_id D:\phpStudy\PHPTutorial\WWW\jxshop\Application\Runtime\Cache\Admin\9ce8eac8d2713f300aacb86a396bc850.php 第 28 行.
NOTIC: [8] Undefined index: cate_id D:\phpStudy\PHPTutorial\WWW\jxshop\Application\Runtime\Cache\Admin\9ce8eac8d2713f300aacb86a396bc850.php 第 28 行.
NOTIC: [8] Undefined index: cate_id D:\phpStudy\PHPTutorial\WWW\jxshop\Application\Runtime\Cache\Admin\9ce8eac8d2713f300aacb86a396bc850.php 第 28 行.
NOTIC: [8] Undefined index: cate_id D:\phpStudy\PHPTutorial\WWW\jxshop\Application\Runtime\Cache\Admin\9ce8eac8d2713f300aacb86a396bc850.php 第 28 行.
NOTIC: [8] Undefined index: cate_id D:\phpStudy\PHPTutorial\WWW\jxshop\Application\Runtime\Cache\Admin\9ce8eac8d2713f300aacb86a396bc850.php 第 28 行.
NOTIC: [8] Undefined index: cate_id D:\phpStudy\PHPTutorial\WWW\jxshop\Application\Runtime\Cache\Admin\9ce8eac8d2713f300aacb86a396bc850.php 第 28 行.
NOTIC: [8] Undefined index: cate_id D:\phpStudy\PHPTutorial\WWW\jxshop\Application\Runtime\Cache\Admin\9ce8eac8d2713f300aacb86a396bc850.php 第 28 行.
NOTIC: [8] Undefined index: cate_id D:\phpStudy\PHPTutorial\WWW\jxshop\Application\Runtime\Cache\Admin\9ce8eac8d2713f300aacb86a396bc850.php 第 28 行.
NOTIC: [8] Undefined index: cate_id D:\phpStudy\PHPTutorial\WWW\jxshop\Application\Runtime\Cache\Admin\9ce8eac8d2713f300aacb86a396bc850.php 第 28 行.
NOTIC: [8] Undefined index: intro_type D:\phpStudy\PHPTutorial\WWW\jxshop\Application\Runtime\Cache\Admin\9ce8eac8d2713f300aacb86a396bc850.php 第 34 行.
NOTIC: [2] Use of undefined constant is_rec - assumed 'is_rec' (this will throw an Error in a future version of PHP) D:\phpStudy\PHPTutorial\WWW\jxshop\Application\Runtime\Cache\Admin\9ce8eac8d2713f300aacb86a396bc850.php 第 34 行.
NOTIC: [8] Undefined index: intro_type D:\phpStudy\PHPTutorial\WWW\jxshop\Application\Runtime\Cache\Admin\9ce8eac8d2713f300aacb86a396bc850.php 第 35 行.
NOTIC: [2] Use of undefined constant is_new - assumed 'is_new' (this will throw an Error in a future version of PHP) D:\phpStudy\PHPTutorial\WWW\jxshop\Application\Runtime\Cache\Admin\9ce8eac8d2713f300aacb86a396bc850.php 第 35 行.
NOTIC: [8] Undefined index: intro_type D:\phpStudy\PHPTutorial\WWW\jxshop\Application\Runtime\Cache\Admin\9ce8eac8d2713f300aacb86a396bc850.php 第 36 行.
NOTIC: [2] Use of undefined constant is_hot - assumed 'is_hot' (this will throw an Error in a future version of PHP) D:\phpStudy\PHPTutorial\WWW\jxshop\Application\Runtime\Cache\Admin\9ce8eac8d2713f300aacb86a396bc850.php 第 36 行.
NOTIC: [8] Undefined index: is_sale D:\phpStudy\PHPTutorial\WWW\jxshop\Application\Runtime\Cache\Admin\9ce8eac8d2713f300aacb86a396bc850.php 第 41 行.
NOTIC: [8] Undefined index: is_sale D:\phpStudy\PHPTutorial\WWW\jxshop\Application\Runtime\Cache\Admin\9ce8eac8d2713f300aacb86a396bc850.php 第 42 行.
NOTIC: [8] Undefined index: keyword D:\phpStudy\PHPTutorial\WWW\jxshop\Application\Runtime\Cache\Admin\9ce8eac8d2713f300aacb86a396bc850.php 第 45 行.
INFO: Run Behavior\ParseTemplateBehavior [ RunTime:0.004608s ]
INFO: [ view_parse ] --END-- [ RunTime:0.004625s ]
INFO: [ view_filter ] --START--
INFO: Run Behavior\WriteHtmlCacheBehavior [ RunTime:0.000199s ]
INFO: [ view_filter ] --END-- [ RunTime:0.000213s ]
INFO: [ app_end ] --START--
INFO: Run Behavior\ShowPageTraceBehavior [ RunTime:0.000339s ]
INFO: [ app_end ] --END-- [ RunTime:0.000356s ]

[ 2019-10-08T15:14:42+08:00 ] 127.0.0.1 /Admin/Index/top.html
INFO: [ app_init ] --START--
INFO: Run Behavior\BuildLiteBehavior [ RunTime:0.000004s ]
INFO: [ app_init ] --END-- [ RunTime:0.000202s ]
INFO: [ app_begin ] --START--
INFO: Run Behavior\ReadHtmlCacheBehavior [ RunTime:0.000252s ]
INFO: [ app_begin ] --END-- [ RunTime:0.000269s ]
INFO: [ view_parse ] --START--
INFO: [ template_filter ] --START--
INFO: Run Behavior\ContentReplaceBehavior [ RunTime:0.000062s ]
INFO: [ template_filter ] --END-- [ RunTime:0.000121s ]
INFO: Run Behavior\ParseTemplateBehavior [ RunTime:0.004198s ]
INFO: [ view_parse ] --END-- [ RunTime:0.004231s ]
INFO: [ view_filter ] --START--
INFO: Run Behavior\WriteHtmlCacheBehavior [ RunTime:0.000390s ]
INFO: [ view_filter ] --END-- [ RunTime:0.000420s ]
INFO: [ app_end ] --START--
INFO: Run Behavior\ShowPageTraceBehavior [ RunTime:0.000343s ]
INFO: [ app_end ] --END-- [ RunTime:0.000359s ]

[ 2019-10-08T15:14:49+08:00 ] 127.0.0.1 /Admin/Login/login.html
INFO: [ app_init ] --START--
INFO: Run Behavior\BuildLiteBehavior [ RunTime:0.000006s ]
INFO: [ app_init ] --END-- [ RunTime:0.000305s ]
INFO: [ app_begin ] --START--
INFO: Run Behavior\ReadHtmlCacheBehavior [ RunTime:0.000322s ]
INFO: [ app_begin ] --END-- [ RunTime:0.000345s ]
INFO: [ view_parse ] --START--
INFO: [ template_filter ] --START--
INFO: Run Behavior\ContentReplaceBehavior [ RunTime:0.000022s ]
INFO: [ template_filter ] --END-- [ RunTime:0.000047s ]
INFO: Run Behavior\ParseTemplateBehavior [ RunTime:0.035325s ]
INFO: [ view_parse ] --END-- [ RunTime:0.035364s ]
INFO: [ view_filter ] --START--
INFO: Run Behavior\WriteHtmlCacheBehavior [ RunTime:0.000248s ]
INFO: [ view_filter ] --END-- [ RunTime:0.000272s ]
INFO: [ app_end ] --START--
INFO: Run Behavior\ShowPageTraceBehavior [ RunTime:0.000453s ]
INFO: [ app_end ] --END-- [ RunTime:0.000478s ]

[ 2019-10-08T15:14:49+08:00 ] 127.0.0.1 /Admin/Login/verify.html
INFO: [ app_init ] --START--
INFO: Run Behavior\BuildLiteBehavior [ RunTime:0.000005s ]
INFO: [ app_init ] --END-- [ RunTime:0.000228s ]
INFO: [ app_begin ] --START--
INFO: Run Behavior\ReadHtmlCacheBehavior [ RunTime:0.000341s ]
INFO: [ app_begin ] --END-- [ RunTime:0.000360s ]
INFO: [ app_end ] --START--
INFO: Run Behavior\ShowPageTraceBehavior [ RunTime:0.000412s ]
INFO: [ app_end ] --END-- [ RunTime:0.000442s ]

[ 2019-10-08T15:14:54+08:00 ] 127.0.0.1 /Admin/Login/index
INFO: [ app_init ] --START--
INFO: Run Behavior\BuildLiteBehavior [ RunTime:0.000006s ]
INFO: [ app_init ] --END-- [ RunTime:0.000552s ]
INFO: [ app_begin ] --START--
INFO: Run Behavior\ReadHtmlCacheBehavior [ RunTime:0.000435s ]
INFO: [ app_begin ] --END-- [ RunTime:0.000478s ]
ERR: 非法操作:index

[ 2019-10-08T15:14:57+08:00 ] 127.0.0.1 /Admin/Login/login.html
INFO: [ app_init ] --START--
INFO: Run Behavior\BuildLiteBehavior [ RunTime:0.000009s ]
INFO: [ app_init ] --END-- [ RunTime:0.000353s ]
INFO: [ app_begin ] --START--
INFO: Run Behavior\ReadHtmlCacheBehavior [ RunTime:0.000555s ]
INFO: [ app_begin ] --END-- [ RunTime:0.000607s ]
INFO: [ view_parse ] --START--
INFO: [ template_filter ] --START--
INFO: Run Behavior\ContentReplaceBehavior [ RunTime:0.000045s ]
INFO: [ template_filter ] --END-- [ RunTime:0.000067s ]
INFO: Run Behavior\ParseTemplateBehavior [ RunTime:0.003185s ]
INFO: [ view_parse ] --END-- [ RunTime:0.003205s ]
INFO: [ view_filter ] --START--
INFO: Run Behavior\WriteHtmlCacheBehavior [ RunTime:0.000158s ]
INFO: [ view_filter ] --END-- [ RunTime:0.000171s ]
INFO: [ app_end ] --START--
INFO: Run Behavior\ShowPageTraceBehavior [ RunTime:0.000302s ]
INFO: [ app_end ] --END-- [ RunTime:0.000319s ]

[ 2019-10-08T15:14:57+08:00 ] 127.0.0.1 /Admin/Login/verify.html
INFO: [ app_init ] --START--
INFO: Run Behavior\BuildLiteBehavior [ RunTime:0.000006s ]
INFO: [ app_init ] --END-- [ RunTime:0.000227s ]
INFO: [ app_begin ] --START--
INFO: Run Behavior\ReadHtmlCacheBehavior [ RunTime:0.000401s ]
INFO: [ app_begin ] --END-- [ RunTime:0.000427s ]
INFO: [ app_end ] --START--
INFO: Run Behavior\ShowPageTraceBehavior [ RunTime:0.000592s ]
INFO: [ app_end ] --END-- [ RunTime:0.000660s ]

[ 2019-10-08T15:15:04+08:00 ] 127.0.0.1 /Admin/Login/login.html
INFO: [ app_init ] --START--
INFO: Run Behavior\BuildLiteBehavior [ RunTime:0.000005s ]
INFO: [ app_init ] --END-- [ RunTime:0.000206s ]
INFO: [ app_begin ] --START--
INFO: Run Behavior\ReadHtmlCacheBehavior [ RunTime:0.000281s ]
INFO: [ app_begin ] --END-- [ RunTime:0.000315s ]
NOTIC: [2] Declaration of Admin\Model\AdminModel::_after_insert($data) should be compatible with Think\Model::_after_insert($data, $options) D:\phpStudy\PHPTutorial\WWW\jxshop\Application\Admin\Model\AdminModel.class.php 第 7 行.
SQL: SELECT * FROM `jx_admin` WHERE ( username = 'admin'  ) LIMIT 1   [ RunTime:0.0004s ]
INFO: [ view_parse ] --START--
INFO: [ template_filter ] --START--
INFO: Run Behavior\ContentReplaceBehavior [ RunTime:0.000016s ]
INFO: [ template_filter ] --END-- [ RunTime:0.000035s ]
INFO: Run Behavior\ParseTemplateBehavior [ RunTime:0.018465s ]
INFO: [ view_parse ] --END-- [ RunTime:0.018531s ]
INFO: [ view_filter ] --START--
INFO: Run Behavior\WriteHtmlCacheBehavior [ RunTime:0.000429s ]
INFO: [ view_filter ] --END-- [ RunTime:0.000488s ]

[ 2019-10-08T15:15:06+08:00 ] 127.0.0.1 /Admin/Login/login.html
INFO: [ app_init ] --START--
INFO: Run Behavior\BuildLiteBehavior [ RunTime:0.000005s ]
INFO: [ app_init ] --END-- [ RunTime:0.000212s ]
INFO: [ app_begin ] --START--
INFO: Run Behavior\ReadHtmlCacheBehavior [ RunTime:0.000446s ]
INFO: [ app_begin ] --END-- [ RunTime:0.000476s ]
INFO: [ view_parse ] --START--
INFO: [ template_filter ] --START--
INFO: Run Behavior\ContentReplaceBehavior [ RunTime:0.000020s ]
INFO: [ template_filter ] --END-- [ RunTime:0.000037s ]
INFO: Run Behavior\ParseTemplateBehavior [ RunTime:0.002662s ]
INFO: [ view_parse ] --END-- [ RunTime:0.002679s ]
INFO: [ view_filter ] --START--
INFO: Run Behavior\WriteHtmlCacheBehavior [ RunTime:0.000153s ]
INFO: [ view_filter ] --END-- [ RunTime:0.000166s ]
INFO: [ app_end ] --START--
INFO: Run Behavior\ShowPageTraceBehavior [ RunTime:0.000289s ]
INFO: [ app_end ] --END-- [ RunTime:0.000305s ]

[ 2019-10-08T15:15:11+08:00 ] 127.0.0.1 /Admin/Login/verify.html?date=1570518911160
INFO: [ app_init ] --START--
INFO: Run Behavior\BuildLiteBehavior [ RunTime:0.000005s ]
INFO: [ app_init ] --END-- [ RunTime:0.000222s ]
INFO: [ app_begin ] --START--
INFO: Run Behavior\ReadHtmlCacheBehavior [ RunTime:0.000261s ]
INFO: [ app_begin ] --END-- [ RunTime:0.000278s ]
INFO: [ app_end ] --START--
INFO: Run Behavior\ShowPageTraceBehavior [ RunTime:0.000292s ]
INFO: [ app_end ] --END-- [ RunTime:0.000309s ]

[ 2019-10-08T15:15:15+08:00 ] 127.0.0.1 /Admin/Login/login.html
INFO: [ app_init ] --START--
INFO: Run Behavior\BuildLiteBehavior [ RunTime:0.000004s ]
INFO: [ app_init ] --END-- [ RunTime:0.000202s ]
INFO: [ app_begin ] --START--
INFO: Run Behavior\ReadHtmlCacheBehavior [ RunTime:0.000272s ]
INFO: [ app_begin ] --END-- [ RunTime:0.000312s ]
NOTIC: [2] Declaration of Admin\Model\AdminModel::_after_insert($data) should be compatible with Think\Model::_after_insert($data, $options) D:\phpStudy\PHPTutorial\WWW\jxshop\Application\Admin\Model\AdminModel.class.php 第 7 行.
SQL: SELECT * FROM `jx_admin` WHERE ( username = 'admin'  ) LIMIT 1   [ RunTime:0.0002s ]
INFO: [ view_parse ] --START--
INFO: [ template_filter ] --START--
INFO: Run Behavior\ContentReplaceBehavior [ RunTime:0.000014s ]
INFO: [ template_filter ] --END-- [ RunTime:0.000032s ]
INFO: Run Behavior\ParseTemplateBehavior [ RunTime:0.002882s ]
INFO: [ view_parse ] --END-- [ RunTime:0.002902s ]
INFO: [ view_filter ] --START--
INFO: Run Behavior\WriteHtmlCacheBehavior [ RunTime:0.000157s ]
INFO: [ view_filter ] --END-- [ RunTime:0.000170s ]
INFO: [ app_end ] --START--
INFO: Run Behavior\ShowPageTraceBehavior [ RunTime:0.000296s ]
INFO: [ app_end ] --END-- [ RunTime:0.000311s ]

[ 2019-10-08T15:15:16+08:00 ] 127.0.0.1 /Admin/Index/index.html
INFO: [ app_init ] --START--
INFO: Run Behavior\BuildLiteBehavior [ RunTime:0.000008s ]
INFO: [ app_init ] --END-- [ RunTime:0.000345s ]
INFO: [ app_begin ] --START--
INFO: Run Behavior\ReadHtmlCacheBehavior [ RunTime:0.000509s ]
INFO: [ app_begin ] --END-- [ RunTime:0.000555s ]
INFO: [ view_parse ] --START--
INFO: [ template_filter ] --START--
INFO: Run Behavior\ContentReplaceBehavior [ RunTime:0.000013s ]
INFO: [ template_filter ] --END-- [ RunTime:0.000035s ]
INFO: Run Behavior\ParseTemplateBehavior [ RunTime:0.003740s ]
INFO: [ view_parse ] --END-- [ RunTime:0.003769s ]
INFO: [ view_filter ] --START--
INFO: Run Behavior\WriteHtmlCacheBehavior [ RunTime:0.000243s ]
INFO: [ view_filter ] --END-- [ RunTime:0.000259s ]
INFO: [ app_end ] --START--
INFO: Run Behavior\ShowPageTraceBehavior [ RunTime:0.000320s ]
INFO: [ app_end ] --END-- [ RunTime:0.000338s ]

[ 2019-10-08T15:15:16+08:00 ] 127.0.0.1 /Admin/Index/top.html
INFO: [ app_init ] --START--
INFO: Run Behavior\BuildLiteBehavior [ RunTime:0.000009s ]
INFO: [ app_init ] --END-- [ RunTime:0.000298s ]
INFO: [ app_begin ] --START--
INFO: Run Behavior\ReadHtmlCacheBehavior [ RunTime:0.000352s ]
INFO: [ app_begin ] --END-- [ RunTime:0.000370s ]
INFO: [ view_parse ] --START--
INFO: [ template_filter ] --START--
INFO: Run Behavior\ContentReplaceBehavior [ RunTime:0.000026s ]
INFO: [ template_filter ] --END-- [ RunTime:0.000065s ]
INFO: Run Behavior\ParseTemplateBehavior [ RunTime:0.003877s ]
INFO: [ view_parse ] --END-- [ RunTime:0.003928s ]
INFO: [ view_filter ] --START--
INFO: Run Behavior\WriteHtmlCacheBehavior [ RunTime:0.000227s ]
INFO: [ view_filter ] --END-- [ RunTime:0.000264s ]
INFO: [ app_end ] --START--
INFO: Run Behavior\ShowPageTraceBehavior [ RunTime:0.000399s ]
INFO: [ app_end ] --END-- [ RunTime:0.000450s ]

[ 2019-10-08T15:15:16+08:00 ] 127.0.0.1 /Admin/Index/menu.html
INFO: [ app_init ] --START--
INFO: Run Behavior\BuildLiteBehavior [ RunTime:0.000005s ]
INFO: [ app_init ] --END-- [ RunTime:0.000264s ]
INFO: [ app_begin ] --START--
INFO: Run Behavior\ReadHtmlCacheBehavior [ RunTime:0.000383s ]
INFO: [ app_begin ] --END-- [ RunTime:0.000403s ]
INFO: [ view_parse ] --START--
INFO: [ template_filter ] --START--
INFO: Run Behavior\ContentReplaceBehavior [ RunTime:0.000061s ]
INFO: [ template_filter ] --END-- [ RunTime:0.000103s ]
NOTIC: [2] Use of undefined constant module_name - assumed 'module_name' (this will throw an Error in a future version of PHP) D:\phpStudy\PHPTutorial\WWW\jxshop\Application\Runtime\Cache\Admin\4711116eb0e4f69de5996d5f852d801e.php 第 129 行.
NOTIC: [2] Use of undefined constant controller_name - assumed 'controller_name' (this will throw an Error in a future version of PHP) D:\phpStudy\PHPTutorial\WWW\jxshop\Application\Runtime\Cache\Admin\4711116eb0e4f69de5996d5f852d801e.php 第 129 行.
NOTIC: [2] Use of undefined constant action_name - assumed 'action_name' (this will throw an Error in a future version of PHP) D:\phpStudy\PHPTutorial\WWW\jxshop\Application\Runtime\Cache\Admin\4711116eb0e4f69de5996d5f852d801e.php 第 129 行.
NOTIC: [2] Use of undefined constant module_name - assumed 'module_name' (this will throw an Error in a future version of PHP) D:\phpStudy\PHPTutorial\WWW\jxshop\Application\Runtime\Cache\Admin\4711116eb0e4f69de5996d5f852d801e.php 第 129 行.
NOTIC: [2] Use of undefined constant controller_name - assumed 'controller_name' (this will throw an Error in a future version of PHP) D:\phpStudy\PHPTutorial\WWW\jxshop\Application\Runtime\Cache\Admin\4711116eb0e4f69de5996d5f852d801e.php 第 129 行.
NOTIC: [2] Use of undefined constant action_name - assumed 'action_name' (this will throw an Error in a future version of PHP) D:\phpStudy\PHPTutorial\WWW\jxshop\Application\Runtime\Cache\Admin\4711116eb0e4f69de5996d5f852d801e.php 第 129 行.
NOTIC: [2] Use of undefined constant module_name - assumed 'module_name' (this will throw an Error in a future version of PHP) D:\phpStudy\PHPTutorial\WWW\jxshop\Application\Runtime\Cache\Admin\4711116eb0e4f69de5996d5f852d801e.php 第 129 行.
NOTIC: [2] Use of undefined constant controller_name - assumed 'controller_name' (this will throw an Error in a future version of PHP) D:\phpStudy\PHPTutorial\WWW\jxshop\Application\Runtime\Cache\Admin\4711116eb0e4f69de5996d5f852d801e.php 第 129 行.
NOTIC: [2] Use of undefined constant action_name - assumed 'action_name' (this will throw an Error in a future version of PHP) D:\phpStudy\PHPTutorial\WWW\jxshop\Application\Runtime\Cache\Admin\4711116eb0e4f69de5996d5f852d801e.php 第 129 行.
NOTIC: [2] Use of undefined constant module_name - assumed 'module_name' (this will throw an Error in a future version of PHP) D:\phpStudy\PHPTutorial\WWW\jxshop\Application\Runtime\Cache\Admin\4711116eb0e4f69de5996d5f852d801e.php 第 129 行.
NOTIC: [2] Use of undefined constant controller_name - assumed 'controller_name' (this will throw an Error in a future version of PHP) D:\phpStudy\PHPTutorial\WWW\jxshop\Application\Runtime\Cache\Admin\4711116eb0e4f69de5996d5f852d801e.php 第 129 行.
NOTIC: [2] Use of undefined constant action_name - assumed 'action_name' (this will throw an Error in a future version of PHP) D:\phpStudy\PHPTutorial\WWW\jxshop\Application\Runtime\Cache\Admin\4711116eb0e4f69de5996d5f852d801e.php 第 129 行.
NOTIC: [2] Use of undefined constant module_name - assumed 'module_name' (this will throw an Error in a future version of PHP) D:\phpStudy\PHPTutorial\WWW\jxshop\Application\Runtime\Cache\Admin\4711116eb0e4f69de5996d5f852d801e.php 第 129 行.
NOTIC: [2] Use of undefined constant controller_name - assumed 'controller_name' (this will throw an Error in a future version of PHP) D:\phpStudy\PHPTutorial\WWW\jxshop\Application\Runtime\Cache\Admin\4711116eb0e4f69de5996d5f852d801e.php 第 129 行.
NOTIC: [2] Use of undefined constant action_name - assumed 'action_name' (this will throw an Error in a future version of PHP) D:\phpStudy\PHPTutorial\WWW\jxshop\Application\Runtime\Cache\Admin\4711116eb0e4f69de5996d5f852d801e.php 第 129 行.
INFO: Run Behavior\ParseTemplateBehavior [ RunTime:0.007079s ]
INFO: [ view_parse ] --END-- [ RunTime:0.007109s ]
INFO: [ view_filter ] --START--
INFO: Run Behavior\WriteHtmlCacheBehavior [ RunTime:0.000453s ]
INFO: [ view_filter ] --END-- [ RunTime:0.000491s ]
INFO: [ app_end ] --START--
INFO: Run Behavior\ShowPageTraceBehavior [ RunTime:0.000556s ]
INFO: [ app_end ] --END-- [ RunTime:0.000585s ]

[ 2019-10-08T15:15:17+08:00 ] 127.0.0.1 /Admin/Index/main.html
INFO: [ app_init ] --START--
INFO: Run Behavior\BuildLiteBehavior [ RunTime:0.000004s ]
INFO: [ app_init ] --END-- [ RunTime:0.000285s ]
INFO: [ app_begin ] --START--
INFO: Run Behavior\ReadHtmlCacheBehavior [ RunTime:0.000259s ]
INFO: [ app_begin ] --END-- [ RunTime:0.000276s ]
INFO: [ view_parse ] --START--
INFO: [ template_filter ] --START--
INFO: Run Behavior\ContentReplaceBehavior [ RunTime:0.000022s ]
INFO: [ template_filter ] --END-- [ RunTime:0.000041s ]
INFO: Run Behavior\ParseTemplateBehavior [ RunTime:0.003073s ]
INFO: [ view_parse ] --END-- [ RunTime:0.003098s ]
INFO: [ view_filter ] --START--
INFO: Run Behavior\WriteHtmlCacheBehavior [ RunTime:0.000148s ]
INFO: [ view_filter ] --END-- [ RunTime:0.000161s ]
INFO: [ app_end ] --START--
INFO: Run Behavior\ShowPageTraceBehavior [ RunTime:0.000331s ]
INFO: [ app_end ] --END-- [ RunTime:0.000348s ]

[ 2019-10-08T15:15:54+08:00 ] 127.0.0.1 /Admin/rule/index.html
INFO: [ app_init ] --START--
INFO: Run Behavior\BuildLiteBehavior [ RunTime:0.000006s ]
INFO: [ app_init ] --END-- [ RunTime:0.000436s ]
INFO: [ app_begin ] --START--
INFO: Run Behavior\ReadHtmlCacheBehavior [ RunTime:0.000354s ]
INFO: [ app_begin ] --END-- [ RunTime:0.000373s ]
SQL: SELECT * FROM `jx_rule`  [ RunTime:0.0004s ]
INFO: [ view_parse ] --START--
INFO: [ template_filter ] --START--
INFO: Run Behavior\ContentReplaceBehavior [ RunTime:0.000033s ]
INFO: [ template_filter ] --END-- [ RunTime:0.000052s ]
INFO: Run Behavior\ParseTemplateBehavior [ RunTime:0.018645s ]
INFO: [ view_parse ] --END-- [ RunTime:0.018670s ]
INFO: [ view_filter ] --START--
INFO: Run Behavior\WriteHtmlCacheBehavior [ RunTime:0.000250s ]
INFO: [ view_filter ] --END-- [ RunTime:0.000265s ]
INFO: [ app_end ] --START--
INFO: Run Behavior\ShowPageTraceBehavior [ RunTime:0.000509s ]
INFO: [ app_end ] --END-- [ RunTime:0.000526s ]

[ 2019-10-08T15:16:04+08:00 ] 127.0.0.1 /Admin/admin/index.html
INFO: [ app_init ] --START--
INFO: Run Behavior\BuildLiteBehavior [ RunTime:0.000005s ]
INFO: [ app_init ] --END-- [ RunTime:0.000334s ]
INFO: [ app_begin ] --START--
INFO: Run Behavior\ReadHtmlCacheBehavior [ RunTime:0.000485s ]
INFO: [ app_begin ] --END-- [ RunTime:0.000528s ]
NOTIC: [2] Declaration of Admin\Model\AdminModel::_after_insert($data) should be compatible with Think\Model::_after_insert($data, $options) D:\phpStudy\PHPTutorial\WWW\jxshop\Application\Admin\Model\AdminModel.class.php 第 7 行.
SQL: SELECT COUNT(*) AS tp_count FROM `jx_admin` LIMIT 1   [ RunTime:0.0003s ]
SQL: SELECT a.*,c.role_name FROM jx_admin a left join jx_admin_role as b on a.id=b.admin_id left join jx_role as c on b.role_id=c.id  LIMIT 0,3   [ RunTime:0.0005s ]
INFO: [ view_parse ] --START--
INFO: [ template_filter ] --START--
INFO: Run Behavior\ContentReplaceBehavior [ RunTime:0.000030s ]
INFO: [ template_filter ] --END-- [ RunTime:0.000049s ]
NOTIC: [8] Undefined variable: cate D:\phpStudy\PHPTutorial\WWW\jxshop\Application\Runtime\Cache\Admin\d7502419773bd6b49a800162e5dc3227.php 第 28 行.
NOTIC: [8] Undefined index: intro_type D:\phpStudy\PHPTutorial\WWW\jxshop\Application\Runtime\Cache\Admin\d7502419773bd6b49a800162e5dc3227.php 第 34 行.
NOTIC: [2] Use of undefined constant is_rec - assumed 'is_rec' (this will throw an Error in a future version of PHP) D:\phpStudy\PHPTutorial\WWW\jxshop\Application\Runtime\Cache\Admin\d7502419773bd6b49a800162e5dc3227.php 第 34 行.
NOTIC: [8] Undefined index: intro_type D:\phpStudy\PHPTutorial\WWW\jxshop\Application\Runtime\Cache\Admin\d7502419773bd6b49a800162e5dc3227.php 第 35 行.
NOTIC: [2] Use of undefined constant is_new - assumed 'is_new' (this will throw an Error in a future version of PHP) D:\phpStudy\PHPTutorial\WWW\jxshop\Application\Runtime\Cache\Admin\d7502419773bd6b49a800162e5dc3227.php 第 35 行.
NOTIC: [8] Undefined index: intro_type D:\phpStudy\PHPTutorial\WWW\jxshop\Application\Runtime\Cache\Admin\d7502419773bd6b49a800162e5dc3227.php 第 36 行.
NOTIC: [2] Use of undefined constant is_hot - assumed 'is_hot' (this will throw an Error in a future version of PHP) D:\phpStudy\PHPTutorial\WWW\jxshop\Application\Runtime\Cache\Admin\d7502419773bd6b49a800162e5dc3227.php 第 36 行.
NOTIC: [8] Undefined index: is_sale D:\phpStudy\PHPTutorial\WWW\jxshop\Application\Runtime\Cache\Admin\d7502419773bd6b49a800162e5dc3227.php 第 41 行.
NOTIC: [8] Undefined index: is_sale D:\phpStudy\PHPTutorial\WWW\jxshop\Application\Runtime\Cache\Admin\d7502419773bd6b49a800162e5dc3227.php 第 42 行.
NOTIC: [8] Undefined index: keyword D:\phpStudy\PHPTutorial\WWW\jxshop\Application\Runtime\Cache\Admin\d7502419773bd6b49a800162e5dc3227.php 第 45 行.
INFO: Run Behavior\ParseTemplateBehavior [ RunTime:0.048351s ]
INFO: [ view_parse ] --END-- [ RunTime:0.048370s ]
INFO: [ view_filter ] --START--
INFO: Run Behavior\WriteHtmlCacheBehavior [ RunTime:0.000192s ]
INFO: [ view_filter ] --END-- [ RunTime:0.000206s ]
INFO: [ app_end ] --START--
INFO: Run Behavior\ShowPageTraceBehavior [ RunTime:0.000318s ]
INFO: [ app_end ] --END-- [ RunTime:0.000335s ]

[ 2019-10-08T15:16:10+08:00 ] 127.0.0.1 /Admin/role/index.html
INFO: [ app_init ] --START--
INFO: Run Behavior\BuildLiteBehavior [ RunTime:0.000004s ]
INFO: [ app_init ] --END-- [ RunTime:0.000247s ]
INFO: [ app_begin ] --START--
INFO: Run Behavior\ReadHtmlCacheBehavior [ RunTime:0.000493s ]
INFO: [ app_begin ] --END-- [ RunTime:0.000511s ]
SQL: SELECT COUNT(*) AS tp_count FROM `jx_role` LIMIT 1   [ RunTime:0.0002s ]
SQL: SELECT * FROM `jx_role` LIMIT 0,3   [ RunTime:0.0002s ]
INFO: [ view_parse ] --START--
INFO: [ template_filter ] --START--
INFO: Run Behavior\ContentReplaceBehavior [ RunTime:0.000028s ]
INFO: [ template_filter ] --END-- [ RunTime:0.000046s ]
NOTIC: [8] Undefined variable: cate D:\phpStudy\PHPTutorial\WWW\jxshop\Application\Runtime\Cache\Admin\fdef49e7338466b488c85ee9c9785a57.php 第 28 行.
NOTIC: [8] Undefined index: intro_type D:\phpStudy\PHPTutorial\WWW\jxshop\Application\Runtime\Cache\Admin\fdef49e7338466b488c85ee9c9785a57.php 第 34 行.
NOTIC: [2] Use of undefined constant is_rec - assumed 'is_rec' (this will throw an Error in a future version of PHP) D:\phpStudy\PHPTutorial\WWW\jxshop\Application\Runtime\Cache\Admin\fdef49e7338466b488c85ee9c9785a57.php 第 34 行.
NOTIC: [8] Undefined index: intro_type D:\phpStudy\PHPTutorial\WWW\jxshop\Application\Runtime\Cache\Admin\fdef49e7338466b488c85ee9c9785a57.php 第 35 行.
NOTIC: [2] Use of undefined constant is_new - assumed 'is_new' (this will throw an Error in a future version of PHP) D:\phpStudy\PHPTutorial\WWW\jxshop\Application\Runtime\Cache\Admin\fdef49e7338466b488c85ee9c9785a57.php 第 35 行.
NOTIC: [8] Undefined index: intro_type D:\phpStudy\PHPTutorial\WWW\jxshop\Application\Runtime\Cache\Admin\fdef49e7338466b488c85ee9c9785a57.php 第 36 行.
NOTIC: [2] Use of undefined constant is_hot - assumed 'is_hot' (this will throw an Error in a future version of PHP) D:\phpStudy\PHPTutorial\WWW\jxshop\Application\Runtime\Cache\Admin\fdef49e7338466b488c85ee9c9785a57.php 第 36 行.
NOTIC: [8] Undefined index: is_sale D:\phpStudy\PHPTutorial\WWW\jxshop\Application\Runtime\Cache\Admin\fdef49e7338466b488c85ee9c9785a57.php 第 41 行.
NOTIC: [8] Undefined index: is_sale D:\phpStudy\PHPTutorial\WWW\jxshop\Application\Runtime\Cache\Admin\fdef49e7338466b488c85ee9c9785a57.php 第 42 行.
NOTIC: [8] Undefined index: keyword D:\phpStudy\PHPTutorial\WWW\jxshop\Application\Runtime\Cache\Admin\fdef49e7338466b488c85ee9c9785a57.php 第 45 行.
INFO: Run Behavior\ParseTemplateBehavior [ RunTime:0.032882s ]
INFO: [ view_parse ] --END-- [ RunTime:0.032907s ]
INFO: [ view_filter ] --START--
INFO: Run Behavior\WriteHtmlCacheBehavior [ RunTime:0.000251s ]
INFO: [ view_filter ] --END-- [ RunTime:0.000266s ]
INFO: [ app_end ] --START--
INFO: Run Behavior\ShowPageTraceBehavior [ RunTime:0.000418s ]
INFO: [ app_end ] --END-- [ RunTime:0.000435s ]

[ 2019-10-08T15:24:15+08:00 ] 127.0.0.1 /admin/role/index
INFO: [ app_init ] --START--
INFO: Run Behavior\BuildLiteBehavior [ RunTime:0.000010s ]
INFO: [ app_init ] --END-- [ RunTime:0.000311s ]
INFO: [ app_begin ] --START--
INFO: Run Behavior\ReadHtmlCacheBehavior [ RunTime:0.000558s ]
INFO: [ app_begin ] --END-- [ RunTime:0.000586s ]
SQL: SELECT COUNT(*) AS tp_count FROM `jx_role` LIMIT 1   [ RunTime:0.0003s ]
SQL: SELECT * FROM `jx_role` LIMIT 0,3   [ RunTime:0.0008s ]
INFO: [ view_parse ] --START--
INFO: [ template_filter ] --START--
INFO: Run Behavior\ContentReplaceBehavior [ RunTime:0.000045s ]
INFO: [ template_filter ] --END-- [ RunTime:0.000074s ]
NOTIC: [8] Undefined variable: cate D:\phpStudy\PHPTutorial\WWW\jxshop\Application\Runtime\Cache\Admin\fdef49e7338466b488c85ee9c9785a57.php 第 28 行.
NOTIC: [8] Undefined index: intro_type D:\phpStudy\PHPTutorial\WWW\jxshop\Application\Runtime\Cache\Admin\fdef49e7338466b488c85ee9c9785a57.php 第 34 行.
NOTIC: [2] Use of undefined constant is_rec - assumed 'is_rec' (this will throw an Error in a future version of PHP) D:\phpStudy\PHPTutorial\WWW\jxshop\Application\Runtime\Cache\Admin\fdef49e7338466b488c85ee9c9785a57.php 第 34 行.
NOTIC: [8] Undefined index: intro_type D:\phpStudy\PHPTutorial\WWW\jxshop\Application\Runtime\Cache\Admin\fdef49e7338466b488c85ee9c9785a57.php 第 35 行.
NOTIC: [2] Use of undefined constant is_new - assumed 'is_new' (this will throw an Error in a future version of PHP) D:\phpStudy\PHPTutorial\WWW\jxshop\Application\Runtime\Cache\Admin\fdef49e7338466b488c85ee9c9785a57.php 第 35 行.
NOTIC: [8] Undefined index: intro_type D:\phpStudy\PHPTutorial\WWW\jxshop\Application\Runtime\Cache\Admin\fdef49e7338466b488c85ee9c9785a57.php 第 36 行.
NOTIC: [2] Use of undefined constant is_hot - assumed 'is_hot' (this will throw an Error in a future version of PHP) D:\phpStudy\PHPTutorial\WWW\jxshop\Application\Runtime\Cache\Admin\fdef49e7338466b488c85ee9c9785a57.php 第 36 行.
NOTIC: [8] Undefined index: is_sale D:\phpStudy\PHPTutorial\WWW\jxshop\Application\Runtime\Cache\Admin\fdef49e7338466b488c85ee9c9785a57.php 第 41 行.
NOTIC: [8] Undefined index: is_sale D:\phpStudy\PHPTutorial\WWW\jxshop\Application\Runtime\Cache\Admin\fdef49e7338466b488c85ee9c9785a57.php 第 42 行.
NOTIC: [8] Undefined index: keyword D:\phpStudy\PHPTutorial\WWW\jxshop\Application\Runtime\Cache\Admin\fdef49e7338466b488c85ee9c9785a57.php 第 45 行.
INFO: Run Behavior\ParseTemplateBehavior [ RunTime:0.009918s ]
INFO: [ view_parse ] --END-- [ RunTime:0.009969s ]
INFO: [ view_filter ] --START--
INFO: Run Behavior\WriteHtmlCacheBehavior [ RunTime:0.000235s ]
INFO: [ view_filter ] --END-- [ RunTime:0.000249s ]
INFO: [ app_end ] --START--
INFO: Run Behavior\ShowPageTraceBehavior [ RunTime:0.000360s ]
INFO: [ app_end ] --END-- [ RunTime:0.000375s ]

[ 2019-10-08T15:24:20+08:00 ] 127.0.0.1 /admin/role/add
INFO: [ app_init ] --START--
INFO: Run Behavior\BuildLiteBehavior [ RunTime:0.000006s ]
INFO: [ app_init ] --END-- [ RunTime:0.000371s ]
INFO: [ app_begin ] --START--
INFO: Run Behavior\ReadHtmlCacheBehavior [ RunTime:0.000377s ]
INFO: [ app_begin ] --END-- [ RunTime:0.000396s ]
INFO: [ view_parse ] --START--
INFO: [ template_filter ] --START--
INFO: Run Behavior\ContentReplaceBehavior [ RunTime:0.000028s ]
INFO: [ template_filter ] --END-- [ RunTime:0.000061s ]
INFO: Run Behavior\ParseTemplateBehavior [ RunTime:0.010736s ]
INFO: [ view_parse ] --END-- [ RunTime:0.010784s ]
INFO: [ view_filter ] --START--
INFO: Run Behavior\WriteHtmlCacheBehavior [ RunTime:0.000182s ]
INFO: [ view_filter ] --END-- [ RunTime:0.000204s ]
INFO: [ app_end ] --START--
INFO: Run Behavior\ShowPageTraceBehavior [ RunTime:0.000383s ]
INFO: [ app_end ] --END-- [ RunTime:0.000403s ]

[ 2019-10-08T15:24:24+08:00 ] 127.0.0.1 /admin/admin/add
INFO: [ app_init ] --START--
INFO: Run Behavior\BuildLiteBehavior [ RunTime:0.000004s ]
INFO: [ app_init ] --END-- [ RunTime:0.000207s ]
INFO: [ app_begin ] --START--
INFO: Run Behavior\ReadHtmlCacheBehavior [ RunTime:0.000274s ]
INFO: [ app_begin ] --END-- [ RunTime:0.000291s ]
SQL: SELECT * FROM `jx_role`  [ RunTime:0.0002s ]
INFO: [ view_parse ] --START--
INFO: [ template_filter ] --START--
INFO: Run Behavior\ContentReplaceBehavior [ RunTime:0.000030s ]
INFO: [ template_filter ] --END-- [ RunTime:0.000098s ]
INFO: Run Behavior\ParseTemplateBehavior [ RunTime:0.047978s ]
INFO: [ view_parse ] --END-- [ RunTime:0.048024s ]
INFO: [ view_filter ] --START--
INFO: Run Behavior\WriteHtmlCacheBehavior [ RunTime:0.000314s ]
INFO: [ view_filter ] --END-- [ RunTime:0.000349s ]
INFO: [ app_end ] --START--
INFO: Run Behavior\ShowPageTraceBehavior [ RunTime:0.000626s ]
INFO: [ app_end ] --END-- [ RunTime:0.000665s ]

